<?xml version="1.0" encoding="UTF-8"?>
<TestRun id="f2495e70-a2d0-4221-9b6c-b7692e848e0c" name="Omar@OMAR-PC 2012-11-21 21:55:13" runUser="Omar-PC\Omar" xmlns="http://microsoft.com/schemas/VisualStudio/TeamTest/2010">
  <TestSettings name="Local" id="eef0e273-97f3-4062-8c3f-615cccc566c4">
    <Description>These are default test settings for a local test run.</Description>
    <Deployment enabled="false" runDeploymentRoot="Omar_OMAR-PC 2012-11-21 21_55_13">
      <DeploymentItem filename="D:\Git\Apriori Source Code\WPFClient\bin\Debug\WPFClient.exe" />
      <DeploymentItem filename="D:\Git\Apriori Source Code\AprioriAlgorithm\bin\Debug\AprioriAlgorithm.dll" />
      <DeploymentItem filename="D:\Git\Apriori Source Code\References\Moq.dll" />
    </Deployment>
    <Execution>
      <TestTypeSpecific />
      <AgentRule name="Execution Agents">
      </AgentRule>
    </Execution>
  </TestSettings>
  <Times creation="2012-11-21T21:55:13.7574037+02:00" queuing="2012-11-21T21:55:14.1024234+02:00" start="2012-11-21T21:55:14.1624269+02:00" finish="2012-11-21T21:55:15.1134813+02:00" />
  <ResultSummary outcome="Completed">
    <Counters total="16" executed="16" passed="16" error="0" failed="0" timeout="0" aborted="0" inconclusive="0" passedButRunAborted="0" notRunnable="0" notExecuted="0" disconnected="0" warning="0" completed="0" inProgress="0" pending="0" />
  </ResultSummary>
  <TestDefinitions>
    <UnitTest name="GenerateCandidate_SingleElementsTest" storage="d:\git\apriori source code\unittests\bin\debug\unittests.dll" id="db1faccf-a701-0d7d-e8da-06f4be234fc3">
      <Execution id="59369d82-6710-4bf5-9321-f1f9afa00ae3" />
      <TestMethod codeBase="D:/Git/Apriori Source Code/UnitTests/bin/Debug/UnitTests.DLL" adapterTypeName="Microsoft.VisualStudio.TestTools.TestTypes.Unit.UnitTestAdapter, Microsoft.VisualStudio.QualityTools.Tips.UnitTest.Adapter, Version=10.0.0.0, Culture=neutral, PublicKeyToken=b03f5f7f11d50a3a" className="UnitTests.AprioriTest, UnitTests, Version=1.0.0.0, Culture=neutral, PublicKeyToken=null" name="GenerateCandidate_SingleElementsTest" />
    </UnitTest>
    <UnitTest name="CheckIsSubsetTest" storage="d:\git\apriori source code\unittests\bin\debug\unittests.dll" id="47355744-f9b3-7ddf-e694-1d993a4aff04">
      <Execution id="17943fea-16f5-4dde-8cea-6f47b44b73ef" />
      <TestMethod codeBase="D:/Git/Apriori Source Code/UnitTests/bin/Debug/UnitTests.DLL" adapterTypeName="Microsoft.VisualStudio.TestTools.TestTypes.Unit.UnitTestAdapter, Microsoft.VisualStudio.QualityTools.Tips.UnitTest.Adapter, Version=10.0.0.0, Culture=neutral, PublicKeyToken=b03f5f7f11d50a3a" className="UnitTests.AprioriTest, UnitTests, Version=1.0.0.0, Culture=neutral, PublicKeyToken=null" name="CheckIsSubsetTest" />
    </UnitTest>
    <UnitTest name="GenerateSubsetsTest" storage="d:\git\apriori source code\unittests\bin\debug\unittests.dll" id="0d9c70f7-77dc-7cc2-5ad5-e6c93da95a85">
      <Execution id="bbcd1442-7858-4d30-988a-c923297ba4ed" />
      <TestMethod codeBase="D:/Git/Apriori Source Code/UnitTests/bin/Debug/UnitTests.DLL" adapterTypeName="Microsoft.VisualStudio.TestTools.TestTypes.Unit.UnitTestAdapter, Microsoft.VisualStudio.QualityTools.Tips.UnitTest.Adapter, Version=10.0.0.0, Culture=neutral, PublicKeyToken=b03f5f7f11d50a3a" className="UnitTests.AprioriTest, UnitTests, Version=1.0.0.0, Culture=neutral, PublicKeyToken=null" name="GenerateSubsetsTest" />
    </UnitTest>
    <UnitTest name="GetL1FrequentItemsTest" storage="d:\git\apriori source code\unittests\bin\debug\unittests.dll" id="d9452e47-f6d3-fd21-14d3-de11b83794de">
      <Execution id="aa7fb793-091c-494a-be05-07f51a9651ec" />
      <TestMethod codeBase="D:/Git/Apriori Source Code/UnitTests/bin/Debug/UnitTests.DLL" adapterTypeName="Microsoft.VisualStudio.TestTools.TestTypes.Unit.UnitTestAdapter, Microsoft.VisualStudio.QualityTools.Tips.UnitTest.Adapter, Version=10.0.0.0, Culture=neutral, PublicKeyToken=b03f5f7f11d50a3a" className="UnitTests.AprioriTest, UnitTests, Version=1.0.0.0, Culture=neutral, PublicKeyToken=null" name="GetL1FrequentItemsTest" />
    </UnitTest>
    <UnitTest name="GenerateCandidate_SameFirstElementTest" storage="d:\git\apriori source code\unittests\bin\debug\unittests.dll" id="7aa91dbc-bf30-d8dc-2e2c-67540148b539">
      <Execution id="958a5fb3-037f-49cc-ab53-df416cd07807" />
      <TestMethod codeBase="D:/Git/Apriori Source Code/UnitTests/bin/Debug/UnitTests.DLL" adapterTypeName="Microsoft.VisualStudio.TestTools.TestTypes.Unit.UnitTestAdapter, Microsoft.VisualStudio.QualityTools.Tips.UnitTest.Adapter, Version=10.0.0.0, Culture=neutral, PublicKeyToken=b03f5f7f11d50a3a" className="UnitTests.AprioriTest, UnitTests, Version=1.0.0.0, Culture=neutral, PublicKeyToken=null" name="GenerateCandidate_SameFirstElementTest" />
    </UnitTest>
    <UnitTest name="GenerateCandidate_DifferentFirstElementTest" storage="d:\git\apriori source code\unittests\bin\debug\unittests.dll" id="3db3f769-84d0-6e9f-d9cf-0f244a128d3e">
      <Execution id="93f760c8-edcb-4786-b65a-26e502e7878d" />
      <TestMethod codeBase="D:/Git/Apriori Source Code/UnitTests/bin/Debug/UnitTests.DLL" adapterTypeName="Microsoft.VisualStudio.TestTools.TestTypes.Unit.UnitTestAdapter, Microsoft.VisualStudio.QualityTools.Tips.UnitTest.Adapter, Version=10.0.0.0, Culture=neutral, PublicKeyToken=b03f5f7f11d50a3a" className="UnitTests.AprioriTest, UnitTests, Version=1.0.0.0, Culture=neutral, PublicKeyToken=null" name="GenerateCandidate_DifferentFirstElementTest" />
    </UnitTest>
    <UnitTest name="GetFrequentItemsTest" storage="d:\git\apriori source code\unittests\bin\debug\unittests.dll" id="b00b8de3-a232-5c13-f763-f9655213c826">
      <Execution id="46ff70cb-da9c-4497-a914-b560c7345a75" />
      <TestMethod codeBase="D:/Git/Apriori Source Code/UnitTests/bin/Debug/UnitTests.DLL" adapterTypeName="Microsoft.VisualStudio.TestTools.TestTypes.Unit.UnitTestAdapter, Microsoft.VisualStudio.QualityTools.Tips.UnitTest.Adapter, Version=10.0.0.0, Culture=neutral, PublicKeyToken=b03f5f7f11d50a3a" className="UnitTests.AprioriTest, UnitTests, Version=1.0.0.0, Culture=neutral, PublicKeyToken=null" name="GetFrequentItemsTest" />
    </UnitTest>
    <UnitTest name="RemoveItemTest" storage="d:\git\apriori source code\unittests\bin\debug\unittests.dll" id="7be207c9-5a2c-bada-4c5d-443cebf103df">
      <Execution id="eb5d30be-effe-4de0-8b3e-f7deca77876e" />
      <TestMethod codeBase="D:/Git/Apriori Source Code/UnitTests/bin/Debug/UnitTests.DLL" adapterTypeName="Microsoft.VisualStudio.TestTools.TestTypes.Unit.UnitTestAdapter, Microsoft.VisualStudio.QualityTools.Tips.UnitTest.Adapter, Version=10.0.0.0, Culture=neutral, PublicKeyToken=b03f5f7f11d50a3a" className="UnitTests.MainViewModelTest, UnitTests, Version=1.0.0.0, Culture=neutral, PublicKeyToken=null" name="RemoveItemTest" />
    </UnitTest>
    <UnitTest name="AddItemTest" storage="d:\git\apriori source code\unittests\bin\debug\unittests.dll" id="3c75c560-2942-0354-6ed8-d83a610cc1b4">
      <Execution id="7b914e3f-f990-4335-877b-aadc88d121eb" />
      <TestMethod codeBase="D:/Git/Apriori Source Code/UnitTests/bin/Debug/UnitTests.DLL" adapterTypeName="Microsoft.VisualStudio.TestTools.TestTypes.Unit.UnitTestAdapter, Microsoft.VisualStudio.QualityTools.Tips.UnitTest.Adapter, Version=10.0.0.0, Culture=neutral, PublicKeyToken=b03f5f7f11d50a3a" className="UnitTests.MainViewModelTest, UnitTests, Version=1.0.0.0, Culture=neutral, PublicKeyToken=null" name="AddItemTest" />
    </UnitTest>
    <UnitTest name="SortTest" storage="d:\git\apriori source code\unittests\bin\debug\unittests.dll" id="d691d167-395e-77cd-bd5c-db1e0eb70640">
      <Execution id="c81f39dc-2b0c-4339-af3a-b098603b31c7" />
      <TestMethod codeBase="D:/Git/Apriori Source Code/UnitTests/bin/Debug/UnitTests.DLL" adapterTypeName="Microsoft.VisualStudio.TestTools.TestTypes.Unit.UnitTestAdapter, Microsoft.VisualStudio.QualityTools.Tips.UnitTest.Adapter, Version=10.0.0.0, Culture=neutral, PublicKeyToken=b03f5f7f11d50a3a" className="UnitTests.SorterTest, UnitTests, Version=1.0.0.0, Culture=neutral, PublicKeyToken=null" name="SortTest" />
    </UnitTest>
    <UnitTest name="ProcessTransactionTest" storage="d:\git\apriori source code\unittests\bin\debug\unittests.dll" id="b342f264-9df3-807c-ce99-6c6e897104ee">
      <Execution id="043557c4-11e3-4bf6-ac92-c3f869902ae3" />
      <TestMethod codeBase="D:/Git/Apriori Source Code/UnitTests/bin/Debug/UnitTests.DLL" adapterTypeName="Microsoft.VisualStudio.TestTools.TestTypes.Unit.UnitTestAdapter, Microsoft.VisualStudio.QualityTools.Tips.UnitTest.Adapter, Version=10.0.0.0, Culture=neutral, PublicKeyToken=b03f5f7f11d50a3a" className="UnitTests.AprioriTest, UnitTests, Version=1.0.0.0, Culture=neutral, PublicKeyToken=null" name="ProcessTransactionTest" />
    </UnitTest>
    <UnitTest name="GenerateCandidatesTest" storage="d:\git\apriori source code\unittests\bin\debug\unittests.dll" id="806e8973-81b6-8790-7470-23437b085dfa">
      <Execution id="26832d85-7530-4208-bcbd-97574fbfc9b1" />
      <TestMethod codeBase="D:/Git/Apriori Source Code/UnitTests/bin/Debug/UnitTests.DLL" adapterTypeName="Microsoft.VisualStudio.TestTools.TestTypes.Unit.UnitTestAdapter, Microsoft.VisualStudio.QualityTools.Tips.UnitTest.Adapter, Version=10.0.0.0, Culture=neutral, PublicKeyToken=b03f5f7f11d50a3a" className="UnitTests.AprioriTest, UnitTests, Version=1.0.0.0, Culture=neutral, PublicKeyToken=null" name="GenerateCandidatesTest" />
    </UnitTest>
    <UnitTest name="GenerateSubsetsRecursiveTest" storage="d:\git\apriori source code\unittests\bin\debug\unittests.dll" id="11e29e37-ee22-7d4c-b79d-dcd1859ee1d8">
      <Execution id="4b44a1c5-0604-4dd5-89ff-ecb7dee5886d" />
      <TestMethod codeBase="D:/Git/Apriori Source Code/UnitTests/bin/Debug/UnitTests.DLL" adapterTypeName="Microsoft.VisualStudio.TestTools.TestTypes.Unit.UnitTestAdapter, Microsoft.VisualStudio.QualityTools.Tips.UnitTest.Adapter, Version=10.0.0.0, Culture=neutral, PublicKeyToken=b03f5f7f11d50a3a" className="UnitTests.AprioriTest, UnitTests, Version=1.0.0.0, Culture=neutral, PublicKeyToken=null" name="GenerateSubsetsRecursiveTest" />
    </UnitTest>
    <UnitTest name="InsertItemTest" storage="d:\git\apriori source code\unittests\bin\debug\unittests.dll" id="ce80328c-f6af-3623-2cba-3bf4c84f0d26">
      <Execution id="2f8921a5-e011-466c-a447-730330199564" />
      <TestMethod codeBase="D:/Git/Apriori Source Code/UnitTests/bin/Debug/UnitTests.DLL" adapterTypeName="Microsoft.VisualStudio.TestTools.TestTypes.Unit.UnitTestAdapter, Microsoft.VisualStudio.QualityTools.Tips.UnitTest.Adapter, Version=10.0.0.0, Culture=neutral, PublicKeyToken=b03f5f7f11d50a3a" className="UnitTests.ObservableSetTest, UnitTests, Version=1.0.0.0, Culture=neutral, PublicKeyToken=null" name="InsertItemTest" />
    </UnitTest>
    <UnitTest name="GetSupportTest" storage="d:\git\apriori source code\unittests\bin\debug\unittests.dll" id="f7f977c7-b1c5-b0a6-f983-8fb2c58ca403">
      <Execution id="f56e19bb-487d-451d-93f7-dd64d64f0f72" />
      <TestMethod codeBase="D:/Git/Apriori Source Code/UnitTests/bin/Debug/UnitTests.DLL" adapterTypeName="Microsoft.VisualStudio.TestTools.TestTypes.Unit.UnitTestAdapter, Microsoft.VisualStudio.QualityTools.Tips.UnitTest.Adapter, Version=10.0.0.0, Culture=neutral, PublicKeyToken=b03f5f7f11d50a3a" className="UnitTests.AprioriTest, UnitTests, Version=1.0.0.0, Culture=neutral, PublicKeyToken=null" name="GetSupportTest" />
    </UnitTest>
    <UnitTest name="RemoveItemInTransactionTest" storage="d:\git\apriori source code\unittests\bin\debug\unittests.dll" id="78da8912-693d-a93a-93ce-8018b63f2936">
      <Execution id="3aa5a7ea-c7de-41fa-8aae-9788364c22d3" />
      <TestMethod codeBase="D:/Git/Apriori Source Code/UnitTests/bin/Debug/UnitTests.DLL" adapterTypeName="Microsoft.VisualStudio.TestTools.TestTypes.Unit.UnitTestAdapter, Microsoft.VisualStudio.QualityTools.Tips.UnitTest.Adapter, Version=10.0.0.0, Culture=neutral, PublicKeyToken=b03f5f7f11d50a3a" className="UnitTests.MainViewModelTest, UnitTests, Version=1.0.0.0, Culture=neutral, PublicKeyToken=null" name="RemoveItemInTransactionTest" />
    </UnitTest>
  </TestDefinitions>
  <TestLists>
    <TestList name="Results Not in a List" id="8c84fa94-04c1-424b-9868-57a2d4851a1d" />
    <TestList name="All Loaded Results" id="19431567-8539-422a-85d7-44ee4e166bda" />
  </TestLists>
  <TestEntries>
    <TestEntry testId="0d9c70f7-77dc-7cc2-5ad5-e6c93da95a85" executionId="bbcd1442-7858-4d30-988a-c923297ba4ed" testListId="8c84fa94-04c1-424b-9868-57a2d4851a1d" />
    <TestEntry testId="11e29e37-ee22-7d4c-b79d-dcd1859ee1d8" executionId="4b44a1c5-0604-4dd5-89ff-ecb7dee5886d" testListId="8c84fa94-04c1-424b-9868-57a2d4851a1d" />
    <TestEntry testId="3c75c560-2942-0354-6ed8-d83a610cc1b4" executionId="7b914e3f-f990-4335-877b-aadc88d121eb" testListId="8c84fa94-04c1-424b-9868-57a2d4851a1d" />
    <TestEntry testId="3db3f769-84d0-6e9f-d9cf-0f244a128d3e" executionId="93f760c8-edcb-4786-b65a-26e502e7878d" testListId="8c84fa94-04c1-424b-9868-57a2d4851a1d" />
    <TestEntry testId="47355744-f9b3-7ddf-e694-1d993a4aff04" executionId="17943fea-16f5-4dde-8cea-6f47b44b73ef" testListId="8c84fa94-04c1-424b-9868-57a2d4851a1d" />
    <TestEntry testId="78da8912-693d-a93a-93ce-8018b63f2936" executionId="3aa5a7ea-c7de-41fa-8aae-9788364c22d3" testListId="8c84fa94-04c1-424b-9868-57a2d4851a1d" />
    <TestEntry testId="7aa91dbc-bf30-d8dc-2e2c-67540148b539" executionId="958a5fb3-037f-49cc-ab53-df416cd07807" testListId="8c84fa94-04c1-424b-9868-57a2d4851a1d" />
    <TestEntry testId="7be207c9-5a2c-bada-4c5d-443cebf103df" executionId="eb5d30be-effe-4de0-8b3e-f7deca77876e" testListId="8c84fa94-04c1-424b-9868-57a2d4851a1d" />
    <TestEntry testId="806e8973-81b6-8790-7470-23437b085dfa" executionId="26832d85-7530-4208-bcbd-97574fbfc9b1" testListId="8c84fa94-04c1-424b-9868-57a2d4851a1d" />
    <TestEntry testId="b00b8de3-a232-5c13-f763-f9655213c826" executionId="46ff70cb-da9c-4497-a914-b560c7345a75" testListId="8c84fa94-04c1-424b-9868-57a2d4851a1d" />
    <TestEntry testId="b342f264-9df3-807c-ce99-6c6e897104ee" executionId="043557c4-11e3-4bf6-ac92-c3f869902ae3" testListId="8c84fa94-04c1-424b-9868-57a2d4851a1d" />
    <TestEntry testId="ce80328c-f6af-3623-2cba-3bf4c84f0d26" executionId="2f8921a5-e011-466c-a447-730330199564" testListId="8c84fa94-04c1-424b-9868-57a2d4851a1d" />
    <TestEntry testId="d691d167-395e-77cd-bd5c-db1e0eb70640" executionId="c81f39dc-2b0c-4339-af3a-b098603b31c7" testListId="8c84fa94-04c1-424b-9868-57a2d4851a1d" />
    <TestEntry testId="d9452e47-f6d3-fd21-14d3-de11b83794de" executionId="aa7fb793-091c-494a-be05-07f51a9651ec" testListId="8c84fa94-04c1-424b-9868-57a2d4851a1d" />
    <TestEntry testId="db1faccf-a701-0d7d-e8da-06f4be234fc3" executionId="59369d82-6710-4bf5-9321-f1f9afa00ae3" testListId="8c84fa94-04c1-424b-9868-57a2d4851a1d" />
    <TestEntry testId="f7f977c7-b1c5-b0a6-f983-8fb2c58ca403" executionId="f56e19bb-487d-451d-93f7-dd64d64f0f72" testListId="8c84fa94-04c1-424b-9868-57a2d4851a1d" />
  </TestEntries>
  <Results>
    <UnitTestResult executionId="bbcd1442-7858-4d30-988a-c923297ba4ed" testId="0d9c70f7-77dc-7cc2-5ad5-e6c93da95a85" testName="GenerateSubsetsTest" computerName="OMAR-PC" duration="00:00:00.0802398" startTime="2012-11-21T21:55:14.1764277+02:00" endTime="2012-11-21T21:55:14.6854568+02:00" testType="13cdc9d9-ddb5-4fa4-a97d-d965ccfc6d4b" outcome="Passed" testListId="8c84fa94-04c1-424b-9868-57a2d4851a1d" relativeResultsDirectory="bbcd1442-7858-4d30-988a-c923297ba4ed">
    </UnitTestResult>
    <UnitTestResult executionId="4b44a1c5-0604-4dd5-89ff-ecb7dee5886d" testId="11e29e37-ee22-7d4c-b79d-dcd1859ee1d8" testName="GenerateSubsetsRecursiveTest" computerName="OMAR-PC" duration="00:00:00.0027520" startTime="2012-11-21T21:55:14.6874569+02:00" endTime="2012-11-21T21:55:14.6944573+02:00" testType="13cdc9d9-ddb5-4fa4-a97d-d965ccfc6d4b" outcome="Passed" testListId="8c84fa94-04c1-424b-9868-57a2d4851a1d" relativeResultsDirectory="4b44a1c5-0604-4dd5-89ff-ecb7dee5886d">
    </UnitTestResult>
    <UnitTestResult executionId="7b914e3f-f990-4335-877b-aadc88d121eb" testId="3c75c560-2942-0354-6ed8-d83a610cc1b4" testName="AddItemTest" computerName="OMAR-PC" duration="00:00:00.2208971" startTime="2012-11-21T21:55:14.6984575+02:00" endTime="2012-11-21T21:55:14.9264706+02:00" testType="13cdc9d9-ddb5-4fa4-a97d-d965ccfc6d4b" outcome="Passed" testListId="8c84fa94-04c1-424b-9868-57a2d4851a1d" relativeResultsDirectory="7b914e3f-f990-4335-877b-aadc88d121eb">
    </UnitTestResult>
    <UnitTestResult executionId="93f760c8-edcb-4786-b65a-26e502e7878d" testId="3db3f769-84d0-6e9f-d9cf-0f244a128d3e" testName="GenerateCandidate_DifferentFirstElementTest" computerName="OMAR-PC" duration="00:00:00.0012399" startTime="2012-11-21T21:55:14.9314709+02:00" endTime="2012-11-21T21:55:14.9394713+02:00" testType="13cdc9d9-ddb5-4fa4-a97d-d965ccfc6d4b" outcome="Passed" testListId="8c84fa94-04c1-424b-9868-57a2d4851a1d" relativeResultsDirectory="93f760c8-edcb-4786-b65a-26e502e7878d">
    </UnitTestResult>
    <UnitTestResult executionId="17943fea-16f5-4dde-8cea-6f47b44b73ef" testId="47355744-f9b3-7ddf-e694-1d993a4aff04" testName="CheckIsSubsetTest" computerName="OMAR-PC" duration="00:00:00.0031647" startTime="2012-11-21T21:55:14.9444716+02:00" endTime="2012-11-21T21:55:14.9504719+02:00" testType="13cdc9d9-ddb5-4fa4-a97d-d965ccfc6d4b" outcome="Passed" testListId="8c84fa94-04c1-424b-9868-57a2d4851a1d" relativeResultsDirectory="17943fea-16f5-4dde-8cea-6f47b44b73ef">
    </UnitTestResult>
    <UnitTestResult executionId="3aa5a7ea-c7de-41fa-8aae-9788364c22d3" testId="78da8912-693d-a93a-93ce-8018b63f2936" testName="RemoveItemInTransactionTest" computerName="OMAR-PC" duration="00:00:00.0046283" startTime="2012-11-21T21:55:14.9594725+02:00" endTime="2012-11-21T21:55:14.9694730+02:00" testType="13cdc9d9-ddb5-4fa4-a97d-d965ccfc6d4b" outcome="Passed" testListId="8c84fa94-04c1-424b-9868-57a2d4851a1d" relativeResultsDirectory="3aa5a7ea-c7de-41fa-8aae-9788364c22d3">
    </UnitTestResult>
    <UnitTestResult executionId="958a5fb3-037f-49cc-ab53-df416cd07807" testId="7aa91dbc-bf30-d8dc-2e2c-67540148b539" testName="GenerateCandidate_SameFirstElementTest" computerName="OMAR-PC" duration="00:00:00.0005258" startTime="2012-11-21T21:55:14.9714731+02:00" endTime="2012-11-21T21:55:14.9774735+02:00" testType="13cdc9d9-ddb5-4fa4-a97d-d965ccfc6d4b" outcome="Passed" testListId="8c84fa94-04c1-424b-9868-57a2d4851a1d" relativeResultsDirectory="958a5fb3-037f-49cc-ab53-df416cd07807">
    </UnitTestResult>
    <UnitTestResult executionId="eb5d30be-effe-4de0-8b3e-f7deca77876e" testId="7be207c9-5a2c-bada-4c5d-443cebf103df" testName="RemoveItemTest" computerName="OMAR-PC" duration="00:00:00.0034904" startTime="2012-11-21T21:55:14.9834738+02:00" endTime="2012-11-21T21:55:14.9924744+02:00" testType="13cdc9d9-ddb5-4fa4-a97d-d965ccfc6d4b" outcome="Passed" testListId="8c84fa94-04c1-424b-9868-57a2d4851a1d" relativeResultsDirectory="eb5d30be-effe-4de0-8b3e-f7deca77876e">
    </UnitTestResult>
    <UnitTestResult executionId="26832d85-7530-4208-bcbd-97574fbfc9b1" testId="806e8973-81b6-8790-7470-23437b085dfa" testName="GenerateCandidatesTest" computerName="OMAR-PC" duration="00:00:00.0167784" startTime="2012-11-21T21:55:14.9944745+02:00" endTime="2012-11-21T21:55:15.0154757+02:00" testType="13cdc9d9-ddb5-4fa4-a97d-d965ccfc6d4b" outcome="Passed" testListId="8c84fa94-04c1-424b-9868-57a2d4851a1d" relativeResultsDirectory="26832d85-7530-4208-bcbd-97574fbfc9b1">
    </UnitTestResult>
    <UnitTestResult executionId="46ff70cb-da9c-4497-a914-b560c7345a75" testId="b00b8de3-a232-5c13-f763-f9655213c826" testName="GetFrequentItemsTest" computerName="OMAR-PC" duration="00:00:00.0087482" startTime="2012-11-21T21:55:15.0174758+02:00" endTime="2012-11-21T21:55:15.0314766+02:00" testType="13cdc9d9-ddb5-4fa4-a97d-d965ccfc6d4b" outcome="Passed" testListId="8c84fa94-04c1-424b-9868-57a2d4851a1d" relativeResultsDirectory="46ff70cb-da9c-4497-a914-b560c7345a75">
    </UnitTestResult>
    <UnitTestResult executionId="043557c4-11e3-4bf6-ac92-c3f869902ae3" testId="b342f264-9df3-807c-ce99-6c6e897104ee" testName="ProcessTransactionTest" computerName="OMAR-PC" duration="00:00:00.0139697" startTime="2012-11-21T21:55:15.0324766+02:00" endTime="2012-11-21T21:55:15.0494776+02:00" testType="13cdc9d9-ddb5-4fa4-a97d-d965ccfc6d4b" outcome="Passed" testListId="8c84fa94-04c1-424b-9868-57a2d4851a1d" relativeResultsDirectory="043557c4-11e3-4bf6-ac92-c3f869902ae3">
    </UnitTestResult>
    <UnitTestResult executionId="2f8921a5-e011-466c-a447-730330199564" testId="ce80328c-f6af-3623-2cba-3bf4c84f0d26" testName="InsertItemTest" computerName="OMAR-PC" duration="00:00:00.0006509" startTime="2012-11-21T21:55:15.0514777+02:00" endTime="2012-11-21T21:55:15.0554780+02:00" testType="13cdc9d9-ddb5-4fa4-a97d-d965ccfc6d4b" outcome="Passed" testListId="8c84fa94-04c1-424b-9868-57a2d4851a1d" relativeResultsDirectory="2f8921a5-e011-466c-a447-730330199564">
    </UnitTestResult>
    <UnitTestResult executionId="c81f39dc-2b0c-4339-af3a-b098603b31c7" testId="d691d167-395e-77cd-bd5c-db1e0eb70640" testName="SortTest" computerName="OMAR-PC" duration="00:00:00.0004373" startTime="2012-11-21T21:55:15.0584781+02:00" endTime="2012-11-21T21:55:15.0614783+02:00" testType="13cdc9d9-ddb5-4fa4-a97d-d965ccfc6d4b" outcome="Passed" testListId="8c84fa94-04c1-424b-9868-57a2d4851a1d" relativeResultsDirectory="c81f39dc-2b0c-4339-af3a-b098603b31c7">
    </UnitTestResult>
    <UnitTestResult executionId="aa7fb793-091c-494a-be05-07f51a9651ec" testId="d9452e47-f6d3-fd21-14d3-de11b83794de" testName="GetL1FrequentItemsTest" computerName="OMAR-PC" duration="00:00:00.0013750" startTime="2012-11-21T21:55:15.0634784+02:00" endTime="2012-11-21T21:55:15.0684787+02:00" testType="13cdc9d9-ddb5-4fa4-a97d-d965ccfc6d4b" outcome="Passed" testListId="8c84fa94-04c1-424b-9868-57a2d4851a1d" relativeResultsDirectory="aa7fb793-091c-494a-be05-07f51a9651ec">
    </UnitTestResult>
    <UnitTestResult executionId="59369d82-6710-4bf5-9321-f1f9afa00ae3" testId="db1faccf-a701-0d7d-e8da-06f4be234fc3" testName="GenerateCandidate_SingleElementsTest" computerName="OMAR-PC" duration="00:00:00.0004804" startTime="2012-11-21T21:55:15.0704788+02:00" endTime="2012-11-21T21:55:15.0764792+02:00" testType="13cdc9d9-ddb5-4fa4-a97d-d965ccfc6d4b" outcome="Passed" testListId="8c84fa94-04c1-424b-9868-57a2d4851a1d" relativeResultsDirectory="59369d82-6710-4bf5-9321-f1f9afa00ae3">
    </UnitTestResult>
    <UnitTestResult executionId="f56e19bb-487d-451d-93f7-dd64d64f0f72" testId="f7f977c7-b1c5-b0a6-f983-8fb2c58ca403" testName="GetSupportTest" computerName="OMAR-PC" duration="00:00:00.0009177" startTime="2012-11-21T21:55:15.0794793+02:00" endTime="2012-11-21T21:55:15.0834796+02:00" testType="13cdc9d9-ddb5-4fa4-a97d-d965ccfc6d4b" outcome="Passed" testListId="8c84fa94-04c1-424b-9868-57a2d4851a1d" relativeResultsDirectory="f56e19bb-487d-451d-93f7-dd64d64f0f72">
    </UnitTestResult>
  </Results>
</TestRun>