<?xml version="1.0" encoding="UTF-8"?>
<TestRun id="d31869e0-5ea4-4055-972b-3a9858a5eeac" name="Omar@OMAR-PC 2012-08-10 00:20:01" runUser="Omar-PC\Omar" xmlns="http://microsoft.com/schemas/VisualStudio/TeamTest/2010">
  <TestSettings name="Local" id="eef0e273-97f3-4062-8c3f-615cccc566c4">
    <Description>These are default test settings for a local test run.</Description>
    <Deployment enabled="false" runDeploymentRoot="Omar_OMAR-PC 2012-08-10 00_20_01">
      <DeploymentItem filename="C:\Users\Omar\Desktop\Git\Apriori Source Code\AprioriAlgorithm\bin\Debug\AprioriAlgorithm.dll" />
    </Deployment>
    <Execution>
      <TestTypeSpecific />
      <AgentRule name="Execution Agents">
      </AgentRule>
    </Execution>
  </TestSettings>
  <Times creation="2012-08-10T00:20:01.8375266+02:00" queuing="2012-08-10T00:20:01.9175312+02:00" start="2012-08-10T00:20:01.9495330+02:00" finish="2012-08-10T00:20:02.6135710+02:00" />
  <ResultSummary outcome="Completed">
    <Counters total="9" executed="9" passed="9" error="0" failed="0" timeout="0" aborted="0" inconclusive="0" passedButRunAborted="0" notRunnable="0" notExecuted="0" disconnected="0" warning="0" completed="0" inProgress="0" pending="0" />
  </ResultSummary>
  <TestDefinitions>
    <UnitTest name="GetCandidateTest" storage="c:\users\omar\desktop\git\apriori source code\unittests\bin\debug\unittests.dll" id="e4f2ff6e-dd05-b4c0-2739-5d9cbc7a2773">
      <Execution id="2f0aabdb-4a03-4f48-a040-91c8fe006390" />
      <TestMethod codeBase="C:/Users/Omar/Desktop/Git/Apriori Source Code/UnitTests/bin/Debug/UnitTests.DLL" adapterTypeName="Microsoft.VisualStudio.TestTools.TestTypes.Unit.UnitTestAdapter, Microsoft.VisualStudio.QualityTools.Tips.UnitTest.Adapter, Version=10.0.0.0, Culture=neutral, PublicKeyToken=b03f5f7f11d50a3a" className="UnitTests.AprioriTest, UnitTests, Version=1.0.0.0, Culture=neutral, PublicKeyToken=null" name="GetCandidateTest" />
    </UnitTest>
    <UnitTest name="CheckIsSubsetTest" storage="c:\users\omar\desktop\git\apriori source code\unittests\bin\debug\unittests.dll" id="47355744-f9b3-7ddf-e694-1d993a4aff04">
      <Execution id="5e33419f-8e09-4c02-9268-21b6d9e8929f" />
      <TestMethod codeBase="C:/Users/Omar/Desktop/Git/Apriori Source Code/UnitTests/bin/Debug/UnitTests.DLL" adapterTypeName="Microsoft.VisualStudio.TestTools.TestTypes.Unit.UnitTestAdapter, Microsoft.VisualStudio.QualityTools.Tips.UnitTest.Adapter, Version=10.0.0.0, Culture=neutral, PublicKeyToken=b03f5f7f11d50a3a" className="UnitTests.AprioriTest, UnitTests, Version=1.0.0.0, Culture=neutral, PublicKeyToken=null" name="CheckIsSubsetTest" />
    </UnitTest>
    <UnitTest name="GetL1FrequentItemsTest" storage="c:\users\omar\desktop\git\apriori source code\unittests\bin\debug\unittests.dll" id="d9452e47-f6d3-fd21-14d3-de11b83794de">
      <Execution id="bc563d96-bdd1-44cc-a97f-8665b15925ca" />
      <TestMethod codeBase="C:/Users/Omar/Desktop/Git/Apriori Source Code/UnitTests/bin/Debug/UnitTests.DLL" adapterTypeName="Microsoft.VisualStudio.TestTools.TestTypes.Unit.UnitTestAdapter, Microsoft.VisualStudio.QualityTools.Tips.UnitTest.Adapter, Version=10.0.0.0, Culture=neutral, PublicKeyToken=b03f5f7f11d50a3a" className="UnitTests.AprioriTest, UnitTests, Version=1.0.0.0, Culture=neutral, PublicKeyToken=null" name="GetL1FrequentItemsTest" />
    </UnitTest>
    <UnitTest name="AlphabetizeTest" storage="c:\users\omar\desktop\git\apriori source code\unittests\bin\debug\unittests.dll" id="1411a112-5b25-a54f-81fc-f83f3e3937d7">
      <Execution id="23422d21-0dcb-4f8d-b3c3-a25e4e96a5fa" />
      <TestMethod codeBase="C:/Users/Omar/Desktop/Git/Apriori Source Code/UnitTests/bin/Debug/UnitTests.DLL" adapterTypeName="Microsoft.VisualStudio.TestTools.TestTypes.Unit.UnitTestAdapter, Microsoft.VisualStudio.QualityTools.Tips.UnitTest.Adapter, Version=10.0.0.0, Culture=neutral, PublicKeyToken=b03f5f7f11d50a3a" className="UnitTests.AprioriTest, UnitTests, Version=1.0.0.0, Culture=neutral, PublicKeyToken=null" name="AlphabetizeTest" />
    </UnitTest>
    <UnitTest name="GetClosedItemSetsTest" storage="c:\users\omar\desktop\git\apriori source code\unittests\bin\debug\unittests.dll" id="17bf79b4-236d-d269-5b3d-997cf67f36b3">
      <Execution id="540e2b02-32b6-4fb0-a352-d4ed785ea34e" />
      <TestMethod codeBase="C:/Users/Omar/Desktop/Git/Apriori Source Code/UnitTests/bin/Debug/UnitTests.DLL" adapterTypeName="Microsoft.VisualStudio.TestTools.TestTypes.Unit.UnitTestAdapter, Microsoft.VisualStudio.QualityTools.Tips.UnitTest.Adapter, Version=10.0.0.0, Culture=neutral, PublicKeyToken=b03f5f7f11d50a3a" className="UnitTests.AprioriTest, UnitTests, Version=1.0.0.0, Culture=neutral, PublicKeyToken=null" name="GetClosedItemSetsTest" />
    </UnitTest>
    <UnitTest name="GetFrequentItemsTest" storage="c:\users\omar\desktop\git\apriori source code\unittests\bin\debug\unittests.dll" id="b00b8de3-a232-5c13-f763-f9655213c826">
      <Execution id="bfd168ae-f26a-4ffc-af8a-6e93054fa1d1" />
      <TestMethod codeBase="C:/Users/Omar/Desktop/Git/Apriori Source Code/UnitTests/bin/Debug/UnitTests.DLL" adapterTypeName="Microsoft.VisualStudio.TestTools.TestTypes.Unit.UnitTestAdapter, Microsoft.VisualStudio.QualityTools.Tips.UnitTest.Adapter, Version=10.0.0.0, Culture=neutral, PublicKeyToken=b03f5f7f11d50a3a" className="UnitTests.AprioriTest, UnitTests, Version=1.0.0.0, Culture=neutral, PublicKeyToken=null" name="GetFrequentItemsTest" />
    </UnitTest>
    <UnitTest name="GetSupportTest" storage="c:\users\omar\desktop\git\apriori source code\unittests\bin\debug\unittests.dll" id="f7f977c7-b1c5-b0a6-f983-8fb2c58ca403">
      <Execution id="6edb0d8a-560e-482e-a760-2b48c94def37" />
      <TestMethod codeBase="C:/Users/Omar/Desktop/Git/Apriori Source Code/UnitTests/bin/Debug/UnitTests.DLL" adapterTypeName="Microsoft.VisualStudio.TestTools.TestTypes.Unit.UnitTestAdapter, Microsoft.VisualStudio.QualityTools.Tips.UnitTest.Adapter, Version=10.0.0.0, Culture=neutral, PublicKeyToken=b03f5f7f11d50a3a" className="UnitTests.AprioriTest, UnitTests, Version=1.0.0.0, Culture=neutral, PublicKeyToken=null" name="GetSupportTest" />
    </UnitTest>
    <UnitTest name="SolveTest" storage="c:\users\omar\desktop\git\apriori source code\unittests\bin\debug\unittests.dll" id="9df1575e-a82a-a791-2d6a-6724eae7cc43">
      <Execution id="c0bbb40a-abe6-4800-a959-06384a6eb78c" />
      <TestMethod codeBase="C:/Users/Omar/Desktop/Git/Apriori Source Code/UnitTests/bin/Debug/UnitTests.DLL" adapterTypeName="Microsoft.VisualStudio.TestTools.TestTypes.Unit.UnitTestAdapter, Microsoft.VisualStudio.QualityTools.Tips.UnitTest.Adapter, Version=10.0.0.0, Culture=neutral, PublicKeyToken=b03f5f7f11d50a3a" className="UnitTests.AprioriTest, UnitTests, Version=1.0.0.0, Culture=neutral, PublicKeyToken=null" name="SolveTest" />
    </UnitTest>
    <UnitTest name="GenerateCandidatesTest" storage="c:\users\omar\desktop\git\apriori source code\unittests\bin\debug\unittests.dll" id="806e8973-81b6-8790-7470-23437b085dfa">
      <Execution id="6aea5e76-13be-4e21-8902-6098bb737d44" />
      <TestMethod codeBase="C:/Users/Omar/Desktop/Git/Apriori Source Code/UnitTests/bin/Debug/UnitTests.DLL" adapterTypeName="Microsoft.VisualStudio.TestTools.TestTypes.Unit.UnitTestAdapter, Microsoft.VisualStudio.QualityTools.Tips.UnitTest.Adapter, Version=10.0.0.0, Culture=neutral, PublicKeyToken=b03f5f7f11d50a3a" className="UnitTests.AprioriTest, UnitTests, Version=1.0.0.0, Culture=neutral, PublicKeyToken=null" name="GenerateCandidatesTest" />
    </UnitTest>
  </TestDefinitions>
  <TestLists>
    <TestList name="Results Not in a List" id="8c84fa94-04c1-424b-9868-57a2d4851a1d" />
    <TestList name="All Loaded Results" id="19431567-8539-422a-85d7-44ee4e166bda" />
  </TestLists>
  <TestEntries>
    <TestEntry testId="1411a112-5b25-a54f-81fc-f83f3e3937d7" executionId="23422d21-0dcb-4f8d-b3c3-a25e4e96a5fa" testListId="8c84fa94-04c1-424b-9868-57a2d4851a1d" />
    <TestEntry testId="17bf79b4-236d-d269-5b3d-997cf67f36b3" executionId="540e2b02-32b6-4fb0-a352-d4ed785ea34e" testListId="8c84fa94-04c1-424b-9868-57a2d4851a1d" />
    <TestEntry testId="47355744-f9b3-7ddf-e694-1d993a4aff04" executionId="5e33419f-8e09-4c02-9268-21b6d9e8929f" testListId="8c84fa94-04c1-424b-9868-57a2d4851a1d" />
    <TestEntry testId="806e8973-81b6-8790-7470-23437b085dfa" executionId="6aea5e76-13be-4e21-8902-6098bb737d44" testListId="8c84fa94-04c1-424b-9868-57a2d4851a1d" />
    <TestEntry testId="9df1575e-a82a-a791-2d6a-6724eae7cc43" executionId="c0bbb40a-abe6-4800-a959-06384a6eb78c" testListId="8c84fa94-04c1-424b-9868-57a2d4851a1d" />
    <TestEntry testId="b00b8de3-a232-5c13-f763-f9655213c826" executionId="bfd168ae-f26a-4ffc-af8a-6e93054fa1d1" testListId="8c84fa94-04c1-424b-9868-57a2d4851a1d" />
    <TestEntry testId="d9452e47-f6d3-fd21-14d3-de11b83794de" executionId="bc563d96-bdd1-44cc-a97f-8665b15925ca" testListId="8c84fa94-04c1-424b-9868-57a2d4851a1d" />
    <TestEntry testId="e4f2ff6e-dd05-b4c0-2739-5d9cbc7a2773" executionId="2f0aabdb-4a03-4f48-a040-91c8fe006390" testListId="8c84fa94-04c1-424b-9868-57a2d4851a1d" />
    <TestEntry testId="f7f977c7-b1c5-b0a6-f983-8fb2c58ca403" executionId="6edb0d8a-560e-482e-a760-2b48c94def37" testListId="8c84fa94-04c1-424b-9868-57a2d4851a1d" />
  </TestEntries>
  <Results>
    <UnitTestResult executionId="23422d21-0dcb-4f8d-b3c3-a25e4e96a5fa" testId="1411a112-5b25-a54f-81fc-f83f3e3937d7" testName="AlphabetizeTest" computerName="OMAR-PC" duration="00:00:00.0281798" startTime="2012-08-10T00:20:01.9675340+02:00" endTime="2012-08-10T00:20:02.4665626+02:00" testType="13cdc9d9-ddb5-4fa4-a97d-d965ccfc6d4b" outcome="Passed" testListId="8c84fa94-04c1-424b-9868-57a2d4851a1d" relativeResultsDirectory="23422d21-0dcb-4f8d-b3c3-a25e4e96a5fa">
    </UnitTestResult>
    <UnitTestResult executionId="540e2b02-32b6-4fb0-a352-d4ed785ea34e" testId="17bf79b4-236d-d269-5b3d-997cf67f36b3" testName="GetClosedItemSetsTest" computerName="OMAR-PC" duration="00:00:00.0046260" startTime="2012-08-10T00:20:02.4685627+02:00" endTime="2012-08-10T00:20:02.4815634+02:00" testType="13cdc9d9-ddb5-4fa4-a97d-d965ccfc6d4b" outcome="Passed" testListId="8c84fa94-04c1-424b-9868-57a2d4851a1d" relativeResultsDirectory="540e2b02-32b6-4fb0-a352-d4ed785ea34e">
    </UnitTestResult>
    <UnitTestResult executionId="5e33419f-8e09-4c02-9268-21b6d9e8929f" testId="47355744-f9b3-7ddf-e694-1d993a4aff04" testName="CheckIsSubsetTest" computerName="OMAR-PC" duration="00:00:00.0009412" startTime="2012-08-10T00:20:02.4845636+02:00" endTime="2012-08-10T00:20:02.4925641+02:00" testType="13cdc9d9-ddb5-4fa4-a97d-d965ccfc6d4b" outcome="Passed" testListId="8c84fa94-04c1-424b-9868-57a2d4851a1d" relativeResultsDirectory="5e33419f-8e09-4c02-9268-21b6d9e8929f">
    </UnitTestResult>
    <UnitTestResult executionId="6aea5e76-13be-4e21-8902-6098bb737d44" testId="806e8973-81b6-8790-7470-23437b085dfa" testName="GenerateCandidatesTest" computerName="OMAR-PC" duration="00:00:00.0035551" startTime="2012-08-10T00:20:02.4955642+02:00" endTime="2012-08-10T00:20:02.5055648+02:00" testType="13cdc9d9-ddb5-4fa4-a97d-d965ccfc6d4b" outcome="Passed" testListId="8c84fa94-04c1-424b-9868-57a2d4851a1d" relativeResultsDirectory="6aea5e76-13be-4e21-8902-6098bb737d44">
    </UnitTestResult>
    <UnitTestResult executionId="c0bbb40a-abe6-4800-a959-06384a6eb78c" testId="9df1575e-a82a-a791-2d6a-6724eae7cc43" testName="SolveTest" computerName="OMAR-PC" duration="00:00:00.0122201" startTime="2012-08-10T00:20:02.5085650+02:00" endTime="2012-08-10T00:20:02.5275661+02:00" testType="13cdc9d9-ddb5-4fa4-a97d-d965ccfc6d4b" outcome="Passed" testListId="8c84fa94-04c1-424b-9868-57a2d4851a1d" relativeResultsDirectory="c0bbb40a-abe6-4800-a959-06384a6eb78c">
    </UnitTestResult>
    <UnitTestResult executionId="bfd168ae-f26a-4ffc-af8a-6e93054fa1d1" testId="b00b8de3-a232-5c13-f763-f9655213c826" testName="GetFrequentItemsTest" computerName="OMAR-PC" duration="00:00:00.0020067" startTime="2012-08-10T00:20:02.5285661+02:00" endTime="2012-08-10T00:20:02.5395668+02:00" testType="13cdc9d9-ddb5-4fa4-a97d-d965ccfc6d4b" outcome="Passed" testListId="8c84fa94-04c1-424b-9868-57a2d4851a1d" relativeResultsDirectory="bfd168ae-f26a-4ffc-af8a-6e93054fa1d1">
    </UnitTestResult>
    <UnitTestResult executionId="bc563d96-bdd1-44cc-a97f-8665b15925ca" testId="d9452e47-f6d3-fd21-14d3-de11b83794de" testName="GetL1FrequentItemsTest" computerName="OMAR-PC" duration="00:00:00.0015660" startTime="2012-08-10T00:20:02.5445670+02:00" endTime="2012-08-10T00:20:02.5545676+02:00" testType="13cdc9d9-ddb5-4fa4-a97d-d965ccfc6d4b" outcome="Passed" testListId="8c84fa94-04c1-424b-9868-57a2d4851a1d" relativeResultsDirectory="bc563d96-bdd1-44cc-a97f-8665b15925ca">
    </UnitTestResult>
    <UnitTestResult executionId="2f0aabdb-4a03-4f48-a040-91c8fe006390" testId="e4f2ff6e-dd05-b4c0-2739-5d9cbc7a2773" testName="GetCandidateTest" computerName="OMAR-PC" duration="00:00:00.0011741" startTime="2012-08-10T00:20:02.5575678+02:00" endTime="2012-08-10T00:20:02.5705685+02:00" testType="13cdc9d9-ddb5-4fa4-a97d-d965ccfc6d4b" outcome="Passed" testListId="8c84fa94-04c1-424b-9868-57a2d4851a1d" relativeResultsDirectory="2f0aabdb-4a03-4f48-a040-91c8fe006390">
    </UnitTestResult>
    <UnitTestResult executionId="6edb0d8a-560e-482e-a760-2b48c94def37" testId="f7f977c7-b1c5-b0a6-f983-8fb2c58ca403" testName="GetSupportTest" computerName="OMAR-PC" duration="00:00:00.0015633" startTime="2012-08-10T00:20:02.5765689+02:00" endTime="2012-08-10T00:20:02.5865695+02:00" testType="13cdc9d9-ddb5-4fa4-a97d-d965ccfc6d4b" outcome="Passed" testListId="8c84fa94-04c1-424b-9868-57a2d4851a1d" relativeResultsDirectory="6edb0d8a-560e-482e-a760-2b48c94def37">
    </UnitTestResult>
  </Results>
</TestRun>