<?xml version="1.0" encoding="UTF-8"?>
<TestRun id="cd1c4a41-2146-43e1-9c9d-89b7a7645c87" name="Omar@OMAR-PC 2012-08-26 20:11:56" runUser="Omar-PC\Omar" xmlns="http://microsoft.com/schemas/VisualStudio/TeamTest/2010">
  <TestSettings name="Local" id="eef0e273-97f3-4062-8c3f-615cccc566c4">
    <Description>These are default test settings for a local test run.</Description>
    <Deployment enabled="false" runDeploymentRoot="Omar_OMAR-PC 2012-08-26 20_11_56">
      <DeploymentItem filename="C:\Users\Omar\Desktop\Git\Apriori Source Code\AprioriAlgorithm\bin\Debug\AprioriAlgorithm.dll" />
    </Deployment>
    <Execution>
      <TestTypeSpecific />
      <AgentRule name="Execution Agents">
      </AgentRule>
    </Execution>
  </TestSettings>
  <Times creation="2012-08-26T20:11:56.0251865+02:00" queuing="2012-08-26T20:11:56.1301925+02:00" start="2012-08-26T20:11:56.1491936+02:00" finish="2012-08-26T20:11:56.6922247+02:00" />
  <ResultSummary outcome="Failed">
    <Counters total="8" executed="8" passed="7" error="0" failed="1" timeout="0" aborted="0" inconclusive="0" passedButRunAborted="0" notRunnable="0" notExecuted="0" disconnected="0" warning="0" completed="0" inProgress="0" pending="0" />
  </ResultSummary>
  <TestDefinitions>
    <UnitTest name="GetCandidateTest" storage="c:\users\omar\desktop\git\apriori source code\unittests\bin\debug\unittests.dll" id="e4f2ff6e-dd05-b4c0-2739-5d9cbc7a2773">
      <Execution id="c06734a3-d351-4e0f-a1ca-a33c85fc7ecd" />
      <TestMethod codeBase="C:/Users/Omar/Desktop/Git/Apriori Source Code/UnitTests/bin/Debug/UnitTests.DLL" adapterTypeName="Microsoft.VisualStudio.TestTools.TestTypes.Unit.UnitTestAdapter, Microsoft.VisualStudio.QualityTools.Tips.UnitTest.Adapter, Version=10.0.0.0, Culture=neutral, PublicKeyToken=b03f5f7f11d50a3a" className="UnitTests.AprioriTest, UnitTests, Version=1.0.0.0, Culture=neutral, PublicKeyToken=null" name="GetCandidateTest" />
    </UnitTest>
    <UnitTest name="CheckIsSubsetTest" storage="c:\users\omar\desktop\git\apriori source code\unittests\bin\debug\unittests.dll" id="47355744-f9b3-7ddf-e694-1d993a4aff04">
      <Execution id="7e0111e2-edbe-4155-b841-d2fd91dd075e" />
      <TestMethod codeBase="C:/Users/Omar/Desktop/Git/Apriori Source Code/UnitTests/bin/Debug/UnitTests.DLL" adapterTypeName="Microsoft.VisualStudio.TestTools.TestTypes.Unit.UnitTestAdapter, Microsoft.VisualStudio.QualityTools.Tips.UnitTest.Adapter, Version=10.0.0.0, Culture=neutral, PublicKeyToken=b03f5f7f11d50a3a" className="UnitTests.AprioriTest, UnitTests, Version=1.0.0.0, Culture=neutral, PublicKeyToken=null" name="CheckIsSubsetTest" />
    </UnitTest>
    <UnitTest name="GetL1FrequentItemsTest" storage="c:\users\omar\desktop\git\apriori source code\unittests\bin\debug\unittests.dll" id="d9452e47-f6d3-fd21-14d3-de11b83794de">
      <Execution id="ded59b58-f695-48a7-8a17-c96de7d38b02" />
      <TestMethod codeBase="C:/Users/Omar/Desktop/Git/Apriori Source Code/UnitTests/bin/Debug/UnitTests.DLL" adapterTypeName="Microsoft.VisualStudio.TestTools.TestTypes.Unit.UnitTestAdapter, Microsoft.VisualStudio.QualityTools.Tips.UnitTest.Adapter, Version=10.0.0.0, Culture=neutral, PublicKeyToken=b03f5f7f11d50a3a" className="UnitTests.AprioriTest, UnitTests, Version=1.0.0.0, Culture=neutral, PublicKeyToken=null" name="GetL1FrequentItemsTest" />
    </UnitTest>
    <UnitTest name="AlphabetizeTest" storage="c:\users\omar\desktop\git\apriori source code\unittests\bin\debug\unittests.dll" id="1411a112-5b25-a54f-81fc-f83f3e3937d7">
      <Execution id="6d22e57f-23ce-406c-8764-87fc834001f2" />
      <TestMethod codeBase="C:/Users/Omar/Desktop/Git/Apriori Source Code/UnitTests/bin/Debug/UnitTests.DLL" adapterTypeName="Microsoft.VisualStudio.TestTools.TestTypes.Unit.UnitTestAdapter, Microsoft.VisualStudio.QualityTools.Tips.UnitTest.Adapter, Version=10.0.0.0, Culture=neutral, PublicKeyToken=b03f5f7f11d50a3a" className="UnitTests.AprioriTest, UnitTests, Version=1.0.0.0, Culture=neutral, PublicKeyToken=null" name="AlphabetizeTest" />
    </UnitTest>
    <UnitTest name="GetFrequentItemsTest" storage="c:\users\omar\desktop\git\apriori source code\unittests\bin\debug\unittests.dll" id="b00b8de3-a232-5c13-f763-f9655213c826">
      <Execution id="7ce93040-2a1a-427e-8b3c-6c18e799aeeb" />
      <TestMethod codeBase="C:/Users/Omar/Desktop/Git/Apriori Source Code/UnitTests/bin/Debug/UnitTests.DLL" adapterTypeName="Microsoft.VisualStudio.TestTools.TestTypes.Unit.UnitTestAdapter, Microsoft.VisualStudio.QualityTools.Tips.UnitTest.Adapter, Version=10.0.0.0, Culture=neutral, PublicKeyToken=b03f5f7f11d50a3a" className="UnitTests.AprioriTest, UnitTests, Version=1.0.0.0, Culture=neutral, PublicKeyToken=null" name="GetFrequentItemsTest" />
    </UnitTest>
    <UnitTest name="GetSupportTest" storage="c:\users\omar\desktop\git\apriori source code\unittests\bin\debug\unittests.dll" id="f7f977c7-b1c5-b0a6-f983-8fb2c58ca403">
      <Execution id="c6ad0aee-5b78-4618-bb18-43fd5ec9f1c2" />
      <TestMethod codeBase="C:/Users/Omar/Desktop/Git/Apriori Source Code/UnitTests/bin/Debug/UnitTests.DLL" adapterTypeName="Microsoft.VisualStudio.TestTools.TestTypes.Unit.UnitTestAdapter, Microsoft.VisualStudio.QualityTools.Tips.UnitTest.Adapter, Version=10.0.0.0, Culture=neutral, PublicKeyToken=b03f5f7f11d50a3a" className="UnitTests.AprioriTest, UnitTests, Version=1.0.0.0, Culture=neutral, PublicKeyToken=null" name="GetSupportTest" />
    </UnitTest>
    <UnitTest name="SolveTest" storage="c:\users\omar\desktop\git\apriori source code\unittests\bin\debug\unittests.dll" id="9df1575e-a82a-a791-2d6a-6724eae7cc43">
      <Execution id="d743e053-a6bb-4673-b6e0-377643da6573" />
      <TestMethod codeBase="C:/Users/Omar/Desktop/Git/Apriori Source Code/UnitTests/bin/Debug/UnitTests.DLL" adapterTypeName="Microsoft.VisualStudio.TestTools.TestTypes.Unit.UnitTestAdapter, Microsoft.VisualStudio.QualityTools.Tips.UnitTest.Adapter, Version=10.0.0.0, Culture=neutral, PublicKeyToken=b03f5f7f11d50a3a" className="UnitTests.AprioriTest, UnitTests, Version=1.0.0.0, Culture=neutral, PublicKeyToken=null" name="SolveTest" />
    </UnitTest>
    <UnitTest name="GenerateCandidatesTest" storage="c:\users\omar\desktop\git\apriori source code\unittests\bin\debug\unittests.dll" id="806e8973-81b6-8790-7470-23437b085dfa">
      <Execution id="1c816643-c843-4c99-b3dc-231a7aa83478" />
      <TestMethod codeBase="C:/Users/Omar/Desktop/Git/Apriori Source Code/UnitTests/bin/Debug/UnitTests.DLL" adapterTypeName="Microsoft.VisualStudio.TestTools.TestTypes.Unit.UnitTestAdapter, Microsoft.VisualStudio.QualityTools.Tips.UnitTest.Adapter, Version=10.0.0.0, Culture=neutral, PublicKeyToken=b03f5f7f11d50a3a" className="UnitTests.AprioriTest, UnitTests, Version=1.0.0.0, Culture=neutral, PublicKeyToken=null" name="GenerateCandidatesTest" />
    </UnitTest>
  </TestDefinitions>
  <TestLists>
    <TestList name="Results Not in a List" id="8c84fa94-04c1-424b-9868-57a2d4851a1d" />
    <TestList name="All Loaded Results" id="19431567-8539-422a-85d7-44ee4e166bda" />
  </TestLists>
  <TestEntries>
    <TestEntry testId="1411a112-5b25-a54f-81fc-f83f3e3937d7" executionId="6d22e57f-23ce-406c-8764-87fc834001f2" testListId="8c84fa94-04c1-424b-9868-57a2d4851a1d" />
    <TestEntry testId="47355744-f9b3-7ddf-e694-1d993a4aff04" executionId="7e0111e2-edbe-4155-b841-d2fd91dd075e" testListId="8c84fa94-04c1-424b-9868-57a2d4851a1d" />
    <TestEntry testId="806e8973-81b6-8790-7470-23437b085dfa" executionId="1c816643-c843-4c99-b3dc-231a7aa83478" testListId="8c84fa94-04c1-424b-9868-57a2d4851a1d" />
    <TestEntry testId="9df1575e-a82a-a791-2d6a-6724eae7cc43" executionId="d743e053-a6bb-4673-b6e0-377643da6573" testListId="8c84fa94-04c1-424b-9868-57a2d4851a1d" />
    <TestEntry testId="b00b8de3-a232-5c13-f763-f9655213c826" executionId="7ce93040-2a1a-427e-8b3c-6c18e799aeeb" testListId="8c84fa94-04c1-424b-9868-57a2d4851a1d" />
    <TestEntry testId="d9452e47-f6d3-fd21-14d3-de11b83794de" executionId="ded59b58-f695-48a7-8a17-c96de7d38b02" testListId="8c84fa94-04c1-424b-9868-57a2d4851a1d" />
    <TestEntry testId="e4f2ff6e-dd05-b4c0-2739-5d9cbc7a2773" executionId="c06734a3-d351-4e0f-a1ca-a33c85fc7ecd" testListId="8c84fa94-04c1-424b-9868-57a2d4851a1d" />
    <TestEntry testId="f7f977c7-b1c5-b0a6-f983-8fb2c58ca403" executionId="c6ad0aee-5b78-4618-bb18-43fd5ec9f1c2" testListId="8c84fa94-04c1-424b-9868-57a2d4851a1d" />
  </TestEntries>
  <Results>
    <UnitTestResult executionId="6d22e57f-23ce-406c-8764-87fc834001f2" testId="1411a112-5b25-a54f-81fc-f83f3e3937d7" testName="AlphabetizeTest" computerName="OMAR-PC" duration="00:00:00.0299266" startTime="2012-08-26T20:11:56.2151974+02:00" endTime="2012-08-26T20:11:56.5552168+02:00" testType="13cdc9d9-ddb5-4fa4-a97d-d965ccfc6d4b" outcome="Passed" testListId="8c84fa94-04c1-424b-9868-57a2d4851a1d" relativeResultsDirectory="6d22e57f-23ce-406c-8764-87fc834001f2">
    </UnitTestResult>
    <UnitTestResult executionId="7e0111e2-edbe-4155-b841-d2fd91dd075e" testId="47355744-f9b3-7ddf-e694-1d993a4aff04" testName="CheckIsSubsetTest" computerName="OMAR-PC" duration="00:00:00.0017973" startTime="2012-08-26T20:11:56.5582170+02:00" endTime="2012-08-26T20:11:56.5682176+02:00" testType="13cdc9d9-ddb5-4fa4-a97d-d965ccfc6d4b" outcome="Passed" testListId="8c84fa94-04c1-424b-9868-57a2d4851a1d" relativeResultsDirectory="7e0111e2-edbe-4155-b841-d2fd91dd075e">
    </UnitTestResult>
    <UnitTestResult executionId="1c816643-c843-4c99-b3dc-231a7aa83478" testId="806e8973-81b6-8790-7470-23437b085dfa" testName="GenerateCandidatesTest" computerName="OMAR-PC" duration="00:00:00.0039154" startTime="2012-08-26T20:11:56.5732178+02:00" endTime="2012-08-26T20:11:56.5832184+02:00" testType="13cdc9d9-ddb5-4fa4-a97d-d965ccfc6d4b" outcome="Passed" testListId="8c84fa94-04c1-424b-9868-57a2d4851a1d" relativeResultsDirectory="1c816643-c843-4c99-b3dc-231a7aa83478">
    </UnitTestResult>
    <UnitTestResult executionId="d743e053-a6bb-4673-b6e0-377643da6573" testId="9df1575e-a82a-a791-2d6a-6724eae7cc43" testName="SolveTest" computerName="OMAR-PC" duration="00:00:00.0331279" startTime="2012-08-26T20:11:56.5872186+02:00" endTime="2012-08-26T20:11:56.6242208+02:00" testType="13cdc9d9-ddb5-4fa4-a97d-d965ccfc6d4b" outcome="Failed" testListId="8c84fa94-04c1-424b-9868-57a2d4851a1d" relativeResultsDirectory="d743e053-a6bb-4673-b6e0-377643da6573">
      <Output>
        <ErrorInfo>
          <Message>Assert.AreEqual failed. Expected:&lt;4&gt;. Actual:&lt;9&gt;. ClosedItemSets calculation is wrong</Message>
          <StackTrace>   at UnitTests.AprioriTest.SolveTest() in C:\Users\Omar\Desktop\Git\Apriori Source Code\UnitTests\AprioriTest.cs:line 60
</StackTrace>
        </ErrorInfo>
      </Output>
    </UnitTestResult>
    <UnitTestResult executionId="7ce93040-2a1a-427e-8b3c-6c18e799aeeb" testId="b00b8de3-a232-5c13-f763-f9655213c826" testName="GetFrequentItemsTest" computerName="OMAR-PC" duration="00:00:00.0017030" startTime="2012-08-26T20:11:56.6282210+02:00" endTime="2012-08-26T20:11:56.6352214+02:00" testType="13cdc9d9-ddb5-4fa4-a97d-d965ccfc6d4b" outcome="Passed" testListId="8c84fa94-04c1-424b-9868-57a2d4851a1d" relativeResultsDirectory="7ce93040-2a1a-427e-8b3c-6c18e799aeeb">
    </UnitTestResult>
    <UnitTestResult executionId="ded59b58-f695-48a7-8a17-c96de7d38b02" testId="d9452e47-f6d3-fd21-14d3-de11b83794de" testName="GetL1FrequentItemsTest" computerName="OMAR-PC" duration="00:00:00.0013973" startTime="2012-08-26T20:11:56.6382216+02:00" endTime="2012-08-26T20:11:56.6482221+02:00" testType="13cdc9d9-ddb5-4fa4-a97d-d965ccfc6d4b" outcome="Passed" testListId="8c84fa94-04c1-424b-9868-57a2d4851a1d" relativeResultsDirectory="ded59b58-f695-48a7-8a17-c96de7d38b02">
    </UnitTestResult>
    <UnitTestResult executionId="c06734a3-d351-4e0f-a1ca-a33c85fc7ecd" testId="e4f2ff6e-dd05-b4c0-2739-5d9cbc7a2773" testName="GetCandidateTest" computerName="OMAR-PC" duration="00:00:00.0010293" startTime="2012-08-26T20:11:56.6522224+02:00" endTime="2012-08-26T20:11:56.6572227+02:00" testType="13cdc9d9-ddb5-4fa4-a97d-d965ccfc6d4b" outcome="Passed" testListId="8c84fa94-04c1-424b-9868-57a2d4851a1d" relativeResultsDirectory="c06734a3-d351-4e0f-a1ca-a33c85fc7ecd">
    </UnitTestResult>
    <UnitTestResult executionId="c6ad0aee-5b78-4618-bb18-43fd5ec9f1c2" testId="f7f977c7-b1c5-b0a6-f983-8fb2c58ca403" testName="GetSupportTest" computerName="OMAR-PC" duration="00:00:00.0009204" startTime="2012-08-26T20:11:56.6592228+02:00" endTime="2012-08-26T20:11:56.6652231+02:00" testType="13cdc9d9-ddb5-4fa4-a97d-d965ccfc6d4b" outcome="Passed" testListId="8c84fa94-04c1-424b-9868-57a2d4851a1d" relativeResultsDirectory="c6ad0aee-5b78-4618-bb18-43fd5ec9f1c2">
    </UnitTestResult>
  </Results>
</TestRun>