<?xml version="1.0" encoding="UTF-8"?>
<TestRun id="b0906843-8639-41e2-a482-5153201c82ff" name="Omar@OMAR-PC 2012-06-28 18:12:41" runUser="Omar-PC\Omar" xmlns="http://microsoft.com/schemas/VisualStudio/TeamTest/2010">
  <TestSettings name="Local" id="eef0e273-97f3-4062-8c3f-615cccc566c4">
    <Description>These are default test settings for a local test run.</Description>
    <Deployment enabled="false" runDeploymentRoot="Omar_OMAR-PC 2012-06-28 18_12_41">
      <DeploymentItem filename="C:\Users\Omar\Downloads\2-Apriori Source Code\AprioriAlgorithm\bin\Debug\AprioriAlgorithm.dll" />
    </Deployment>
    <Execution>
      <TestTypeSpecific />
      <AgentRule name="Execution Agents">
      </AgentRule>
    </Execution>
  </TestSettings>
  <Times creation="2012-06-28T18:12:41.8578811+02:00" queuing="2012-06-28T18:12:42.2739049+02:00" start="2012-06-28T18:12:42.3549095+02:00" finish="2012-06-28T18:12:43.1129528+02:00" />
  <ResultSummary outcome="Failed">
    <Counters total="1" executed="1" error="0" failed="1" timeout="0" aborted="0" inconclusive="0" passedButRunAborted="0" notRunnable="0" notExecuted="0" disconnected="0" warning="0" passed="0" completed="0" inProgress="0" pending="0" />
  </ResultSummary>
  <TestDefinitions>
    <UnitTest name="GetFrequentItemsTest" storage="c:\users\omar\downloads\2-apriori source code\unittests\bin\debug\unittests.dll" id="b00b8de3-a232-5c13-f763-f9655213c826">
      <Execution id="b9e0b16a-dd70-4ac3-9070-30c571f7b9e7" />
      <TestMethod codeBase="C:/Users/Omar/Downloads/2-Apriori Source Code/UnitTests/bin/Debug/UnitTests.DLL" adapterTypeName="Microsoft.VisualStudio.TestTools.TestTypes.Unit.UnitTestAdapter, Microsoft.VisualStudio.QualityTools.Tips.UnitTest.Adapter, Version=10.0.0.0, Culture=neutral, PublicKeyToken=b03f5f7f11d50a3a" className="UnitTests.AprioriTest, UnitTests, Version=1.0.0.0, Culture=neutral, PublicKeyToken=null" name="GetFrequentItemsTest" />
    </UnitTest>
  </TestDefinitions>
  <TestLists>
    <TestList name="Results Not in a List" id="8c84fa94-04c1-424b-9868-57a2d4851a1d" />
    <TestList name="All Loaded Results" id="19431567-8539-422a-85d7-44ee4e166bda" />
  </TestLists>
  <TestEntries>
    <TestEntry testId="b00b8de3-a232-5c13-f763-f9655213c826" executionId="b9e0b16a-dd70-4ac3-9070-30c571f7b9e7" testListId="8c84fa94-04c1-424b-9868-57a2d4851a1d" />
  </TestEntries>
  <Results>
    <UnitTestResult executionId="b9e0b16a-dd70-4ac3-9070-30c571f7b9e7" testId="b00b8de3-a232-5c13-f763-f9655213c826" testName="GetFrequentItemsTest" computerName="OMAR-PC" duration="00:00:00.1460182" startTime="2012-06-28T18:12:42.3729105+02:00" endTime="2012-06-28T18:12:43.0719505+02:00" testType="13cdc9d9-ddb5-4fa4-a97d-d965ccfc6d4b" outcome="Failed" testListId="8c84fa94-04c1-424b-9868-57a2d4851a1d" relativeResultsDirectory="b9e0b16a-dd70-4ac3-9070-30c571f7b9e7">
      <Output>
        <ErrorInfo>
          <Message>Assert.AreEqual failed. Expected:&lt;System.Collections.Generic.Dictionary`2[System.String,System.Double] (System.Collections.Generic.Dictionary`2[[System.String, mscorlib, Version=4.0.0.0, Culture=neutral, PublicKeyToken=b77a5c561934e089],[System.Double, mscorlib, Version=4.0.0.0, Culture=neutral, PublicKeyToken=b77a5c561934e089]])&gt;. Actual:&lt;abc (System.String)&gt;. </Message>
          <StackTrace>   at UnitTests.AprioriTest.GetFrequentItemsTest() in C:\Users\Omar\Downloads\2-Apriori Source Code\UnitTests\AprioriTest.cs:line 189
</StackTrace>
        </ErrorInfo>
      </Output>
    </UnitTestResult>
  </Results>
</TestRun>