<?xml version="1.0" encoding="UTF-8"?>
<TestRun id="15a6e541-cd1b-411b-937b-f4086e672f6d" name="Omar@OMAR-PC 2012-07-01 12:39:58" runUser="Omar-PC\Omar" xmlns="http://microsoft.com/schemas/VisualStudio/TeamTest/2010">
  <TestSettings name="Local" id="eef0e273-97f3-4062-8c3f-615cccc566c4">
    <Description>These are default test settings for a local test run.</Description>
    <Deployment enabled="false" runDeploymentRoot="Omar_OMAR-PC 2012-07-01 12_39_58">
      <DeploymentItem filename="C:\Users\Omar\Downloads\2-Apriori Source Code\AprioriAlgorithm\bin\Debug\AprioriAlgorithm.dll" />
    </Deployment>
    <Execution>
      <TestTypeSpecific />
      <AgentRule name="Execution Agents">
      </AgentRule>
    </Execution>
  </TestSettings>
  <Times creation="2012-07-01T12:39:58.5066075+02:00" queuing="2012-07-01T12:39:58.5726112+02:00" start="2012-07-01T12:39:58.6056131+02:00" finish="2012-07-01T12:39:59.3916581+02:00" />
  <ResultSummary outcome="Completed">
    <Counters total="9" executed="9" passed="9" error="0" failed="0" timeout="0" aborted="0" inconclusive="0" passedButRunAborted="0" notRunnable="0" notExecuted="0" disconnected="0" warning="0" completed="0" inProgress="0" pending="0" />
  </ResultSummary>
  <TestDefinitions>
    <UnitTest name="GetCandidateTest" storage="c:\users\omar\downloads\2-apriori source code\unittests\bin\debug\unittests.dll" id="e4f2ff6e-dd05-b4c0-2739-5d9cbc7a2773">
      <Execution id="8370c011-55c3-45db-9795-297515b18b83" />
      <TestMethod codeBase="C:/Users/Omar/Downloads/2-Apriori Source Code/UnitTests/bin/Debug/UnitTests.DLL" adapterTypeName="Microsoft.VisualStudio.TestTools.TestTypes.Unit.UnitTestAdapter, Microsoft.VisualStudio.QualityTools.Tips.UnitTest.Adapter, Version=10.0.0.0, Culture=neutral, PublicKeyToken=b03f5f7f11d50a3a" className="UnitTests.AprioriTest, UnitTests, Version=1.0.0.0, Culture=neutral, PublicKeyToken=null" name="GetCandidateTest" />
    </UnitTest>
    <UnitTest name="CheckIsSubsetTest" storage="c:\users\omar\downloads\2-apriori source code\unittests\bin\debug\unittests.dll" id="47355744-f9b3-7ddf-e694-1d993a4aff04">
      <Execution id="5db73618-852d-4d52-8586-f2ae1c5cd479" />
      <TestMethod codeBase="C:/Users/Omar/Downloads/2-Apriori Source Code/UnitTests/bin/Debug/UnitTests.DLL" adapterTypeName="Microsoft.VisualStudio.TestTools.TestTypes.Unit.UnitTestAdapter, Microsoft.VisualStudio.QualityTools.Tips.UnitTest.Adapter, Version=10.0.0.0, Culture=neutral, PublicKeyToken=b03f5f7f11d50a3a" className="UnitTests.AprioriTest, UnitTests, Version=1.0.0.0, Culture=neutral, PublicKeyToken=null" name="CheckIsSubsetTest" />
    </UnitTest>
    <UnitTest name="GetL1FrequentItemsTest" storage="c:\users\omar\downloads\2-apriori source code\unittests\bin\debug\unittests.dll" id="d9452e47-f6d3-fd21-14d3-de11b83794de">
      <Execution id="858e35cb-d8d9-4769-8fea-42782785fcc8" />
      <TestMethod codeBase="C:/Users/Omar/Downloads/2-Apriori Source Code/UnitTests/bin/Debug/UnitTests.DLL" adapterTypeName="Microsoft.VisualStudio.TestTools.TestTypes.Unit.UnitTestAdapter, Microsoft.VisualStudio.QualityTools.Tips.UnitTest.Adapter, Version=10.0.0.0, Culture=neutral, PublicKeyToken=b03f5f7f11d50a3a" className="UnitTests.AprioriTest, UnitTests, Version=1.0.0.0, Culture=neutral, PublicKeyToken=null" name="GetL1FrequentItemsTest" />
    </UnitTest>
    <UnitTest name="AlphabetizeTest" storage="c:\users\omar\downloads\2-apriori source code\unittests\bin\debug\unittests.dll" id="1411a112-5b25-a54f-81fc-f83f3e3937d7">
      <Execution id="f4e04f1e-830d-4af4-8b71-b0340a056691" />
      <TestMethod codeBase="C:/Users/Omar/Downloads/2-Apriori Source Code/UnitTests/bin/Debug/UnitTests.DLL" adapterTypeName="Microsoft.VisualStudio.TestTools.TestTypes.Unit.UnitTestAdapter, Microsoft.VisualStudio.QualityTools.Tips.UnitTest.Adapter, Version=10.0.0.0, Culture=neutral, PublicKeyToken=b03f5f7f11d50a3a" className="UnitTests.AprioriTest, UnitTests, Version=1.0.0.0, Culture=neutral, PublicKeyToken=null" name="AlphabetizeTest" />
    </UnitTest>
    <UnitTest name="GetClosedItemSetsTest" storage="c:\users\omar\downloads\2-apriori source code\unittests\bin\debug\unittests.dll" id="17bf79b4-236d-d269-5b3d-997cf67f36b3">
      <Execution id="b9d81759-060f-4760-94f8-bb43003fc176" />
      <TestMethod codeBase="C:/Users/Omar/Downloads/2-Apriori Source Code/UnitTests/bin/Debug/UnitTests.DLL" adapterTypeName="Microsoft.VisualStudio.TestTools.TestTypes.Unit.UnitTestAdapter, Microsoft.VisualStudio.QualityTools.Tips.UnitTest.Adapter, Version=10.0.0.0, Culture=neutral, PublicKeyToken=b03f5f7f11d50a3a" className="UnitTests.AprioriTest, UnitTests, Version=1.0.0.0, Culture=neutral, PublicKeyToken=null" name="GetClosedItemSetsTest" />
    </UnitTest>
    <UnitTest name="GetFrequentItemsTest" storage="c:\users\omar\downloads\2-apriori source code\unittests\bin\debug\unittests.dll" id="b00b8de3-a232-5c13-f763-f9655213c826">
      <Execution id="3d6446ac-96a3-4888-b93a-fa27a32e7ef6" />
      <TestMethod codeBase="C:/Users/Omar/Downloads/2-Apriori Source Code/UnitTests/bin/Debug/UnitTests.DLL" adapterTypeName="Microsoft.VisualStudio.TestTools.TestTypes.Unit.UnitTestAdapter, Microsoft.VisualStudio.QualityTools.Tips.UnitTest.Adapter, Version=10.0.0.0, Culture=neutral, PublicKeyToken=b03f5f7f11d50a3a" className="UnitTests.AprioriTest, UnitTests, Version=1.0.0.0, Culture=neutral, PublicKeyToken=null" name="GetFrequentItemsTest" />
    </UnitTest>
    <UnitTest name="GetSupportTest" storage="c:\users\omar\downloads\2-apriori source code\unittests\bin\debug\unittests.dll" id="f7f977c7-b1c5-b0a6-f983-8fb2c58ca403">
      <Execution id="afec7426-0da3-4f7c-80a5-a95602e9379e" />
      <TestMethod codeBase="C:/Users/Omar/Downloads/2-Apriori Source Code/UnitTests/bin/Debug/UnitTests.DLL" adapterTypeName="Microsoft.VisualStudio.TestTools.TestTypes.Unit.UnitTestAdapter, Microsoft.VisualStudio.QualityTools.Tips.UnitTest.Adapter, Version=10.0.0.0, Culture=neutral, PublicKeyToken=b03f5f7f11d50a3a" className="UnitTests.AprioriTest, UnitTests, Version=1.0.0.0, Culture=neutral, PublicKeyToken=null" name="GetSupportTest" />
    </UnitTest>
    <UnitTest name="SolveTest" storage="c:\users\omar\downloads\2-apriori source code\unittests\bin\debug\unittests.dll" id="9df1575e-a82a-a791-2d6a-6724eae7cc43">
      <Execution id="3a285c73-b90b-4e35-8f75-4081cacd91c9" />
      <TestMethod codeBase="C:/Users/Omar/Downloads/2-Apriori Source Code/UnitTests/bin/Debug/UnitTests.DLL" adapterTypeName="Microsoft.VisualStudio.TestTools.TestTypes.Unit.UnitTestAdapter, Microsoft.VisualStudio.QualityTools.Tips.UnitTest.Adapter, Version=10.0.0.0, Culture=neutral, PublicKeyToken=b03f5f7f11d50a3a" className="UnitTests.AprioriTest, UnitTests, Version=1.0.0.0, Culture=neutral, PublicKeyToken=null" name="SolveTest" />
    </UnitTest>
    <UnitTest name="GenerateCandidatesTest" storage="c:\users\omar\downloads\2-apriori source code\unittests\bin\debug\unittests.dll" id="806e8973-81b6-8790-7470-23437b085dfa">
      <Execution id="06620de3-544c-4eb3-adf3-f23794492d29" />
      <TestMethod codeBase="C:/Users/Omar/Downloads/2-Apriori Source Code/UnitTests/bin/Debug/UnitTests.DLL" adapterTypeName="Microsoft.VisualStudio.TestTools.TestTypes.Unit.UnitTestAdapter, Microsoft.VisualStudio.QualityTools.Tips.UnitTest.Adapter, Version=10.0.0.0, Culture=neutral, PublicKeyToken=b03f5f7f11d50a3a" className="UnitTests.AprioriTest, UnitTests, Version=1.0.0.0, Culture=neutral, PublicKeyToken=null" name="GenerateCandidatesTest" />
    </UnitTest>
  </TestDefinitions>
  <TestLists>
    <TestList name="Results Not in a List" id="8c84fa94-04c1-424b-9868-57a2d4851a1d" />
    <TestList name="All Loaded Results" id="19431567-8539-422a-85d7-44ee4e166bda" />
  </TestLists>
  <TestEntries>
    <TestEntry testId="1411a112-5b25-a54f-81fc-f83f3e3937d7" executionId="f4e04f1e-830d-4af4-8b71-b0340a056691" testListId="8c84fa94-04c1-424b-9868-57a2d4851a1d" />
    <TestEntry testId="17bf79b4-236d-d269-5b3d-997cf67f36b3" executionId="b9d81759-060f-4760-94f8-bb43003fc176" testListId="8c84fa94-04c1-424b-9868-57a2d4851a1d" />
    <TestEntry testId="47355744-f9b3-7ddf-e694-1d993a4aff04" executionId="5db73618-852d-4d52-8586-f2ae1c5cd479" testListId="8c84fa94-04c1-424b-9868-57a2d4851a1d" />
    <TestEntry testId="806e8973-81b6-8790-7470-23437b085dfa" executionId="06620de3-544c-4eb3-adf3-f23794492d29" testListId="8c84fa94-04c1-424b-9868-57a2d4851a1d" />
    <TestEntry testId="9df1575e-a82a-a791-2d6a-6724eae7cc43" executionId="3a285c73-b90b-4e35-8f75-4081cacd91c9" testListId="8c84fa94-04c1-424b-9868-57a2d4851a1d" />
    <TestEntry testId="b00b8de3-a232-5c13-f763-f9655213c826" executionId="3d6446ac-96a3-4888-b93a-fa27a32e7ef6" testListId="8c84fa94-04c1-424b-9868-57a2d4851a1d" />
    <TestEntry testId="d9452e47-f6d3-fd21-14d3-de11b83794de" executionId="858e35cb-d8d9-4769-8fea-42782785fcc8" testListId="8c84fa94-04c1-424b-9868-57a2d4851a1d" />
    <TestEntry testId="e4f2ff6e-dd05-b4c0-2739-5d9cbc7a2773" executionId="8370c011-55c3-45db-9795-297515b18b83" testListId="8c84fa94-04c1-424b-9868-57a2d4851a1d" />
    <TestEntry testId="f7f977c7-b1c5-b0a6-f983-8fb2c58ca403" executionId="afec7426-0da3-4f7c-80a5-a95602e9379e" testListId="8c84fa94-04c1-424b-9868-57a2d4851a1d" />
  </TestEntries>
  <Results>
    <UnitTestResult executionId="f4e04f1e-830d-4af4-8b71-b0340a056691" testId="1411a112-5b25-a54f-81fc-f83f3e3937d7" testName="AlphabetizeTest" computerName="OMAR-PC" duration="00:00:00.0329768" startTime="2012-07-01T12:39:58.6116135+02:00" endTime="2012-07-01T12:39:58.9836347+02:00" testType="13cdc9d9-ddb5-4fa4-a97d-d965ccfc6d4b" outcome="Passed" testListId="8c84fa94-04c1-424b-9868-57a2d4851a1d" relativeResultsDirectory="f4e04f1e-830d-4af4-8b71-b0340a056691">
    </UnitTestResult>
    <UnitTestResult executionId="b9d81759-060f-4760-94f8-bb43003fc176" testId="17bf79b4-236d-d269-5b3d-997cf67f36b3" testName="GetClosedItemSetsTest" computerName="OMAR-PC" duration="00:00:00.0050929" startTime="2012-07-01T12:39:58.9876350+02:00" endTime="2012-07-01T12:39:59.0006357+02:00" testType="13cdc9d9-ddb5-4fa4-a97d-d965ccfc6d4b" outcome="Passed" testListId="8c84fa94-04c1-424b-9868-57a2d4851a1d" relativeResultsDirectory="b9d81759-060f-4760-94f8-bb43003fc176">
    </UnitTestResult>
    <UnitTestResult executionId="5db73618-852d-4d52-8586-f2ae1c5cd479" testId="47355744-f9b3-7ddf-e694-1d993a4aff04" testName="CheckIsSubsetTest" computerName="OMAR-PC" duration="00:00:00.0012299" startTime="2012-07-01T12:39:59.0046359+02:00" endTime="2012-07-01T12:39:59.0186367+02:00" testType="13cdc9d9-ddb5-4fa4-a97d-d965ccfc6d4b" outcome="Passed" testListId="8c84fa94-04c1-424b-9868-57a2d4851a1d" relativeResultsDirectory="5db73618-852d-4d52-8586-f2ae1c5cd479">
    </UnitTestResult>
    <UnitTestResult executionId="06620de3-544c-4eb3-adf3-f23794492d29" testId="806e8973-81b6-8790-7470-23437b085dfa" testName="GenerateCandidatesTest" computerName="OMAR-PC" duration="00:00:00.0031335" startTime="2012-07-01T12:39:59.0256371+02:00" endTime="2012-07-01T12:39:59.0416381+02:00" testType="13cdc9d9-ddb5-4fa4-a97d-d965ccfc6d4b" outcome="Passed" testListId="8c84fa94-04c1-424b-9868-57a2d4851a1d" relativeResultsDirectory="06620de3-544c-4eb3-adf3-f23794492d29">
    </UnitTestResult>
    <UnitTestResult executionId="3a285c73-b90b-4e35-8f75-4081cacd91c9" testId="9df1575e-a82a-a791-2d6a-6724eae7cc43" testName="SolveTest" computerName="OMAR-PC" duration="00:00:00.0090418" startTime="2012-07-01T12:39:59.0456383+02:00" endTime="2012-07-01T12:39:59.0676395+02:00" testType="13cdc9d9-ddb5-4fa4-a97d-d965ccfc6d4b" outcome="Passed" testListId="8c84fa94-04c1-424b-9868-57a2d4851a1d" relativeResultsDirectory="3a285c73-b90b-4e35-8f75-4081cacd91c9">
    </UnitTestResult>
    <UnitTestResult executionId="3d6446ac-96a3-4888-b93a-fa27a32e7ef6" testId="b00b8de3-a232-5c13-f763-f9655213c826" testName="GetFrequentItemsTest" computerName="OMAR-PC" duration="00:00:00.0025568" startTime="2012-07-01T12:39:59.0696397+02:00" endTime="2012-07-01T12:39:59.0816403+02:00" testType="13cdc9d9-ddb5-4fa4-a97d-d965ccfc6d4b" outcome="Passed" testListId="8c84fa94-04c1-424b-9868-57a2d4851a1d" relativeResultsDirectory="3d6446ac-96a3-4888-b93a-fa27a32e7ef6">
    </UnitTestResult>
    <UnitTestResult executionId="858e35cb-d8d9-4769-8fea-42782785fcc8" testId="d9452e47-f6d3-fd21-14d3-de11b83794de" testName="GetL1FrequentItemsTest" computerName="OMAR-PC" duration="00:00:00.0018608" startTime="2012-07-01T12:39:59.0836405+02:00" endTime="2012-07-01T12:39:59.0916409+02:00" testType="13cdc9d9-ddb5-4fa4-a97d-d965ccfc6d4b" outcome="Passed" testListId="8c84fa94-04c1-424b-9868-57a2d4851a1d" relativeResultsDirectory="858e35cb-d8d9-4769-8fea-42782785fcc8">
    </UnitTestResult>
    <UnitTestResult executionId="8370c011-55c3-45db-9795-297515b18b83" testId="e4f2ff6e-dd05-b4c0-2739-5d9cbc7a2773" testName="GetCandidateTest" computerName="OMAR-PC" duration="00:00:00.0010474" startTime="2012-07-01T12:39:59.0946411+02:00" endTime="2012-07-01T12:39:59.1026416+02:00" testType="13cdc9d9-ddb5-4fa4-a97d-d965ccfc6d4b" outcome="Passed" testListId="8c84fa94-04c1-424b-9868-57a2d4851a1d" relativeResultsDirectory="8370c011-55c3-45db-9795-297515b18b83">
    </UnitTestResult>
    <UnitTestResult executionId="afec7426-0da3-4f7c-80a5-a95602e9379e" testId="f7f977c7-b1c5-b0a6-f983-8fb2c58ca403" testName="GetSupportTest" computerName="OMAR-PC" duration="00:00:00.0009227" startTime="2012-07-01T12:39:59.1046417+02:00" endTime="2012-07-01T12:39:59.1126421+02:00" testType="13cdc9d9-ddb5-4fa4-a97d-d965ccfc6d4b" outcome="Passed" testListId="8c84fa94-04c1-424b-9868-57a2d4851a1d" relativeResultsDirectory="afec7426-0da3-4f7c-80a5-a95602e9379e">
    </UnitTestResult>
  </Results>
</TestRun>