<?xml version="1.0" encoding="UTF-8"?>
<TestRun id="23eeb25f-536b-437b-959f-60a27d6b2800" name="Omar@OMAR-PC 2012-08-26 19:52:16" runUser="Omar-PC\Omar" xmlns="http://microsoft.com/schemas/VisualStudio/TeamTest/2010">
  <TestSettings name="Local" id="eef0e273-97f3-4062-8c3f-615cccc566c4">
    <Description>These are default test settings for a local test run.</Description>
    <Deployment enabled="false" runDeploymentRoot="Omar_OMAR-PC 2012-08-26 19_52_16">
      <DeploymentItem filename="C:\Users\Omar\Desktop\Git\Apriori Source Code\AprioriAlgorithm\bin\Debug\AprioriAlgorithm.dll" />
    </Deployment>
    <Execution>
      <TestTypeSpecific />
      <AgentRule name="Execution Agents">
      </AgentRule>
    </Execution>
  </TestSettings>
  <Times creation="2012-08-26T19:52:16.6637309+02:00" queuing="2012-08-26T19:52:17.4167740+02:00" start="2012-08-26T19:52:17.6957899+02:00" finish="2012-08-26T19:52:18.5948413+02:00" />
  <ResultSummary outcome="Completed">
    <Counters total="8" executed="8" passed="8" error="0" failed="0" timeout="0" aborted="0" inconclusive="0" passedButRunAborted="0" notRunnable="0" notExecuted="0" disconnected="0" warning="0" completed="0" inProgress="0" pending="0" />
  </ResultSummary>
  <TestDefinitions>
    <UnitTest name="GetCandidateTest" storage="c:\users\omar\desktop\git\apriori source code\unittests\bin\debug\unittests.dll" id="e4f2ff6e-dd05-b4c0-2739-5d9cbc7a2773">
      <Execution id="b03fcaac-9043-403a-8077-31dd26f3bf73" />
      <TestMethod codeBase="C:/Users/Omar/Desktop/Git/Apriori Source Code/UnitTests/bin/Debug/UnitTests.DLL" adapterTypeName="Microsoft.VisualStudio.TestTools.TestTypes.Unit.UnitTestAdapter, Microsoft.VisualStudio.QualityTools.Tips.UnitTest.Adapter, Version=10.0.0.0, Culture=neutral, PublicKeyToken=b03f5f7f11d50a3a" className="UnitTests.AprioriTest, UnitTests, Version=1.0.0.0, Culture=neutral, PublicKeyToken=null" name="GetCandidateTest" />
    </UnitTest>
    <UnitTest name="CheckIsSubsetTest" storage="c:\users\omar\desktop\git\apriori source code\unittests\bin\debug\unittests.dll" id="47355744-f9b3-7ddf-e694-1d993a4aff04">
      <Execution id="d06ba93c-4e31-4bc2-aeb5-33675397c760" />
      <TestMethod codeBase="C:/Users/Omar/Desktop/Git/Apriori Source Code/UnitTests/bin/Debug/UnitTests.DLL" adapterTypeName="Microsoft.VisualStudio.TestTools.TestTypes.Unit.UnitTestAdapter, Microsoft.VisualStudio.QualityTools.Tips.UnitTest.Adapter, Version=10.0.0.0, Culture=neutral, PublicKeyToken=b03f5f7f11d50a3a" className="UnitTests.AprioriTest, UnitTests, Version=1.0.0.0, Culture=neutral, PublicKeyToken=null" name="CheckIsSubsetTest" />
    </UnitTest>
    <UnitTest name="GetL1FrequentItemsTest" storage="c:\users\omar\desktop\git\apriori source code\unittests\bin\debug\unittests.dll" id="d9452e47-f6d3-fd21-14d3-de11b83794de">
      <Execution id="fec55629-e644-4d9f-b848-fa3a097cd829" />
      <TestMethod codeBase="C:/Users/Omar/Desktop/Git/Apriori Source Code/UnitTests/bin/Debug/UnitTests.DLL" adapterTypeName="Microsoft.VisualStudio.TestTools.TestTypes.Unit.UnitTestAdapter, Microsoft.VisualStudio.QualityTools.Tips.UnitTest.Adapter, Version=10.0.0.0, Culture=neutral, PublicKeyToken=b03f5f7f11d50a3a" className="UnitTests.AprioriTest, UnitTests, Version=1.0.0.0, Culture=neutral, PublicKeyToken=null" name="GetL1FrequentItemsTest" />
    </UnitTest>
    <UnitTest name="AlphabetizeTest" storage="c:\users\omar\desktop\git\apriori source code\unittests\bin\debug\unittests.dll" id="1411a112-5b25-a54f-81fc-f83f3e3937d7">
      <Execution id="de3b7a97-218a-4eb0-b9f1-c728aabc6a29" />
      <TestMethod codeBase="C:/Users/Omar/Desktop/Git/Apriori Source Code/UnitTests/bin/Debug/UnitTests.DLL" adapterTypeName="Microsoft.VisualStudio.TestTools.TestTypes.Unit.UnitTestAdapter, Microsoft.VisualStudio.QualityTools.Tips.UnitTest.Adapter, Version=10.0.0.0, Culture=neutral, PublicKeyToken=b03f5f7f11d50a3a" className="UnitTests.AprioriTest, UnitTests, Version=1.0.0.0, Culture=neutral, PublicKeyToken=null" name="AlphabetizeTest" />
    </UnitTest>
    <UnitTest name="GetFrequentItemsTest" storage="c:\users\omar\desktop\git\apriori source code\unittests\bin\debug\unittests.dll" id="b00b8de3-a232-5c13-f763-f9655213c826">
      <Execution id="639b1d35-8f28-4e28-9cb5-18ca28a1aeb7" />
      <TestMethod codeBase="C:/Users/Omar/Desktop/Git/Apriori Source Code/UnitTests/bin/Debug/UnitTests.DLL" adapterTypeName="Microsoft.VisualStudio.TestTools.TestTypes.Unit.UnitTestAdapter, Microsoft.VisualStudio.QualityTools.Tips.UnitTest.Adapter, Version=10.0.0.0, Culture=neutral, PublicKeyToken=b03f5f7f11d50a3a" className="UnitTests.AprioriTest, UnitTests, Version=1.0.0.0, Culture=neutral, PublicKeyToken=null" name="GetFrequentItemsTest" />
    </UnitTest>
    <UnitTest name="GetSupportTest" storage="c:\users\omar\desktop\git\apriori source code\unittests\bin\debug\unittests.dll" id="f7f977c7-b1c5-b0a6-f983-8fb2c58ca403">
      <Execution id="5cd61706-541a-49fe-918d-77ab68a64603" />
      <TestMethod codeBase="C:/Users/Omar/Desktop/Git/Apriori Source Code/UnitTests/bin/Debug/UnitTests.DLL" adapterTypeName="Microsoft.VisualStudio.TestTools.TestTypes.Unit.UnitTestAdapter, Microsoft.VisualStudio.QualityTools.Tips.UnitTest.Adapter, Version=10.0.0.0, Culture=neutral, PublicKeyToken=b03f5f7f11d50a3a" className="UnitTests.AprioriTest, UnitTests, Version=1.0.0.0, Culture=neutral, PublicKeyToken=null" name="GetSupportTest" />
    </UnitTest>
    <UnitTest name="SolveTest" storage="c:\users\omar\desktop\git\apriori source code\unittests\bin\debug\unittests.dll" id="9df1575e-a82a-a791-2d6a-6724eae7cc43">
      <Execution id="14985565-4ca2-4a7f-9b80-6ace2038014c" />
      <TestMethod codeBase="C:/Users/Omar/Desktop/Git/Apriori Source Code/UnitTests/bin/Debug/UnitTests.DLL" adapterTypeName="Microsoft.VisualStudio.TestTools.TestTypes.Unit.UnitTestAdapter, Microsoft.VisualStudio.QualityTools.Tips.UnitTest.Adapter, Version=10.0.0.0, Culture=neutral, PublicKeyToken=b03f5f7f11d50a3a" className="UnitTests.AprioriTest, UnitTests, Version=1.0.0.0, Culture=neutral, PublicKeyToken=null" name="SolveTest" />
    </UnitTest>
    <UnitTest name="GenerateCandidatesTest" storage="c:\users\omar\desktop\git\apriori source code\unittests\bin\debug\unittests.dll" id="806e8973-81b6-8790-7470-23437b085dfa">
      <Execution id="608607a1-d78d-4464-8361-91895f289558" />
      <TestMethod codeBase="C:/Users/Omar/Desktop/Git/Apriori Source Code/UnitTests/bin/Debug/UnitTests.DLL" adapterTypeName="Microsoft.VisualStudio.TestTools.TestTypes.Unit.UnitTestAdapter, Microsoft.VisualStudio.QualityTools.Tips.UnitTest.Adapter, Version=10.0.0.0, Culture=neutral, PublicKeyToken=b03f5f7f11d50a3a" className="UnitTests.AprioriTest, UnitTests, Version=1.0.0.0, Culture=neutral, PublicKeyToken=null" name="GenerateCandidatesTest" />
    </UnitTest>
  </TestDefinitions>
  <TestLists>
    <TestList name="Results Not in a List" id="8c84fa94-04c1-424b-9868-57a2d4851a1d" />
    <TestList name="All Loaded Results" id="19431567-8539-422a-85d7-44ee4e166bda" />
  </TestLists>
  <TestEntries>
    <TestEntry testId="1411a112-5b25-a54f-81fc-f83f3e3937d7" executionId="de3b7a97-218a-4eb0-b9f1-c728aabc6a29" testListId="8c84fa94-04c1-424b-9868-57a2d4851a1d" />
    <TestEntry testId="47355744-f9b3-7ddf-e694-1d993a4aff04" executionId="d06ba93c-4e31-4bc2-aeb5-33675397c760" testListId="8c84fa94-04c1-424b-9868-57a2d4851a1d" />
    <TestEntry testId="806e8973-81b6-8790-7470-23437b085dfa" executionId="608607a1-d78d-4464-8361-91895f289558" testListId="8c84fa94-04c1-424b-9868-57a2d4851a1d" />
    <TestEntry testId="9df1575e-a82a-a791-2d6a-6724eae7cc43" executionId="14985565-4ca2-4a7f-9b80-6ace2038014c" testListId="8c84fa94-04c1-424b-9868-57a2d4851a1d" />
    <TestEntry testId="b00b8de3-a232-5c13-f763-f9655213c826" executionId="639b1d35-8f28-4e28-9cb5-18ca28a1aeb7" testListId="8c84fa94-04c1-424b-9868-57a2d4851a1d" />
    <TestEntry testId="d9452e47-f6d3-fd21-14d3-de11b83794de" executionId="fec55629-e644-4d9f-b848-fa3a097cd829" testListId="8c84fa94-04c1-424b-9868-57a2d4851a1d" />
    <TestEntry testId="e4f2ff6e-dd05-b4c0-2739-5d9cbc7a2773" executionId="b03fcaac-9043-403a-8077-31dd26f3bf73" testListId="8c84fa94-04c1-424b-9868-57a2d4851a1d" />
    <TestEntry testId="f7f977c7-b1c5-b0a6-f983-8fb2c58ca403" executionId="5cd61706-541a-49fe-918d-77ab68a64603" testListId="8c84fa94-04c1-424b-9868-57a2d4851a1d" />
  </TestEntries>
  <Results>
    <UnitTestResult executionId="de3b7a97-218a-4eb0-b9f1-c728aabc6a29" testId="1411a112-5b25-a54f-81fc-f83f3e3937d7" testName="AlphabetizeTest" computerName="OMAR-PC" duration="00:00:00.1072943" startTime="2012-08-26T19:52:17.7537932+02:00" endTime="2012-08-26T19:52:18.3968300+02:00" testType="13cdc9d9-ddb5-4fa4-a97d-d965ccfc6d4b" outcome="Passed" testListId="8c84fa94-04c1-424b-9868-57a2d4851a1d" relativeResultsDirectory="de3b7a97-218a-4eb0-b9f1-c728aabc6a29">
    </UnitTestResult>
    <UnitTestResult executionId="d06ba93c-4e31-4bc2-aeb5-33675397c760" testId="47355744-f9b3-7ddf-e694-1d993a4aff04" testName="CheckIsSubsetTest" computerName="OMAR-PC" duration="00:00:00.0040389" startTime="2012-08-26T19:52:18.4038304+02:00" endTime="2012-08-26T19:52:18.4138310+02:00" testType="13cdc9d9-ddb5-4fa4-a97d-d965ccfc6d4b" outcome="Passed" testListId="8c84fa94-04c1-424b-9868-57a2d4851a1d" relativeResultsDirectory="d06ba93c-4e31-4bc2-aeb5-33675397c760">
    </UnitTestResult>
    <UnitTestResult executionId="608607a1-d78d-4464-8361-91895f289558" testId="806e8973-81b6-8790-7470-23437b085dfa" testName="GenerateCandidatesTest" computerName="OMAR-PC" duration="00:00:00.0173362" startTime="2012-08-26T19:52:18.4188313+02:00" endTime="2012-08-26T19:52:18.4428326+02:00" testType="13cdc9d9-ddb5-4fa4-a97d-d965ccfc6d4b" outcome="Passed" testListId="8c84fa94-04c1-424b-9868-57a2d4851a1d" relativeResultsDirectory="608607a1-d78d-4464-8361-91895f289558">
    </UnitTestResult>
    <UnitTestResult executionId="14985565-4ca2-4a7f-9b80-6ace2038014c" testId="9df1575e-a82a-a791-2d6a-6724eae7cc43" testName="SolveTest" computerName="OMAR-PC" duration="00:00:00.0271772" startTime="2012-08-26T19:52:18.4468329+02:00" endTime="2012-08-26T19:52:18.4818349+02:00" testType="13cdc9d9-ddb5-4fa4-a97d-d965ccfc6d4b" outcome="Passed" testListId="8c84fa94-04c1-424b-9868-57a2d4851a1d" relativeResultsDirectory="14985565-4ca2-4a7f-9b80-6ace2038014c">
    </UnitTestResult>
    <UnitTestResult executionId="639b1d35-8f28-4e28-9cb5-18ca28a1aeb7" testId="b00b8de3-a232-5c13-f763-f9655213c826" testName="GetFrequentItemsTest" computerName="OMAR-PC" duration="00:00:00.0023093" startTime="2012-08-26T19:52:18.4898353+02:00" endTime="2012-08-26T19:52:18.4968357+02:00" testType="13cdc9d9-ddb5-4fa4-a97d-d965ccfc6d4b" outcome="Passed" testListId="8c84fa94-04c1-424b-9868-57a2d4851a1d" relativeResultsDirectory="639b1d35-8f28-4e28-9cb5-18ca28a1aeb7">
    </UnitTestResult>
    <UnitTestResult executionId="fec55629-e644-4d9f-b848-fa3a097cd829" testId="d9452e47-f6d3-fd21-14d3-de11b83794de" testName="GetL1FrequentItemsTest" computerName="OMAR-PC" duration="00:00:00.0018196" startTime="2012-08-26T19:52:18.5038361+02:00" endTime="2012-08-26T19:52:18.5108365+02:00" testType="13cdc9d9-ddb5-4fa4-a97d-d965ccfc6d4b" outcome="Passed" testListId="8c84fa94-04c1-424b-9868-57a2d4851a1d" relativeResultsDirectory="fec55629-e644-4d9f-b848-fa3a097cd829">
    </UnitTestResult>
    <UnitTestResult executionId="b03fcaac-9043-403a-8077-31dd26f3bf73" testId="e4f2ff6e-dd05-b4c0-2739-5d9cbc7a2773" testName="GetCandidateTest" computerName="OMAR-PC" duration="00:00:00.0012703" startTime="2012-08-26T19:52:18.5148368+02:00" endTime="2012-08-26T19:52:18.5208371+02:00" testType="13cdc9d9-ddb5-4fa4-a97d-d965ccfc6d4b" outcome="Passed" testListId="8c84fa94-04c1-424b-9868-57a2d4851a1d" relativeResultsDirectory="b03fcaac-9043-403a-8077-31dd26f3bf73">
    </UnitTestResult>
    <UnitTestResult executionId="5cd61706-541a-49fe-918d-77ab68a64603" testId="f7f977c7-b1c5-b0a6-f983-8fb2c58ca403" testName="GetSupportTest" computerName="OMAR-PC" duration="00:00:00.0011583" startTime="2012-08-26T19:52:18.5248373+02:00" endTime="2012-08-26T19:52:18.5308377+02:00" testType="13cdc9d9-ddb5-4fa4-a97d-d965ccfc6d4b" outcome="Passed" testListId="8c84fa94-04c1-424b-9868-57a2d4851a1d" relativeResultsDirectory="5cd61706-541a-49fe-918d-77ab68a64603">
    </UnitTestResult>
  </Results>
</TestRun>