<?xml version="1.0" encoding="UTF-8"?>
<TestRun id="0b0735e3-468a-4988-96ff-2b0b203da757" name="Omar@OMAR-PC 2012-11-21 21:53:47" runUser="Omar-PC\Omar" xmlns="http://microsoft.com/schemas/VisualStudio/TeamTest/2010">
  <TestSettings name="Local" id="eef0e273-97f3-4062-8c3f-615cccc566c4">
    <Description>These are default test settings for a local test run.</Description>
    <Deployment userDeploymentRoot="D:\Git\Apriori Source Code\TestResults" useDefaultDeploymentRoot="false" enabled="false" runDeploymentRoot="Omar_OMAR-PC 2012-11-21 21_53_47">
      <DeploymentItem filename="D:\Git\Apriori Source Code\WPFClient\bin\Debug\WPFClient.exe" />
      <DeploymentItem filename="D:\Git\Apriori Source Code\AprioriAlgorithm\bin\Debug\AprioriAlgorithm.dll" />
      <DeploymentItem filename="D:\Git\Apriori Source Code\References\Moq.dll" />
    </Deployment>
    <Execution>
      <TestTypeSpecific />
      <AgentRule name="Execution Agents">
      </AgentRule>
    </Execution>
  </TestSettings>
  <Times creation="2012-11-21T21:53:47.9054933+02:00" queuing="2012-11-21T21:53:50.3346322+02:00" start="2012-11-21T21:53:50.8196599+02:00" finish="2012-11-21T21:54:31.3229766+02:00" />
  <ResultSummary outcome="Error">
    <Counters total="1" executed="1" error="0" failed="0" timeout="0" aborted="1" inconclusive="0" passedButRunAborted="0" notRunnable="0" notExecuted="0" disconnected="0" warning="0" passed="0" completed="0" inProgress="0" pending="0" />
    <RunInfos>
      <RunInfo computerName="OMAR-PC" outcome="Error" timestamp="2012-11-21T21:54:31.3089758+02:00">
        <Text>Test host process exited unexpectedly.</Text>
      </RunInfo>
    </RunInfos>
  </ResultSummary>
  <TestDefinitions>
    <UnitTest name="RemoveItemInTransactionTest" storage="d:\git\apriori source code\unittests\bin\debug\unittests.dll" id="78da8912-693d-a93a-93ce-8018b63f2936">
      <Execution id="f6c414ef-3ef7-4874-ad24-618f9cfc94cd" />
      <TestMethod codeBase="D:/Git/Apriori Source Code/UnitTests/bin/Debug/UnitTests.DLL" adapterTypeName="Microsoft.VisualStudio.TestTools.TestTypes.Unit.UnitTestAdapter, Microsoft.VisualStudio.QualityTools.Tips.UnitTest.Adapter, Version=10.0.0.0, Culture=neutral, PublicKeyToken=b03f5f7f11d50a3a" className="UnitTests.MainViewModelTest, UnitTests, Version=1.0.0.0, Culture=neutral, PublicKeyToken=null" name="RemoveItemInTransactionTest" />
    </UnitTest>
  </TestDefinitions>
  <TestLists>
    <TestList name="Results Not in a List" id="8c84fa94-04c1-424b-9868-57a2d4851a1d" />
    <TestList name="All Loaded Results" id="19431567-8539-422a-85d7-44ee4e166bda" />
  </TestLists>
  <TestEntries>
    <TestEntry testId="78da8912-693d-a93a-93ce-8018b63f2936" executionId="f6c414ef-3ef7-4874-ad24-618f9cfc94cd" testListId="8c84fa94-04c1-424b-9868-57a2d4851a1d" />
  </TestEntries>
  <Results>
    <UnitTestResult executionId="f6c414ef-3ef7-4874-ad24-618f9cfc94cd" testId="78da8912-693d-a93a-93ce-8018b63f2936" testName="RemoveItemInTransactionTest" computerName="OMAR-PC" duration="00:00:40.1272952" startTime="2012-11-21T21:53:51.1956814+02:00" endTime="2012-11-21T21:54:31.3229766+02:00" testType="13cdc9d9-ddb5-4fa4-a97d-d965ccfc6d4b" outcome="Aborted" testListId="8c84fa94-04c1-424b-9868-57a2d4851a1d" relativeResultsDirectory="f6c414ef-3ef7-4874-ad24-618f9cfc94cd">
    </UnitTestResult>
  </Results>
</TestRun>