<?xml version="1.0" encoding="UTF-8"?>
<TestRun id="d20244e2-5e50-4a92-8488-a2976021a47d" name="Omar@OMAR-PC 2012-11-21 21:21:11" runUser="Omar-PC\Omar" xmlns="http://microsoft.com/schemas/VisualStudio/TeamTest/2010">
  <TestSettings name="Local" id="eef0e273-97f3-4062-8c3f-615cccc566c4">
    <Description>These are default test settings for a local test run.</Description>
    <Deployment userDeploymentRoot="D:\Git\Apriori Source Code\TestResults" useDefaultDeploymentRoot="false" enabled="false" runDeploymentRoot="Omar_OMAR-PC 2012-11-21 21_21_11">
      <DeploymentItem filename="D:\Git\Apriori Source Code\WPFClient\bin\Debug\WPFClient.exe" />
      <DeploymentItem filename="D:\Git\Apriori Source Code\AprioriAlgorithm\bin\Debug\AprioriAlgorithm.dll" />
      <DeploymentItem filename="D:\Git\Apriori Source Code\References\Moq.dll" />
    </Deployment>
    <Execution>
      <TestTypeSpecific />
      <AgentRule name="Execution Agents">
      </AgentRule>
    </Execution>
  </TestSettings>
  <Times creation="2012-11-21T21:21:11.9926214+02:00" queuing="2012-11-21T21:21:14.4267607+02:00" start="2012-11-21T21:21:14.9147886+02:00" finish="2012-11-21T21:22:55.9665684+02:00" />
  <ResultSummary outcome="Error">
    <Counters total="1" executed="1" error="0" failed="0" timeout="0" aborted="1" inconclusive="0" passedButRunAborted="0" notRunnable="0" notExecuted="0" disconnected="0" warning="0" passed="0" completed="0" inProgress="0" pending="0" />
    <RunInfos>
      <RunInfo computerName="OMAR-PC" outcome="Error" timestamp="2012-11-21T21:22:55.9645683+02:00">
        <Text>Test host process exited unexpectedly.</Text>
      </RunInfo>
    </RunInfos>
  </ResultSummary>
  <TestDefinitions>
    <UnitTest name="AddItemExecuteTest" storage="d:\git\apriori source code\unittests\bin\debug\unittests.dll" id="e4b5b745-d301-61c6-2286-c5ac3fbe1f1c">
      <Execution id="03a07275-8e2f-4928-b0a6-d829f473c7fd" />
      <TestMethod codeBase="D:/Git/Apriori Source Code/UnitTests/bin/Debug/UnitTests.DLL" adapterTypeName="Microsoft.VisualStudio.TestTools.TestTypes.Unit.UnitTestAdapter, Microsoft.VisualStudio.QualityTools.Tips.UnitTest.Adapter, Version=10.0.0.0, Culture=neutral, PublicKeyToken=b03f5f7f11d50a3a" className="UnitTests.MainViewModelTest, UnitTests, Version=1.0.0.0, Culture=neutral, PublicKeyToken=null" name="AddItemExecuteTest" />
    </UnitTest>
  </TestDefinitions>
  <TestLists>
    <TestList name="Results Not in a List" id="8c84fa94-04c1-424b-9868-57a2d4851a1d" />
    <TestList name="All Loaded Results" id="19431567-8539-422a-85d7-44ee4e166bda" />
  </TestLists>
  <TestEntries>
    <TestEntry testId="e4b5b745-d301-61c6-2286-c5ac3fbe1f1c" executionId="03a07275-8e2f-4928-b0a6-d829f473c7fd" testListId="8c84fa94-04c1-424b-9868-57a2d4851a1d" />
  </TestEntries>
  <Results>
    <UnitTestResult executionId="03a07275-8e2f-4928-b0a6-d829f473c7fd" testId="e4b5b745-d301-61c6-2286-c5ac3fbe1f1c" testName="AddItemExecuteTest" computerName="OMAR-PC" duration="00:01:40.5677521" startTime="2012-11-21T21:21:15.3988163+02:00" endTime="2012-11-21T21:22:55.9665684+02:00" testType="13cdc9d9-ddb5-4fa4-a97d-d965ccfc6d4b" outcome="Aborted" testListId="8c84fa94-04c1-424b-9868-57a2d4851a1d" relativeResultsDirectory="03a07275-8e2f-4928-b0a6-d829f473c7fd">
    </UnitTestResult>
  </Results>
</TestRun>