<?xml version="1.0" encoding="UTF-8"?>
<TestRun id="a3eb01a0-d796-4097-81a3-0228d1cebc1f" name="Omar@OMAR-PC 2012-06-29 20:58:40" runUser="Omar-PC\Omar" xmlns="http://microsoft.com/schemas/VisualStudio/TeamTest/2010">
  <TestSettings name="Local" id="eef0e273-97f3-4062-8c3f-615cccc566c4">
    <Description>These are default test settings for a local test run.</Description>
    <Deployment enabled="false" runDeploymentRoot="Omar_OMAR-PC 2012-06-29 20_58_40">
      <DeploymentItem filename="C:\Users\Omar\Downloads\2-Apriori Source Code\AprioriAlgorithm\bin\Debug\AprioriAlgorithm.dll" />
    </Deployment>
    <Execution>
      <TestTypeSpecific />
      <AgentRule name="Execution Agents">
      </AgentRule>
    </Execution>
  </TestSettings>
  <Times creation="2012-06-29T20:58:40.0753912+02:00" queuing="2012-06-29T20:58:41.3654650+02:00" start="2012-06-29T20:58:41.5174737+02:00" finish="2012-06-29T20:58:42.4105248+02:00" />
  <ResultSummary outcome="Completed">
    <Counters total="8" executed="8" passed="8" error="0" failed="0" timeout="0" aborted="0" inconclusive="0" passedButRunAborted="0" notRunnable="0" notExecuted="0" disconnected="0" warning="0" completed="0" inProgress="0" pending="0" />
  </ResultSummary>
  <TestDefinitions>
    <UnitTest name="GetCandidateTest" storage="c:\users\omar\downloads\2-apriori source code\unittests\bin\debug\unittests.dll" id="e4f2ff6e-dd05-b4c0-2739-5d9cbc7a2773">
      <Execution id="318d1442-5a32-4b2b-af23-4faad4e51660" />
      <TestMethod codeBase="C:/Users/Omar/Downloads/2-Apriori Source Code/UnitTests/bin/Debug/UnitTests.DLL" adapterTypeName="Microsoft.VisualStudio.TestTools.TestTypes.Unit.UnitTestAdapter, Microsoft.VisualStudio.QualityTools.Tips.UnitTest.Adapter, Version=10.0.0.0, Culture=neutral, PublicKeyToken=b03f5f7f11d50a3a" className="UnitTests.AprioriTest, UnitTests, Version=1.0.0.0, Culture=neutral, PublicKeyToken=null" name="GetCandidateTest" />
    </UnitTest>
    <UnitTest name="CheckIsSubsetTest" storage="c:\users\omar\downloads\2-apriori source code\unittests\bin\debug\unittests.dll" id="47355744-f9b3-7ddf-e694-1d993a4aff04">
      <Execution id="157da1f8-a22d-4bb7-9b90-596d1f6e3ebe" />
      <TestMethod codeBase="C:/Users/Omar/Downloads/2-Apriori Source Code/UnitTests/bin/Debug/UnitTests.DLL" adapterTypeName="Microsoft.VisualStudio.TestTools.TestTypes.Unit.UnitTestAdapter, Microsoft.VisualStudio.QualityTools.Tips.UnitTest.Adapter, Version=10.0.0.0, Culture=neutral, PublicKeyToken=b03f5f7f11d50a3a" className="UnitTests.AprioriTest, UnitTests, Version=1.0.0.0, Culture=neutral, PublicKeyToken=null" name="CheckIsSubsetTest" />
    </UnitTest>
    <UnitTest name="GetL1FrequentItemsTest" storage="c:\users\omar\downloads\2-apriori source code\unittests\bin\debug\unittests.dll" id="d9452e47-f6d3-fd21-14d3-de11b83794de">
      <Execution id="42999f72-edab-480e-afb7-f72848068a72" />
      <TestMethod codeBase="C:/Users/Omar/Downloads/2-Apriori Source Code/UnitTests/bin/Debug/UnitTests.DLL" adapterTypeName="Microsoft.VisualStudio.TestTools.TestTypes.Unit.UnitTestAdapter, Microsoft.VisualStudio.QualityTools.Tips.UnitTest.Adapter, Version=10.0.0.0, Culture=neutral, PublicKeyToken=b03f5f7f11d50a3a" className="UnitTests.AprioriTest, UnitTests, Version=1.0.0.0, Culture=neutral, PublicKeyToken=null" name="GetL1FrequentItemsTest" />
    </UnitTest>
    <UnitTest name="AlphabetizeTest" storage="c:\users\omar\downloads\2-apriori source code\unittests\bin\debug\unittests.dll" id="1411a112-5b25-a54f-81fc-f83f3e3937d7">
      <Execution id="8316f8f9-09ff-4a5d-bbb5-e9fb71a2acd0" />
      <TestMethod codeBase="C:/Users/Omar/Downloads/2-Apriori Source Code/UnitTests/bin/Debug/UnitTests.DLL" adapterTypeName="Microsoft.VisualStudio.TestTools.TestTypes.Unit.UnitTestAdapter, Microsoft.VisualStudio.QualityTools.Tips.UnitTest.Adapter, Version=10.0.0.0, Culture=neutral, PublicKeyToken=b03f5f7f11d50a3a" className="UnitTests.AprioriTest, UnitTests, Version=1.0.0.0, Culture=neutral, PublicKeyToken=null" name="AlphabetizeTest" />
    </UnitTest>
    <UnitTest name="GetFrequentItemsTest" storage="c:\users\omar\downloads\2-apriori source code\unittests\bin\debug\unittests.dll" id="b00b8de3-a232-5c13-f763-f9655213c826">
      <Execution id="1ca3397f-8c4c-473c-bcbe-c1a0d99d03e6" />
      <TestMethod codeBase="C:/Users/Omar/Downloads/2-Apriori Source Code/UnitTests/bin/Debug/UnitTests.DLL" adapterTypeName="Microsoft.VisualStudio.TestTools.TestTypes.Unit.UnitTestAdapter, Microsoft.VisualStudio.QualityTools.Tips.UnitTest.Adapter, Version=10.0.0.0, Culture=neutral, PublicKeyToken=b03f5f7f11d50a3a" className="UnitTests.AprioriTest, UnitTests, Version=1.0.0.0, Culture=neutral, PublicKeyToken=null" name="GetFrequentItemsTest" />
    </UnitTest>
    <UnitTest name="GetSupportTest" storage="c:\users\omar\downloads\2-apriori source code\unittests\bin\debug\unittests.dll" id="f7f977c7-b1c5-b0a6-f983-8fb2c58ca403">
      <Execution id="b6431e65-b139-4b27-b168-c5c6b951bbba" />
      <TestMethod codeBase="C:/Users/Omar/Downloads/2-Apriori Source Code/UnitTests/bin/Debug/UnitTests.DLL" adapterTypeName="Microsoft.VisualStudio.TestTools.TestTypes.Unit.UnitTestAdapter, Microsoft.VisualStudio.QualityTools.Tips.UnitTest.Adapter, Version=10.0.0.0, Culture=neutral, PublicKeyToken=b03f5f7f11d50a3a" className="UnitTests.AprioriTest, UnitTests, Version=1.0.0.0, Culture=neutral, PublicKeyToken=null" name="GetSupportTest" />
    </UnitTest>
    <UnitTest name="SolveTest" storage="c:\users\omar\downloads\2-apriori source code\unittests\bin\debug\unittests.dll" id="9df1575e-a82a-a791-2d6a-6724eae7cc43">
      <Execution id="5026b377-35fa-4ec1-9f49-aa15b3e48171" />
      <TestMethod codeBase="C:/Users/Omar/Downloads/2-Apriori Source Code/UnitTests/bin/Debug/UnitTests.DLL" adapterTypeName="Microsoft.VisualStudio.TestTools.TestTypes.Unit.UnitTestAdapter, Microsoft.VisualStudio.QualityTools.Tips.UnitTest.Adapter, Version=10.0.0.0, Culture=neutral, PublicKeyToken=b03f5f7f11d50a3a" className="UnitTests.AprioriTest, UnitTests, Version=1.0.0.0, Culture=neutral, PublicKeyToken=null" name="SolveTest" />
    </UnitTest>
    <UnitTest name="GenerateCandidatesTest" storage="c:\users\omar\downloads\2-apriori source code\unittests\bin\debug\unittests.dll" id="806e8973-81b6-8790-7470-23437b085dfa">
      <Execution id="0254358f-0579-4b4f-9d54-690560d85c8e" />
      <TestMethod codeBase="C:/Users/Omar/Downloads/2-Apriori Source Code/UnitTests/bin/Debug/UnitTests.DLL" adapterTypeName="Microsoft.VisualStudio.TestTools.TestTypes.Unit.UnitTestAdapter, Microsoft.VisualStudio.QualityTools.Tips.UnitTest.Adapter, Version=10.0.0.0, Culture=neutral, PublicKeyToken=b03f5f7f11d50a3a" className="UnitTests.AprioriTest, UnitTests, Version=1.0.0.0, Culture=neutral, PublicKeyToken=null" name="GenerateCandidatesTest" />
    </UnitTest>
  </TestDefinitions>
  <TestLists>
    <TestList name="Results Not in a List" id="8c84fa94-04c1-424b-9868-57a2d4851a1d" />
    <TestList name="All Loaded Results" id="19431567-8539-422a-85d7-44ee4e166bda" />
  </TestLists>
  <TestEntries>
    <TestEntry testId="1411a112-5b25-a54f-81fc-f83f3e3937d7" executionId="8316f8f9-09ff-4a5d-bbb5-e9fb71a2acd0" testListId="8c84fa94-04c1-424b-9868-57a2d4851a1d" />
    <TestEntry testId="47355744-f9b3-7ddf-e694-1d993a4aff04" executionId="157da1f8-a22d-4bb7-9b90-596d1f6e3ebe" testListId="8c84fa94-04c1-424b-9868-57a2d4851a1d" />
    <TestEntry testId="806e8973-81b6-8790-7470-23437b085dfa" executionId="0254358f-0579-4b4f-9d54-690560d85c8e" testListId="8c84fa94-04c1-424b-9868-57a2d4851a1d" />
    <TestEntry testId="9df1575e-a82a-a791-2d6a-6724eae7cc43" executionId="5026b377-35fa-4ec1-9f49-aa15b3e48171" testListId="8c84fa94-04c1-424b-9868-57a2d4851a1d" />
    <TestEntry testId="b00b8de3-a232-5c13-f763-f9655213c826" executionId="1ca3397f-8c4c-473c-bcbe-c1a0d99d03e6" testListId="8c84fa94-04c1-424b-9868-57a2d4851a1d" />
    <TestEntry testId="d9452e47-f6d3-fd21-14d3-de11b83794de" executionId="42999f72-edab-480e-afb7-f72848068a72" testListId="8c84fa94-04c1-424b-9868-57a2d4851a1d" />
    <TestEntry testId="e4f2ff6e-dd05-b4c0-2739-5d9cbc7a2773" executionId="318d1442-5a32-4b2b-af23-4faad4e51660" testListId="8c84fa94-04c1-424b-9868-57a2d4851a1d" />
    <TestEntry testId="f7f977c7-b1c5-b0a6-f983-8fb2c58ca403" executionId="b6431e65-b139-4b27-b168-c5c6b951bbba" testListId="8c84fa94-04c1-424b-9868-57a2d4851a1d" />
  </TestEntries>
  <Results>
    <UnitTestResult executionId="8316f8f9-09ff-4a5d-bbb5-e9fb71a2acd0" testId="1411a112-5b25-a54f-81fc-f83f3e3937d7" testName="AlphabetizeTest" computerName="OMAR-PC" duration="00:00:00.0852821" startTime="2012-06-29T20:58:41.5344746+02:00" endTime="2012-06-29T20:58:42.1085075+02:00" testType="13cdc9d9-ddb5-4fa4-a97d-d965ccfc6d4b" outcome="Passed" testListId="8c84fa94-04c1-424b-9868-57a2d4851a1d" relativeResultsDirectory="8316f8f9-09ff-4a5d-bbb5-e9fb71a2acd0">
    </UnitTestResult>
    <UnitTestResult executionId="157da1f8-a22d-4bb7-9b90-596d1f6e3ebe" testId="47355744-f9b3-7ddf-e694-1d993a4aff04" testName="CheckIsSubsetTest" computerName="OMAR-PC" duration="00:00:00.0045609" startTime="2012-06-29T20:58:42.1135078+02:00" endTime="2012-06-29T20:58:42.1345090+02:00" testType="13cdc9d9-ddb5-4fa4-a97d-d965ccfc6d4b" outcome="Passed" testListId="8c84fa94-04c1-424b-9868-57a2d4851a1d" relativeResultsDirectory="157da1f8-a22d-4bb7-9b90-596d1f6e3ebe">
    </UnitTestResult>
    <UnitTestResult executionId="0254358f-0579-4b4f-9d54-690560d85c8e" testId="806e8973-81b6-8790-7470-23437b085dfa" testName="GenerateCandidatesTest" computerName="OMAR-PC" duration="00:00:00.0175582" startTime="2012-06-29T20:58:42.1365091+02:00" endTime="2012-06-29T20:58:42.1625106+02:00" testType="13cdc9d9-ddb5-4fa4-a97d-d965ccfc6d4b" outcome="Passed" testListId="8c84fa94-04c1-424b-9868-57a2d4851a1d" relativeResultsDirectory="0254358f-0579-4b4f-9d54-690560d85c8e">
    </UnitTestResult>
    <UnitTestResult executionId="5026b377-35fa-4ec1-9f49-aa15b3e48171" testId="9df1575e-a82a-a791-2d6a-6724eae7cc43" testName="SolveTest" computerName="OMAR-PC" duration="00:00:00.0166998" startTime="2012-06-29T20:58:42.1665108+02:00" endTime="2012-06-29T20:58:42.1915122+02:00" testType="13cdc9d9-ddb5-4fa4-a97d-d965ccfc6d4b" outcome="Passed" testListId="8c84fa94-04c1-424b-9868-57a2d4851a1d" relativeResultsDirectory="5026b377-35fa-4ec1-9f49-aa15b3e48171">
    </UnitTestResult>
    <UnitTestResult executionId="1ca3397f-8c4c-473c-bcbe-c1a0d99d03e6" testId="b00b8de3-a232-5c13-f763-f9655213c826" testName="GetFrequentItemsTest" computerName="OMAR-PC" duration="00:00:00.0022269" startTime="2012-06-29T20:58:42.1975126+02:00" endTime="2012-06-29T20:58:42.2095133+02:00" testType="13cdc9d9-ddb5-4fa4-a97d-d965ccfc6d4b" outcome="Passed" testListId="8c84fa94-04c1-424b-9868-57a2d4851a1d" relativeResultsDirectory="1ca3397f-8c4c-473c-bcbe-c1a0d99d03e6">
    </UnitTestResult>
    <UnitTestResult executionId="42999f72-edab-480e-afb7-f72848068a72" testId="d9452e47-f6d3-fd21-14d3-de11b83794de" testName="GetL1FrequentItemsTest" computerName="OMAR-PC" duration="00:00:00.0015044" startTime="2012-06-29T20:58:42.2105133+02:00" endTime="2012-06-29T20:58:42.2235141+02:00" testType="13cdc9d9-ddb5-4fa4-a97d-d965ccfc6d4b" outcome="Passed" testListId="8c84fa94-04c1-424b-9868-57a2d4851a1d" relativeResultsDirectory="42999f72-edab-480e-afb7-f72848068a72">
    </UnitTestResult>
    <UnitTestResult executionId="318d1442-5a32-4b2b-af23-4faad4e51660" testId="e4f2ff6e-dd05-b4c0-2739-5d9cbc7a2773" testName="GetCandidateTest" computerName="OMAR-PC" duration="00:00:00.0010901" startTime="2012-06-29T20:58:42.2265142+02:00" endTime="2012-06-29T20:58:42.2365148+02:00" testType="13cdc9d9-ddb5-4fa4-a97d-d965ccfc6d4b" outcome="Passed" testListId="8c84fa94-04c1-424b-9868-57a2d4851a1d" relativeResultsDirectory="318d1442-5a32-4b2b-af23-4faad4e51660">
    </UnitTestResult>
    <UnitTestResult executionId="b6431e65-b139-4b27-b168-c5c6b951bbba" testId="f7f977c7-b1c5-b0a6-f983-8fb2c58ca403" testName="GetSupportTest" computerName="OMAR-PC" duration="00:00:00.0010012" startTime="2012-06-29T20:58:42.3115191+02:00" endTime="2012-06-29T20:58:42.3215197+02:00" testType="13cdc9d9-ddb5-4fa4-a97d-d965ccfc6d4b" outcome="Passed" testListId="8c84fa94-04c1-424b-9868-57a2d4851a1d" relativeResultsDirectory="b6431e65-b139-4b27-b168-c5c6b951bbba">
    </UnitTestResult>
  </Results>
</TestRun>