<?xml version="1.0" encoding="UTF-8"?>
<TestRun id="d7165356-d4ea-4118-823c-97b7644514f8" name="Omar@OMAR-PC 2012-11-21 16:06:46" runUser="Omar-PC\Omar" xmlns="http://microsoft.com/schemas/VisualStudio/TeamTest/2010">
  <TestSettings name="Local" id="eef0e273-97f3-4062-8c3f-615cccc566c4">
    <Description>These are default test settings for a local test run.</Description>
    <Deployment enabled="false" runDeploymentRoot="Omar_OMAR-PC 2012-11-21 16_06_46">
      <DeploymentItem filename="D:\Git\Apriori Source Code\AprioriAlgorithm\bin\Debug\AprioriAlgorithm.dll" />
    </Deployment>
    <Execution>
      <TestTypeSpecific />
      <AgentRule name="Execution Agents">
      </AgentRule>
    </Execution>
  </TestSettings>
  <Times creation="2012-11-21T16:06:46.6132667+02:00" queuing="2012-11-21T16:06:46.9592864+02:00" start="2012-11-21T16:06:47.0002888+02:00" finish="2012-11-21T16:06:47.4313134+02:00" />
  <ResultSummary outcome="Completed">
    <Counters total="1" executed="1" passed="1" error="0" failed="0" timeout="0" aborted="0" inconclusive="0" passedButRunAborted="0" notRunnable="0" notExecuted="0" disconnected="0" warning="0" completed="0" inProgress="0" pending="0" />
  </ResultSummary>
  <TestDefinitions>
    <UnitTest name="GenerateSubsetsTest" storage="d:\git\apriori source code\unittests\bin\debug\unittests.dll" id="0d9c70f7-77dc-7cc2-5ad5-e6c93da95a85">
      <Execution id="d35839da-453b-479b-bb28-b9e94a749acc" />
      <TestMethod codeBase="D:/Git/Apriori Source Code/UnitTests/bin/Debug/UnitTests.DLL" adapterTypeName="Microsoft.VisualStudio.TestTools.TestTypes.Unit.UnitTestAdapter, Microsoft.VisualStudio.QualityTools.Tips.UnitTest.Adapter, Version=10.0.0.0, Culture=neutral, PublicKeyToken=b03f5f7f11d50a3a" className="UnitTests.AprioriTest, UnitTests, Version=1.0.0.0, Culture=neutral, PublicKeyToken=null" name="GenerateSubsetsTest" />
    </UnitTest>
  </TestDefinitions>
  <TestLists>
    <TestList name="Results Not in a List" id="8c84fa94-04c1-424b-9868-57a2d4851a1d" />
    <TestList name="All Loaded Results" id="19431567-8539-422a-85d7-44ee4e166bda" />
  </TestLists>
  <TestEntries>
    <TestEntry testId="0d9c70f7-77dc-7cc2-5ad5-e6c93da95a85" executionId="d35839da-453b-479b-bb28-b9e94a749acc" testListId="8c84fa94-04c1-424b-9868-57a2d4851a1d" />
  </TestEntries>
  <Results>
    <UnitTestResult executionId="d35839da-453b-479b-bb28-b9e94a749acc" testId="0d9c70f7-77dc-7cc2-5ad5-e6c93da95a85" testName="GenerateSubsetsTest" computerName="OMAR-PC" duration="00:00:00.0278780" startTime="2012-11-21T16:06:47.0432913+02:00" endTime="2012-11-21T16:06:47.4053120+02:00" testType="13cdc9d9-ddb5-4fa4-a97d-d965ccfc6d4b" outcome="Passed" testListId="8c84fa94-04c1-424b-9868-57a2d4851a1d" relativeResultsDirectory="d35839da-453b-479b-bb28-b9e94a749acc">
    </UnitTestResult>
  </Results>
</TestRun>