<?xml version="1.0" encoding="UTF-8"?>
<TestRun id="9fa2448f-75bd-4152-8447-665e8a27687b" name="Omar@OMAR-PC 2012-11-21 15:36:25" runUser="Omar-PC\Omar" xmlns="http://microsoft.com/schemas/VisualStudio/TeamTest/2010">
  <TestSettings name="Local" id="eef0e273-97f3-4062-8c3f-615cccc566c4">
    <Description>These are default test settings for a local test run.</Description>
    <Deployment enabled="false" runDeploymentRoot="Omar_OMAR-PC 2012-11-21 15_36_25">
      <DeploymentItem filename="D:\Git\Apriori Source Code\AprioriAlgorithm\bin\Debug\AprioriAlgorithm.dll" />
    </Deployment>
    <Execution>
      <TestTypeSpecific />
      <AgentRule name="Execution Agents">
      </AgentRule>
    </Execution>
  </TestSettings>
  <Times creation="2012-11-21T15:36:25.3010056+02:00" queuing="2012-11-21T15:36:26.8400936+02:00" start="2012-11-21T15:36:27.0221041+02:00" finish="2012-11-21T15:36:27.6041373+02:00" />
  <ResultSummary outcome="Completed">
    <Counters total="1" executed="1" passed="1" error="0" failed="0" timeout="0" aborted="0" inconclusive="0" passedButRunAborted="0" notRunnable="0" notExecuted="0" disconnected="0" warning="0" completed="0" inProgress="0" pending="0" />
  </ResultSummary>
  <TestDefinitions>
    <UnitTest name="GenerateSubsetsRecursiveTest" storage="d:\git\apriori source code\unittests\bin\debug\unittests.dll" id="11e29e37-ee22-7d4c-b79d-dcd1859ee1d8">
      <Execution id="474799bf-d5b5-4f15-a5cb-6939894e3941" />
      <TestMethod codeBase="D:/Git/Apriori Source Code/UnitTests/bin/Debug/UnitTests.DLL" adapterTypeName="Microsoft.VisualStudio.TestTools.TestTypes.Unit.UnitTestAdapter, Microsoft.VisualStudio.QualityTools.Tips.UnitTest.Adapter, Version=10.0.0.0, Culture=neutral, PublicKeyToken=b03f5f7f11d50a3a" className="UnitTests.AprioriTest, UnitTests, Version=1.0.0.0, Culture=neutral, PublicKeyToken=null" name="GenerateSubsetsRecursiveTest" />
    </UnitTest>
  </TestDefinitions>
  <TestLists>
    <TestList name="Results Not in a List" id="8c84fa94-04c1-424b-9868-57a2d4851a1d" />
    <TestList name="All Loaded Results" id="19431567-8539-422a-85d7-44ee4e166bda" />
  </TestLists>
  <TestEntries>
    <TestEntry testId="11e29e37-ee22-7d4c-b79d-dcd1859ee1d8" executionId="474799bf-d5b5-4f15-a5cb-6939894e3941" testListId="8c84fa94-04c1-424b-9868-57a2d4851a1d" />
  </TestEntries>
  <Results>
    <UnitTestResult executionId="474799bf-d5b5-4f15-a5cb-6939894e3941" testId="11e29e37-ee22-7d4c-b79d-dcd1859ee1d8" testName="GenerateSubsetsRecursiveTest" computerName="OMAR-PC" duration="00:00:00.0293050" startTime="2012-11-21T15:36:27.0351048+02:00" endTime="2012-11-21T15:36:27.5581347+02:00" testType="13cdc9d9-ddb5-4fa4-a97d-d965ccfc6d4b" outcome="Passed" testListId="8c84fa94-04c1-424b-9868-57a2d4851a1d" relativeResultsDirectory="474799bf-d5b5-4f15-a5cb-6939894e3941">
    </UnitTestResult>
  </Results>
</TestRun>