<?xml version="1.0" encoding="UTF-8"?>
<TestRun id="a4dcfd0d-eb89-4f7f-9617-c128fc029874" name="Omar@OMAR-PC 2012-11-21 12:47:13" runUser="Omar-PC\Omar" xmlns="http://microsoft.com/schemas/VisualStudio/TeamTest/2010">
  <TestSettings name="Local" id="eef0e273-97f3-4062-8c3f-615cccc566c4">
    <Description>These are default test settings for a local test run.</Description>
    <Deployment userDeploymentRoot="D:\Git\Apriori Source Code\TestResults" useDefaultDeploymentRoot="false" enabled="false" runDeploymentRoot="Omar_OMAR-PC 2012-11-21 12_47_13">
      <DeploymentItem filename="D:\Git\Apriori Source Code\AprioriAlgorithm\bin\Debug\AprioriAlgorithm.dll" />
    </Deployment>
    <Execution>
      <TestTypeSpecific />
      <AgentRule name="Execution Agents">
      </AgentRule>
    </Execution>
  </TestSettings>
  <Times creation="2012-11-21T12:47:13.8330285+02:00" queuing="2012-11-21T12:47:16.2831687+02:00" start="2012-11-21T12:47:16.6901919+02:00" finish="2012-11-21T13:01:05.4855963+02:00" />
  <ResultSummary outcome="Error">
    <Counters total="1" executed="1" error="0" failed="0" timeout="0" aborted="1" inconclusive="0" passedButRunAborted="0" notRunnable="0" notExecuted="0" disconnected="0" warning="0" passed="0" completed="0" inProgress="0" pending="0" />
    <RunInfos>
      <RunInfo computerName="OMAR-PC" outcome="Error" timestamp="2012-11-21T13:01:05.4685954+02:00">
        <Text>Test host process exited unexpectedly.</Text>
      </RunInfo>
    </RunInfos>
  </ResultSummary>
  <TestDefinitions>
    <UnitTest name="GenerateCombinationRecursiveTest" storage="d:\git\apriori source code\unittests\bin\debug\unittests.dll" id="30741b83-8ace-0eec-06f6-f79331378a58">
      <Execution id="576c665a-9b7f-4ee0-b51c-a38d2f45fa06" />
      <TestMethod codeBase="D:/Git/Apriori Source Code/UnitTests/bin/Debug/UnitTests.DLL" adapterTypeName="Microsoft.VisualStudio.TestTools.TestTypes.Unit.UnitTestAdapter, Microsoft.VisualStudio.QualityTools.Tips.UnitTest.Adapter, Version=10.0.0.0, Culture=neutral, PublicKeyToken=b03f5f7f11d50a3a" className="UnitTests.AprioriTest, UnitTests, Version=1.0.0.0, Culture=neutral, PublicKeyToken=null" name="GenerateCombinationRecursiveTest" />
    </UnitTest>
  </TestDefinitions>
  <TestLists>
    <TestList name="Results Not in a List" id="8c84fa94-04c1-424b-9868-57a2d4851a1d" />
    <TestList name="All Loaded Results" id="19431567-8539-422a-85d7-44ee4e166bda" />
  </TestLists>
  <TestEntries>
    <TestEntry testId="30741b83-8ace-0eec-06f6-f79331378a58" executionId="576c665a-9b7f-4ee0-b51c-a38d2f45fa06" testListId="8c84fa94-04c1-424b-9868-57a2d4851a1d" />
  </TestEntries>
  <Results>
    <UnitTestResult executionId="576c665a-9b7f-4ee0-b51c-a38d2f45fa06" testId="30741b83-8ace-0eec-06f6-f79331378a58" testName="GenerateCombinationRecursiveTest" computerName="OMAR-PC" duration="00:13:48.3913813" startTime="2012-11-21T12:47:17.0792142+02:00" endTime="2012-11-21T13:01:05.4705955+02:00" testType="13cdc9d9-ddb5-4fa4-a97d-d965ccfc6d4b" outcome="Aborted" testListId="8c84fa94-04c1-424b-9868-57a2d4851a1d" relativeResultsDirectory="576c665a-9b7f-4ee0-b51c-a38d2f45fa06">
    </UnitTestResult>
  </Results>
</TestRun>