<?xml version="1.0" encoding="UTF-8"?>
<TestRun id="cf51409b-6cb6-4a3a-87c2-1a46d48ba5c3" name="Omar@OMAR-PC 2012-11-21 16:54:31" runUser="Omar-PC\Omar" xmlns="http://microsoft.com/schemas/VisualStudio/TeamTest/2010">
  <TestSettings name="Local" id="eef0e273-97f3-4062-8c3f-615cccc566c4">
    <Description>These are default test settings for a local test run.</Description>
    <Deployment enabled="false" runDeploymentRoot="Omar_OMAR-PC 2012-11-21 16_54_31">
      <DeploymentItem filename="D:\Git\Apriori Source Code\AprioriAlgorithm\bin\Debug\AprioriAlgorithm.dll" />
    </Deployment>
    <Execution>
      <TestTypeSpecific />
      <AgentRule name="Execution Agents">
      </AgentRule>
    </Execution>
  </TestSettings>
  <Times creation="2012-11-21T16:54:31.3831221+02:00" queuing="2012-11-21T16:54:31.5411312+02:00" start="2012-11-21T16:54:31.5571321+02:00" finish="2012-11-21T16:54:32.1161640+02:00" />
  <ResultSummary outcome="Completed">
    <Counters total="12" executed="12" passed="12" error="0" failed="0" timeout="0" aborted="0" inconclusive="0" passedButRunAborted="0" notRunnable="0" notExecuted="0" disconnected="0" warning="0" completed="0" inProgress="0" pending="0" />
  </ResultSummary>
  <TestDefinitions>
    <UnitTest name="GetSupportTest" storage="d:\git\apriori source code\unittests\bin\debug\unittests.dll" id="f7f977c7-b1c5-b0a6-f983-8fb2c58ca403">
      <Execution id="abfb7181-4b79-4a50-a5b2-aa19c32cfaaf" />
      <TestMethod codeBase="D:/Git/Apriori Source Code/UnitTests/bin/Debug/UnitTests.DLL" adapterTypeName="Microsoft.VisualStudio.TestTools.TestTypes.Unit.UnitTestAdapter, Microsoft.VisualStudio.QualityTools.Tips.UnitTest.Adapter, Version=10.0.0.0, Culture=neutral, PublicKeyToken=b03f5f7f11d50a3a" className="UnitTests.AprioriTest, UnitTests, Version=1.0.0.0, Culture=neutral, PublicKeyToken=null" name="GetSupportTest" />
    </UnitTest>
    <UnitTest name="GenerateCandidate_SameFirstElementTest" storage="d:\git\apriori source code\unittests\bin\debug\unittests.dll" id="7aa91dbc-bf30-d8dc-2e2c-67540148b539">
      <Execution id="64dc31c7-0913-4f6f-a3f7-b3dfcc1947dd" />
      <TestMethod codeBase="D:/Git/Apriori Source Code/UnitTests/bin/Debug/UnitTests.DLL" adapterTypeName="Microsoft.VisualStudio.TestTools.TestTypes.Unit.UnitTestAdapter, Microsoft.VisualStudio.QualityTools.Tips.UnitTest.Adapter, Version=10.0.0.0, Culture=neutral, PublicKeyToken=b03f5f7f11d50a3a" className="UnitTests.AprioriTest, UnitTests, Version=1.0.0.0, Culture=neutral, PublicKeyToken=null" name="GenerateCandidate_SameFirstElementTest" />
    </UnitTest>
    <UnitTest name="GenerateCandidate_DifferentFirstElementTest" storage="d:\git\apriori source code\unittests\bin\debug\unittests.dll" id="3db3f769-84d0-6e9f-d9cf-0f244a128d3e">
      <Execution id="2d8e5472-4244-4235-a843-adce71cbfea4" />
      <TestMethod codeBase="D:/Git/Apriori Source Code/UnitTests/bin/Debug/UnitTests.DLL" adapterTypeName="Microsoft.VisualStudio.TestTools.TestTypes.Unit.UnitTestAdapter, Microsoft.VisualStudio.QualityTools.Tips.UnitTest.Adapter, Version=10.0.0.0, Culture=neutral, PublicKeyToken=b03f5f7f11d50a3a" className="UnitTests.AprioriTest, UnitTests, Version=1.0.0.0, Culture=neutral, PublicKeyToken=null" name="GenerateCandidate_DifferentFirstElementTest" />
    </UnitTest>
    <UnitTest name="GetL1FrequentItemsTest" storage="d:\git\apriori source code\unittests\bin\debug\unittests.dll" id="d9452e47-f6d3-fd21-14d3-de11b83794de">
      <Execution id="7723c58e-6c3f-493e-8116-25826bff4030" />
      <TestMethod codeBase="D:/Git/Apriori Source Code/UnitTests/bin/Debug/UnitTests.DLL" adapterTypeName="Microsoft.VisualStudio.TestTools.TestTypes.Unit.UnitTestAdapter, Microsoft.VisualStudio.QualityTools.Tips.UnitTest.Adapter, Version=10.0.0.0, Culture=neutral, PublicKeyToken=b03f5f7f11d50a3a" className="UnitTests.AprioriTest, UnitTests, Version=1.0.0.0, Culture=neutral, PublicKeyToken=null" name="GetL1FrequentItemsTest" />
    </UnitTest>
    <UnitTest name="GenerateCandidate_SingleElementsTest" storage="d:\git\apriori source code\unittests\bin\debug\unittests.dll" id="db1faccf-a701-0d7d-e8da-06f4be234fc3">
      <Execution id="a11910b4-2607-47e0-9829-3917b0f36f3b" />
      <TestMethod codeBase="D:/Git/Apriori Source Code/UnitTests/bin/Debug/UnitTests.DLL" adapterTypeName="Microsoft.VisualStudio.TestTools.TestTypes.Unit.UnitTestAdapter, Microsoft.VisualStudio.QualityTools.Tips.UnitTest.Adapter, Version=10.0.0.0, Culture=neutral, PublicKeyToken=b03f5f7f11d50a3a" className="UnitTests.AprioriTest, UnitTests, Version=1.0.0.0, Culture=neutral, PublicKeyToken=null" name="GenerateCandidate_SingleElementsTest" />
    </UnitTest>
    <UnitTest name="GetFrequentItemsTest" storage="d:\git\apriori source code\unittests\bin\debug\unittests.dll" id="b00b8de3-a232-5c13-f763-f9655213c826">
      <Execution id="0f20f595-8d5a-4611-b357-4e1250ba8ce9" />
      <TestMethod codeBase="D:/Git/Apriori Source Code/UnitTests/bin/Debug/UnitTests.DLL" adapterTypeName="Microsoft.VisualStudio.TestTools.TestTypes.Unit.UnitTestAdapter, Microsoft.VisualStudio.QualityTools.Tips.UnitTest.Adapter, Version=10.0.0.0, Culture=neutral, PublicKeyToken=b03f5f7f11d50a3a" className="UnitTests.AprioriTest, UnitTests, Version=1.0.0.0, Culture=neutral, PublicKeyToken=null" name="GetFrequentItemsTest" />
    </UnitTest>
    <UnitTest name="GenerateSubsetsTest" storage="d:\git\apriori source code\unittests\bin\debug\unittests.dll" id="0d9c70f7-77dc-7cc2-5ad5-e6c93da95a85">
      <Execution id="f38e1ecc-2663-4aee-b384-b012b1d022ab" />
      <TestMethod codeBase="D:/Git/Apriori Source Code/UnitTests/bin/Debug/UnitTests.DLL" adapterTypeName="Microsoft.VisualStudio.TestTools.TestTypes.Unit.UnitTestAdapter, Microsoft.VisualStudio.QualityTools.Tips.UnitTest.Adapter, Version=10.0.0.0, Culture=neutral, PublicKeyToken=b03f5f7f11d50a3a" className="UnitTests.AprioriTest, UnitTests, Version=1.0.0.0, Culture=neutral, PublicKeyToken=null" name="GenerateSubsetsTest" />
    </UnitTest>
    <UnitTest name="SortTest" storage="d:\git\apriori source code\unittests\bin\debug\unittests.dll" id="d691d167-395e-77cd-bd5c-db1e0eb70640">
      <Execution id="825e35c2-4994-474c-a053-20968a237d0f" />
      <TestMethod codeBase="D:/Git/Apriori Source Code/UnitTests/bin/Debug/UnitTests.DLL" adapterTypeName="Microsoft.VisualStudio.TestTools.TestTypes.Unit.UnitTestAdapter, Microsoft.VisualStudio.QualityTools.Tips.UnitTest.Adapter, Version=10.0.0.0, Culture=neutral, PublicKeyToken=b03f5f7f11d50a3a" className="UnitTests.SorterTest, UnitTests, Version=1.0.0.0, Culture=neutral, PublicKeyToken=null" name="SortTest" />
    </UnitTest>
    <UnitTest name="GenerateSubsetsRecursiveTest" storage="d:\git\apriori source code\unittests\bin\debug\unittests.dll" id="11e29e37-ee22-7d4c-b79d-dcd1859ee1d8">
      <Execution id="162c803a-2a19-4c67-b594-4c8b1a9d0664" />
      <TestMethod codeBase="D:/Git/Apriori Source Code/UnitTests/bin/Debug/UnitTests.DLL" adapterTypeName="Microsoft.VisualStudio.TestTools.TestTypes.Unit.UnitTestAdapter, Microsoft.VisualStudio.QualityTools.Tips.UnitTest.Adapter, Version=10.0.0.0, Culture=neutral, PublicKeyToken=b03f5f7f11d50a3a" className="UnitTests.AprioriTest, UnitTests, Version=1.0.0.0, Culture=neutral, PublicKeyToken=null" name="GenerateSubsetsRecursiveTest" />
    </UnitTest>
    <UnitTest name="CheckIsSubsetTest" storage="d:\git\apriori source code\unittests\bin\debug\unittests.dll" id="47355744-f9b3-7ddf-e694-1d993a4aff04">
      <Execution id="30189710-11e8-42a4-bb43-044b5cad1731" />
      <TestMethod codeBase="D:/Git/Apriori Source Code/UnitTests/bin/Debug/UnitTests.DLL" adapterTypeName="Microsoft.VisualStudio.TestTools.TestTypes.Unit.UnitTestAdapter, Microsoft.VisualStudio.QualityTools.Tips.UnitTest.Adapter, Version=10.0.0.0, Culture=neutral, PublicKeyToken=b03f5f7f11d50a3a" className="UnitTests.AprioriTest, UnitTests, Version=1.0.0.0, Culture=neutral, PublicKeyToken=null" name="CheckIsSubsetTest" />
    </UnitTest>
    <UnitTest name="SolveTest" storage="d:\git\apriori source code\unittests\bin\debug\unittests.dll" id="9df1575e-a82a-a791-2d6a-6724eae7cc43">
      <Execution id="39635af7-4d65-40bf-a46d-c548504ddca9" />
      <TestMethod codeBase="D:/Git/Apriori Source Code/UnitTests/bin/Debug/UnitTests.DLL" adapterTypeName="Microsoft.VisualStudio.TestTools.TestTypes.Unit.UnitTestAdapter, Microsoft.VisualStudio.QualityTools.Tips.UnitTest.Adapter, Version=10.0.0.0, Culture=neutral, PublicKeyToken=b03f5f7f11d50a3a" className="UnitTests.AprioriTest, UnitTests, Version=1.0.0.0, Culture=neutral, PublicKeyToken=null" name="SolveTest" />
    </UnitTest>
    <UnitTest name="GenerateCandidatesTest" storage="d:\git\apriori source code\unittests\bin\debug\unittests.dll" id="806e8973-81b6-8790-7470-23437b085dfa">
      <Execution id="bc9064be-886d-4013-90a6-28af7a9b8a65" />
      <TestMethod codeBase="D:/Git/Apriori Source Code/UnitTests/bin/Debug/UnitTests.DLL" adapterTypeName="Microsoft.VisualStudio.TestTools.TestTypes.Unit.UnitTestAdapter, Microsoft.VisualStudio.QualityTools.Tips.UnitTest.Adapter, Version=10.0.0.0, Culture=neutral, PublicKeyToken=b03f5f7f11d50a3a" className="UnitTests.AprioriTest, UnitTests, Version=1.0.0.0, Culture=neutral, PublicKeyToken=null" name="GenerateCandidatesTest" />
    </UnitTest>
  </TestDefinitions>
  <TestLists>
    <TestList name="Results Not in a List" id="8c84fa94-04c1-424b-9868-57a2d4851a1d" />
    <TestList name="All Loaded Results" id="19431567-8539-422a-85d7-44ee4e166bda" />
  </TestLists>
  <TestEntries>
    <TestEntry testId="0d9c70f7-77dc-7cc2-5ad5-e6c93da95a85" executionId="f38e1ecc-2663-4aee-b384-b012b1d022ab" testListId="8c84fa94-04c1-424b-9868-57a2d4851a1d" />
    <TestEntry testId="11e29e37-ee22-7d4c-b79d-dcd1859ee1d8" executionId="162c803a-2a19-4c67-b594-4c8b1a9d0664" testListId="8c84fa94-04c1-424b-9868-57a2d4851a1d" />
    <TestEntry testId="3db3f769-84d0-6e9f-d9cf-0f244a128d3e" executionId="2d8e5472-4244-4235-a843-adce71cbfea4" testListId="8c84fa94-04c1-424b-9868-57a2d4851a1d" />
    <TestEntry testId="47355744-f9b3-7ddf-e694-1d993a4aff04" executionId="30189710-11e8-42a4-bb43-044b5cad1731" testListId="8c84fa94-04c1-424b-9868-57a2d4851a1d" />
    <TestEntry testId="7aa91dbc-bf30-d8dc-2e2c-67540148b539" executionId="64dc31c7-0913-4f6f-a3f7-b3dfcc1947dd" testListId="8c84fa94-04c1-424b-9868-57a2d4851a1d" />
    <TestEntry testId="806e8973-81b6-8790-7470-23437b085dfa" executionId="bc9064be-886d-4013-90a6-28af7a9b8a65" testListId="8c84fa94-04c1-424b-9868-57a2d4851a1d" />
    <TestEntry testId="9df1575e-a82a-a791-2d6a-6724eae7cc43" executionId="39635af7-4d65-40bf-a46d-c548504ddca9" testListId="8c84fa94-04c1-424b-9868-57a2d4851a1d" />
    <TestEntry testId="b00b8de3-a232-5c13-f763-f9655213c826" executionId="0f20f595-8d5a-4611-b357-4e1250ba8ce9" testListId="8c84fa94-04c1-424b-9868-57a2d4851a1d" />
    <TestEntry testId="d691d167-395e-77cd-bd5c-db1e0eb70640" executionId="825e35c2-4994-474c-a053-20968a237d0f" testListId="8c84fa94-04c1-424b-9868-57a2d4851a1d" />
    <TestEntry testId="d9452e47-f6d3-fd21-14d3-de11b83794de" executionId="7723c58e-6c3f-493e-8116-25826bff4030" testListId="8c84fa94-04c1-424b-9868-57a2d4851a1d" />
    <TestEntry testId="db1faccf-a701-0d7d-e8da-06f4be234fc3" executionId="a11910b4-2607-47e0-9829-3917b0f36f3b" testListId="8c84fa94-04c1-424b-9868-57a2d4851a1d" />
    <TestEntry testId="f7f977c7-b1c5-b0a6-f983-8fb2c58ca403" executionId="abfb7181-4b79-4a50-a5b2-aa19c32cfaaf" testListId="8c84fa94-04c1-424b-9868-57a2d4851a1d" />
  </TestEntries>
  <Results>
    <UnitTestResult executionId="f38e1ecc-2663-4aee-b384-b012b1d022ab" testId="0d9c70f7-77dc-7cc2-5ad5-e6c93da95a85" testName="GenerateSubsetsTest" computerName="OMAR-PC" duration="00:00:00.0379289" startTime="2012-11-21T16:54:31.6221358+02:00" endTime="2012-11-21T16:54:31.9681556+02:00" testType="13cdc9d9-ddb5-4fa4-a97d-d965ccfc6d4b" outcome="Passed" testListId="8c84fa94-04c1-424b-9868-57a2d4851a1d" relativeResultsDirectory="f38e1ecc-2663-4aee-b384-b012b1d022ab">
    </UnitTestResult>
    <UnitTestResult executionId="162c803a-2a19-4c67-b594-4c8b1a9d0664" testId="11e29e37-ee22-7d4c-b79d-dcd1859ee1d8" testName="GenerateSubsetsRecursiveTest" computerName="OMAR-PC" duration="00:00:00.0023932" startTime="2012-11-21T16:54:31.9711558+02:00" endTime="2012-11-21T16:54:31.9791562+02:00" testType="13cdc9d9-ddb5-4fa4-a97d-d965ccfc6d4b" outcome="Passed" testListId="8c84fa94-04c1-424b-9868-57a2d4851a1d" relativeResultsDirectory="162c803a-2a19-4c67-b594-4c8b1a9d0664">
    </UnitTestResult>
    <UnitTestResult executionId="2d8e5472-4244-4235-a843-adce71cbfea4" testId="3db3f769-84d0-6e9f-d9cf-0f244a128d3e" testName="GenerateCandidate_DifferentFirstElementTest" computerName="OMAR-PC" duration="00:00:00.0012899" startTime="2012-11-21T16:54:31.9821564+02:00" endTime="2012-11-21T16:54:31.9881567+02:00" testType="13cdc9d9-ddb5-4fa4-a97d-d965ccfc6d4b" outcome="Passed" testListId="8c84fa94-04c1-424b-9868-57a2d4851a1d" relativeResultsDirectory="2d8e5472-4244-4235-a843-adce71cbfea4">
    </UnitTestResult>
    <UnitTestResult executionId="30189710-11e8-42a4-bb43-044b5cad1731" testId="47355744-f9b3-7ddf-e694-1d993a4aff04" testName="CheckIsSubsetTest" computerName="OMAR-PC" duration="00:00:00.0014235" startTime="2012-11-21T16:54:31.9911569+02:00" endTime="2012-11-21T16:54:32.0001574+02:00" testType="13cdc9d9-ddb5-4fa4-a97d-d965ccfc6d4b" outcome="Passed" testListId="8c84fa94-04c1-424b-9868-57a2d4851a1d" relativeResultsDirectory="30189710-11e8-42a4-bb43-044b5cad1731">
    </UnitTestResult>
    <UnitTestResult executionId="64dc31c7-0913-4f6f-a3f7-b3dfcc1947dd" testId="7aa91dbc-bf30-d8dc-2e2c-67540148b539" testName="GenerateCandidate_SameFirstElementTest" computerName="OMAR-PC" duration="00:00:00.0004500" startTime="2012-11-21T16:54:32.0041576+02:00" endTime="2012-11-21T16:54:32.0091579+02:00" testType="13cdc9d9-ddb5-4fa4-a97d-d965ccfc6d4b" outcome="Passed" testListId="8c84fa94-04c1-424b-9868-57a2d4851a1d" relativeResultsDirectory="64dc31c7-0913-4f6f-a3f7-b3dfcc1947dd">
    </UnitTestResult>
    <UnitTestResult executionId="bc9064be-886d-4013-90a6-28af7a9b8a65" testId="806e8973-81b6-8790-7470-23437b085dfa" testName="GenerateCandidatesTest" computerName="OMAR-PC" duration="00:00:00.0037560" startTime="2012-11-21T16:54:32.0121581+02:00" endTime="2012-11-21T16:54:32.0241588+02:00" testType="13cdc9d9-ddb5-4fa4-a97d-d965ccfc6d4b" outcome="Passed" testListId="8c84fa94-04c1-424b-9868-57a2d4851a1d" relativeResultsDirectory="bc9064be-886d-4013-90a6-28af7a9b8a65">
    </UnitTestResult>
    <UnitTestResult executionId="39635af7-4d65-40bf-a46d-c548504ddca9" testId="9df1575e-a82a-a791-2d6a-6724eae7cc43" testName="SolveTest" computerName="OMAR-PC" duration="00:00:00.0153571" startTime="2012-11-21T16:54:32.0271590+02:00" endTime="2012-11-21T16:54:32.0491602+02:00" testType="13cdc9d9-ddb5-4fa4-a97d-d965ccfc6d4b" outcome="Passed" testListId="8c84fa94-04c1-424b-9868-57a2d4851a1d" relativeResultsDirectory="39635af7-4d65-40bf-a46d-c548504ddca9">
    </UnitTestResult>
    <UnitTestResult executionId="0f20f595-8d5a-4611-b357-4e1250ba8ce9" testId="b00b8de3-a232-5c13-f763-f9655213c826" testName="GetFrequentItemsTest" computerName="OMAR-PC" duration="00:00:00.0019128" startTime="2012-11-21T16:54:32.0521604+02:00" endTime="2012-11-21T16:54:32.0631610+02:00" testType="13cdc9d9-ddb5-4fa4-a97d-d965ccfc6d4b" outcome="Passed" testListId="8c84fa94-04c1-424b-9868-57a2d4851a1d" relativeResultsDirectory="0f20f595-8d5a-4611-b357-4e1250ba8ce9">
    </UnitTestResult>
    <UnitTestResult executionId="825e35c2-4994-474c-a053-20968a237d0f" testId="d691d167-395e-77cd-bd5c-db1e0eb70640" testName="SortTest" computerName="OMAR-PC" duration="00:00:00.0006109" startTime="2012-11-21T16:54:32.0651611+02:00" endTime="2012-11-21T16:54:32.0741616+02:00" testType="13cdc9d9-ddb5-4fa4-a97d-d965ccfc6d4b" outcome="Passed" testListId="8c84fa94-04c1-424b-9868-57a2d4851a1d" relativeResultsDirectory="825e35c2-4994-474c-a053-20968a237d0f">
    </UnitTestResult>
    <UnitTestResult executionId="7723c58e-6c3f-493e-8116-25826bff4030" testId="d9452e47-f6d3-fd21-14d3-de11b83794de" testName="GetL1FrequentItemsTest" computerName="OMAR-PC" duration="00:00:00.0013604" startTime="2012-11-21T16:54:32.0761618+02:00" endTime="2012-11-21T16:54:32.0811620+02:00" testType="13cdc9d9-ddb5-4fa4-a97d-d965ccfc6d4b" outcome="Passed" testListId="8c84fa94-04c1-424b-9868-57a2d4851a1d" relativeResultsDirectory="7723c58e-6c3f-493e-8116-25826bff4030">
    </UnitTestResult>
    <UnitTestResult executionId="a11910b4-2607-47e0-9829-3917b0f36f3b" testId="db1faccf-a701-0d7d-e8da-06f4be234fc3" testName="GenerateCandidate_SingleElementsTest" computerName="OMAR-PC" duration="00:00:00.0004634" startTime="2012-11-21T16:54:32.0831622+02:00" endTime="2012-11-21T16:54:32.0881624+02:00" testType="13cdc9d9-ddb5-4fa4-a97d-d965ccfc6d4b" outcome="Passed" testListId="8c84fa94-04c1-424b-9868-57a2d4851a1d" relativeResultsDirectory="a11910b4-2607-47e0-9829-3917b0f36f3b">
    </UnitTestResult>
    <UnitTestResult executionId="abfb7181-4b79-4a50-a5b2-aa19c32cfaaf" testId="f7f977c7-b1c5-b0a6-f983-8fb2c58ca403" testName="GetSupportTest" computerName="OMAR-PC" duration="00:00:00.0009639" startTime="2012-11-21T16:54:32.0901626+02:00" endTime="2012-11-21T16:54:32.0941628+02:00" testType="13cdc9d9-ddb5-4fa4-a97d-d965ccfc6d4b" outcome="Passed" testListId="8c84fa94-04c1-424b-9868-57a2d4851a1d" relativeResultsDirectory="abfb7181-4b79-4a50-a5b2-aa19c32cfaaf">
    </UnitTestResult>
  </Results>
</TestRun>