<?xml version="1.0" encoding="UTF-8"?>
<TestRun id="b180de19-b9b9-460e-8966-c45d4510cbee" name="Omar@OMAR-PC 2012-11-21 17:23:02" runUser="Omar-PC\Omar" xmlns="http://microsoft.com/schemas/VisualStudio/TeamTest/2010">
  <TestSettings name="Local" id="eef0e273-97f3-4062-8c3f-615cccc566c4">
    <Description>These are default test settings for a local test run.</Description>
    <Deployment enabled="false" runDeploymentRoot="Omar_OMAR-PC 2012-11-21 17_23_02">
      <DeploymentItem filename="D:\Git\Apriori Source Code\AprioriAlgorithm\bin\Debug\AprioriAlgorithm.dll" />
    </Deployment>
    <Execution>
      <TestTypeSpecific />
      <AgentRule name="Execution Agents">
      </AgentRule>
    </Execution>
  </TestSettings>
  <Times creation="2012-11-21T17:23:02.6033151+02:00" queuing="2012-11-21T17:23:02.7513236+02:00" start="2012-11-21T17:23:02.7753250+02:00" finish="2012-11-21T17:23:03.2993549+02:00" />
  <ResultSummary outcome="Completed">
    <Counters total="12" executed="12" passed="12" error="0" failed="0" timeout="0" aborted="0" inconclusive="0" passedButRunAborted="0" notRunnable="0" notExecuted="0" disconnected="0" warning="0" completed="0" inProgress="0" pending="0" />
  </ResultSummary>
  <TestDefinitions>
    <UnitTest name="GetSupportTest" storage="d:\git\apriori source code\unittests\bin\debug\unittests.dll" id="f7f977c7-b1c5-b0a6-f983-8fb2c58ca403">
      <Execution id="dd421ea7-e191-4083-a486-6ebc4a5faebf" />
      <TestMethod codeBase="D:/Git/Apriori Source Code/UnitTests/bin/Debug/UnitTests.DLL" adapterTypeName="Microsoft.VisualStudio.TestTools.TestTypes.Unit.UnitTestAdapter, Microsoft.VisualStudio.QualityTools.Tips.UnitTest.Adapter, Version=10.0.0.0, Culture=neutral, PublicKeyToken=b03f5f7f11d50a3a" className="UnitTests.AprioriTest, UnitTests, Version=1.0.0.0, Culture=neutral, PublicKeyToken=null" name="GetSupportTest" />
    </UnitTest>
    <UnitTest name="GenerateCandidate_SameFirstElementTest" storage="d:\git\apriori source code\unittests\bin\debug\unittests.dll" id="7aa91dbc-bf30-d8dc-2e2c-67540148b539">
      <Execution id="7ea3157a-b82a-4d6e-96f6-c8e97fb9fce4" />
      <TestMethod codeBase="D:/Git/Apriori Source Code/UnitTests/bin/Debug/UnitTests.DLL" adapterTypeName="Microsoft.VisualStudio.TestTools.TestTypes.Unit.UnitTestAdapter, Microsoft.VisualStudio.QualityTools.Tips.UnitTest.Adapter, Version=10.0.0.0, Culture=neutral, PublicKeyToken=b03f5f7f11d50a3a" className="UnitTests.AprioriTest, UnitTests, Version=1.0.0.0, Culture=neutral, PublicKeyToken=null" name="GenerateCandidate_SameFirstElementTest" />
    </UnitTest>
    <UnitTest name="GenerateCandidate_DifferentFirstElementTest" storage="d:\git\apriori source code\unittests\bin\debug\unittests.dll" id="3db3f769-84d0-6e9f-d9cf-0f244a128d3e">
      <Execution id="f79f5e71-da7b-41b3-8298-22193c5c9a87" />
      <TestMethod codeBase="D:/Git/Apriori Source Code/UnitTests/bin/Debug/UnitTests.DLL" adapterTypeName="Microsoft.VisualStudio.TestTools.TestTypes.Unit.UnitTestAdapter, Microsoft.VisualStudio.QualityTools.Tips.UnitTest.Adapter, Version=10.0.0.0, Culture=neutral, PublicKeyToken=b03f5f7f11d50a3a" className="UnitTests.AprioriTest, UnitTests, Version=1.0.0.0, Culture=neutral, PublicKeyToken=null" name="GenerateCandidate_DifferentFirstElementTest" />
    </UnitTest>
    <UnitTest name="GetL1FrequentItemsTest" storage="d:\git\apriori source code\unittests\bin\debug\unittests.dll" id="d9452e47-f6d3-fd21-14d3-de11b83794de">
      <Execution id="28209987-fb55-4608-bc75-61c8f6b1d540" />
      <TestMethod codeBase="D:/Git/Apriori Source Code/UnitTests/bin/Debug/UnitTests.DLL" adapterTypeName="Microsoft.VisualStudio.TestTools.TestTypes.Unit.UnitTestAdapter, Microsoft.VisualStudio.QualityTools.Tips.UnitTest.Adapter, Version=10.0.0.0, Culture=neutral, PublicKeyToken=b03f5f7f11d50a3a" className="UnitTests.AprioriTest, UnitTests, Version=1.0.0.0, Culture=neutral, PublicKeyToken=null" name="GetL1FrequentItemsTest" />
    </UnitTest>
    <UnitTest name="GenerateCandidate_SingleElementsTest" storage="d:\git\apriori source code\unittests\bin\debug\unittests.dll" id="db1faccf-a701-0d7d-e8da-06f4be234fc3">
      <Execution id="8eb719cd-e77d-4837-b2b5-b063e44298cc" />
      <TestMethod codeBase="D:/Git/Apriori Source Code/UnitTests/bin/Debug/UnitTests.DLL" adapterTypeName="Microsoft.VisualStudio.TestTools.TestTypes.Unit.UnitTestAdapter, Microsoft.VisualStudio.QualityTools.Tips.UnitTest.Adapter, Version=10.0.0.0, Culture=neutral, PublicKeyToken=b03f5f7f11d50a3a" className="UnitTests.AprioriTest, UnitTests, Version=1.0.0.0, Culture=neutral, PublicKeyToken=null" name="GenerateCandidate_SingleElementsTest" />
    </UnitTest>
    <UnitTest name="GetFrequentItemsTest" storage="d:\git\apriori source code\unittests\bin\debug\unittests.dll" id="b00b8de3-a232-5c13-f763-f9655213c826">
      <Execution id="9138e33a-21bd-4523-82ac-c8aecfc8eb5d" />
      <TestMethod codeBase="D:/Git/Apriori Source Code/UnitTests/bin/Debug/UnitTests.DLL" adapterTypeName="Microsoft.VisualStudio.TestTools.TestTypes.Unit.UnitTestAdapter, Microsoft.VisualStudio.QualityTools.Tips.UnitTest.Adapter, Version=10.0.0.0, Culture=neutral, PublicKeyToken=b03f5f7f11d50a3a" className="UnitTests.AprioriTest, UnitTests, Version=1.0.0.0, Culture=neutral, PublicKeyToken=null" name="GetFrequentItemsTest" />
    </UnitTest>
    <UnitTest name="GenerateSubsetsTest" storage="d:\git\apriori source code\unittests\bin\debug\unittests.dll" id="0d9c70f7-77dc-7cc2-5ad5-e6c93da95a85">
      <Execution id="eadf4aa2-fa92-439c-8462-2316de8d5e13" />
      <TestMethod codeBase="D:/Git/Apriori Source Code/UnitTests/bin/Debug/UnitTests.DLL" adapterTypeName="Microsoft.VisualStudio.TestTools.TestTypes.Unit.UnitTestAdapter, Microsoft.VisualStudio.QualityTools.Tips.UnitTest.Adapter, Version=10.0.0.0, Culture=neutral, PublicKeyToken=b03f5f7f11d50a3a" className="UnitTests.AprioriTest, UnitTests, Version=1.0.0.0, Culture=neutral, PublicKeyToken=null" name="GenerateSubsetsTest" />
    </UnitTest>
    <UnitTest name="SortTest" storage="d:\git\apriori source code\unittests\bin\debug\unittests.dll" id="d691d167-395e-77cd-bd5c-db1e0eb70640">
      <Execution id="6f53295d-991d-4e72-88b6-2a8a5fdbf1e0" />
      <TestMethod codeBase="D:/Git/Apriori Source Code/UnitTests/bin/Debug/UnitTests.DLL" adapterTypeName="Microsoft.VisualStudio.TestTools.TestTypes.Unit.UnitTestAdapter, Microsoft.VisualStudio.QualityTools.Tips.UnitTest.Adapter, Version=10.0.0.0, Culture=neutral, PublicKeyToken=b03f5f7f11d50a3a" className="UnitTests.SorterTest, UnitTests, Version=1.0.0.0, Culture=neutral, PublicKeyToken=null" name="SortTest" />
    </UnitTest>
    <UnitTest name="GenerateSubsetsRecursiveTest" storage="d:\git\apriori source code\unittests\bin\debug\unittests.dll" id="11e29e37-ee22-7d4c-b79d-dcd1859ee1d8">
      <Execution id="f813981a-6c80-458d-a17d-adf9aed7cee3" />
      <TestMethod codeBase="D:/Git/Apriori Source Code/UnitTests/bin/Debug/UnitTests.DLL" adapterTypeName="Microsoft.VisualStudio.TestTools.TestTypes.Unit.UnitTestAdapter, Microsoft.VisualStudio.QualityTools.Tips.UnitTest.Adapter, Version=10.0.0.0, Culture=neutral, PublicKeyToken=b03f5f7f11d50a3a" className="UnitTests.AprioriTest, UnitTests, Version=1.0.0.0, Culture=neutral, PublicKeyToken=null" name="GenerateSubsetsRecursiveTest" />
    </UnitTest>
    <UnitTest name="CheckIsSubsetTest" storage="d:\git\apriori source code\unittests\bin\debug\unittests.dll" id="47355744-f9b3-7ddf-e694-1d993a4aff04">
      <Execution id="f5d8ee3b-4935-4530-a073-aad3edd3da30" />
      <TestMethod codeBase="D:/Git/Apriori Source Code/UnitTests/bin/Debug/UnitTests.DLL" adapterTypeName="Microsoft.VisualStudio.TestTools.TestTypes.Unit.UnitTestAdapter, Microsoft.VisualStudio.QualityTools.Tips.UnitTest.Adapter, Version=10.0.0.0, Culture=neutral, PublicKeyToken=b03f5f7f11d50a3a" className="UnitTests.AprioriTest, UnitTests, Version=1.0.0.0, Culture=neutral, PublicKeyToken=null" name="CheckIsSubsetTest" />
    </UnitTest>
    <UnitTest name="ProcessTransactionTest" storage="d:\git\apriori source code\unittests\bin\debug\unittests.dll" id="b342f264-9df3-807c-ce99-6c6e897104ee">
      <Execution id="37a9f541-e5bf-4bf2-b70c-c9a9a4b87c3f" />
      <TestMethod codeBase="D:/Git/Apriori Source Code/UnitTests/bin/Debug/UnitTests.DLL" adapterTypeName="Microsoft.VisualStudio.TestTools.TestTypes.Unit.UnitTestAdapter, Microsoft.VisualStudio.QualityTools.Tips.UnitTest.Adapter, Version=10.0.0.0, Culture=neutral, PublicKeyToken=b03f5f7f11d50a3a" className="UnitTests.AprioriTest, UnitTests, Version=1.0.0.0, Culture=neutral, PublicKeyToken=null" name="ProcessTransactionTest" />
    </UnitTest>
    <UnitTest name="GenerateCandidatesTest" storage="d:\git\apriori source code\unittests\bin\debug\unittests.dll" id="806e8973-81b6-8790-7470-23437b085dfa">
      <Execution id="9ae1d51e-0259-4e13-a330-87c565d016ad" />
      <TestMethod codeBase="D:/Git/Apriori Source Code/UnitTests/bin/Debug/UnitTests.DLL" adapterTypeName="Microsoft.VisualStudio.TestTools.TestTypes.Unit.UnitTestAdapter, Microsoft.VisualStudio.QualityTools.Tips.UnitTest.Adapter, Version=10.0.0.0, Culture=neutral, PublicKeyToken=b03f5f7f11d50a3a" className="UnitTests.AprioriTest, UnitTests, Version=1.0.0.0, Culture=neutral, PublicKeyToken=null" name="GenerateCandidatesTest" />
    </UnitTest>
  </TestDefinitions>
  <TestLists>
    <TestList name="Results Not in a List" id="8c84fa94-04c1-424b-9868-57a2d4851a1d" />
    <TestList name="All Loaded Results" id="19431567-8539-422a-85d7-44ee4e166bda" />
  </TestLists>
  <TestEntries>
    <TestEntry testId="0d9c70f7-77dc-7cc2-5ad5-e6c93da95a85" executionId="eadf4aa2-fa92-439c-8462-2316de8d5e13" testListId="8c84fa94-04c1-424b-9868-57a2d4851a1d" />
    <TestEntry testId="11e29e37-ee22-7d4c-b79d-dcd1859ee1d8" executionId="f813981a-6c80-458d-a17d-adf9aed7cee3" testListId="8c84fa94-04c1-424b-9868-57a2d4851a1d" />
    <TestEntry testId="3db3f769-84d0-6e9f-d9cf-0f244a128d3e" executionId="f79f5e71-da7b-41b3-8298-22193c5c9a87" testListId="8c84fa94-04c1-424b-9868-57a2d4851a1d" />
    <TestEntry testId="47355744-f9b3-7ddf-e694-1d993a4aff04" executionId="f5d8ee3b-4935-4530-a073-aad3edd3da30" testListId="8c84fa94-04c1-424b-9868-57a2d4851a1d" />
    <TestEntry testId="7aa91dbc-bf30-d8dc-2e2c-67540148b539" executionId="7ea3157a-b82a-4d6e-96f6-c8e97fb9fce4" testListId="8c84fa94-04c1-424b-9868-57a2d4851a1d" />
    <TestEntry testId="806e8973-81b6-8790-7470-23437b085dfa" executionId="9ae1d51e-0259-4e13-a330-87c565d016ad" testListId="8c84fa94-04c1-424b-9868-57a2d4851a1d" />
    <TestEntry testId="b00b8de3-a232-5c13-f763-f9655213c826" executionId="9138e33a-21bd-4523-82ac-c8aecfc8eb5d" testListId="8c84fa94-04c1-424b-9868-57a2d4851a1d" />
    <TestEntry testId="b342f264-9df3-807c-ce99-6c6e897104ee" executionId="37a9f541-e5bf-4bf2-b70c-c9a9a4b87c3f" testListId="8c84fa94-04c1-424b-9868-57a2d4851a1d" />
    <TestEntry testId="d691d167-395e-77cd-bd5c-db1e0eb70640" executionId="6f53295d-991d-4e72-88b6-2a8a5fdbf1e0" testListId="8c84fa94-04c1-424b-9868-57a2d4851a1d" />
    <TestEntry testId="d9452e47-f6d3-fd21-14d3-de11b83794de" executionId="28209987-fb55-4608-bc75-61c8f6b1d540" testListId="8c84fa94-04c1-424b-9868-57a2d4851a1d" />
    <TestEntry testId="db1faccf-a701-0d7d-e8da-06f4be234fc3" executionId="8eb719cd-e77d-4837-b2b5-b063e44298cc" testListId="8c84fa94-04c1-424b-9868-57a2d4851a1d" />
    <TestEntry testId="f7f977c7-b1c5-b0a6-f983-8fb2c58ca403" executionId="dd421ea7-e191-4083-a486-6ebc4a5faebf" testListId="8c84fa94-04c1-424b-9868-57a2d4851a1d" />
  </TestEntries>
  <Results>
    <UnitTestResult executionId="eadf4aa2-fa92-439c-8462-2316de8d5e13" testId="0d9c70f7-77dc-7cc2-5ad5-e6c93da95a85" testName="GenerateSubsetsTest" computerName="OMAR-PC" duration="00:00:00.0300872" startTime="2012-11-21T17:23:02.7813253+02:00" endTime="2012-11-21T17:23:03.1663473+02:00" testType="13cdc9d9-ddb5-4fa4-a97d-d965ccfc6d4b" outcome="Passed" testListId="8c84fa94-04c1-424b-9868-57a2d4851a1d" relativeResultsDirectory="eadf4aa2-fa92-439c-8462-2316de8d5e13">
    </UnitTestResult>
    <UnitTestResult executionId="f813981a-6c80-458d-a17d-adf9aed7cee3" testId="11e29e37-ee22-7d4c-b79d-dcd1859ee1d8" testName="GenerateSubsetsRecursiveTest" computerName="OMAR-PC" duration="00:00:00.0017827" startTime="2012-11-21T17:23:03.1673474+02:00" endTime="2012-11-21T17:23:03.1743478+02:00" testType="13cdc9d9-ddb5-4fa4-a97d-d965ccfc6d4b" outcome="Passed" testListId="8c84fa94-04c1-424b-9868-57a2d4851a1d" relativeResultsDirectory="f813981a-6c80-458d-a17d-adf9aed7cee3">
    </UnitTestResult>
    <UnitTestResult executionId="f79f5e71-da7b-41b3-8298-22193c5c9a87" testId="3db3f769-84d0-6e9f-d9cf-0f244a128d3e" testName="GenerateCandidate_DifferentFirstElementTest" computerName="OMAR-PC" duration="00:00:00.0013604" startTime="2012-11-21T17:23:03.1763479+02:00" endTime="2012-11-21T17:23:03.1813482+02:00" testType="13cdc9d9-ddb5-4fa4-a97d-d965ccfc6d4b" outcome="Passed" testListId="8c84fa94-04c1-424b-9868-57a2d4851a1d" relativeResultsDirectory="f79f5e71-da7b-41b3-8298-22193c5c9a87">
    </UnitTestResult>
    <UnitTestResult executionId="f5d8ee3b-4935-4530-a073-aad3edd3da30" testId="47355744-f9b3-7ddf-e694-1d993a4aff04" testName="CheckIsSubsetTest" computerName="OMAR-PC" duration="00:00:00.0012592" startTime="2012-11-21T17:23:03.1833483+02:00" endTime="2012-11-21T17:23:03.1883486+02:00" testType="13cdc9d9-ddb5-4fa4-a97d-d965ccfc6d4b" outcome="Passed" testListId="8c84fa94-04c1-424b-9868-57a2d4851a1d" relativeResultsDirectory="f5d8ee3b-4935-4530-a073-aad3edd3da30">
    </UnitTestResult>
    <UnitTestResult executionId="7ea3157a-b82a-4d6e-96f6-c8e97fb9fce4" testId="7aa91dbc-bf30-d8dc-2e2c-67540148b539" testName="GenerateCandidate_SameFirstElementTest" computerName="OMAR-PC" duration="00:00:00.0005520" startTime="2012-11-21T17:23:03.1903487+02:00" endTime="2012-11-21T17:23:03.1953490+02:00" testType="13cdc9d9-ddb5-4fa4-a97d-d965ccfc6d4b" outcome="Passed" testListId="8c84fa94-04c1-424b-9868-57a2d4851a1d" relativeResultsDirectory="7ea3157a-b82a-4d6e-96f6-c8e97fb9fce4">
    </UnitTestResult>
    <UnitTestResult executionId="9ae1d51e-0259-4e13-a330-87c565d016ad" testId="806e8973-81b6-8790-7470-23437b085dfa" testName="GenerateCandidatesTest" computerName="OMAR-PC" duration="00:00:00.0038014" startTime="2012-11-21T17:23:03.1973491+02:00" endTime="2012-11-21T17:23:03.2043495+02:00" testType="13cdc9d9-ddb5-4fa4-a97d-d965ccfc6d4b" outcome="Passed" testListId="8c84fa94-04c1-424b-9868-57a2d4851a1d" relativeResultsDirectory="9ae1d51e-0259-4e13-a330-87c565d016ad">
    </UnitTestResult>
    <UnitTestResult executionId="9138e33a-21bd-4523-82ac-c8aecfc8eb5d" testId="b00b8de3-a232-5c13-f763-f9655213c826" testName="GetFrequentItemsTest" computerName="OMAR-PC" duration="00:00:00.0038330" startTime="2012-11-21T17:23:03.2073497+02:00" endTime="2012-11-21T17:23:03.2153501+02:00" testType="13cdc9d9-ddb5-4fa4-a97d-d965ccfc6d4b" outcome="Passed" testListId="8c84fa94-04c1-424b-9868-57a2d4851a1d" relativeResultsDirectory="9138e33a-21bd-4523-82ac-c8aecfc8eb5d">
    </UnitTestResult>
    <UnitTestResult executionId="37a9f541-e5bf-4bf2-b70c-c9a9a4b87c3f" testId="b342f264-9df3-807c-ce99-6c6e897104ee" testName="ProcessTransactionTest" computerName="OMAR-PC" duration="00:00:00.0121901" startTime="2012-11-21T17:23:03.2173502+02:00" endTime="2012-11-21T17:23:03.2333512+02:00" testType="13cdc9d9-ddb5-4fa4-a97d-d965ccfc6d4b" outcome="Passed" testListId="8c84fa94-04c1-424b-9868-57a2d4851a1d" relativeResultsDirectory="37a9f541-e5bf-4bf2-b70c-c9a9a4b87c3f">
    </UnitTestResult>
    <UnitTestResult executionId="6f53295d-991d-4e72-88b6-2a8a5fdbf1e0" testId="d691d167-395e-77cd-bd5c-db1e0eb70640" testName="SortTest" computerName="OMAR-PC" duration="00:00:00.0005246" startTime="2012-11-21T17:23:03.2343512+02:00" endTime="2012-11-21T17:23:03.2393515+02:00" testType="13cdc9d9-ddb5-4fa4-a97d-d965ccfc6d4b" outcome="Passed" testListId="8c84fa94-04c1-424b-9868-57a2d4851a1d" relativeResultsDirectory="6f53295d-991d-4e72-88b6-2a8a5fdbf1e0">
    </UnitTestResult>
    <UnitTestResult executionId="28209987-fb55-4608-bc75-61c8f6b1d540" testId="d9452e47-f6d3-fd21-14d3-de11b83794de" testName="GetL1FrequentItemsTest" computerName="OMAR-PC" duration="00:00:00.0015202" startTime="2012-11-21T17:23:03.2403516+02:00" endTime="2012-11-21T17:23:03.2463519+02:00" testType="13cdc9d9-ddb5-4fa4-a97d-d965ccfc6d4b" outcome="Passed" testListId="8c84fa94-04c1-424b-9868-57a2d4851a1d" relativeResultsDirectory="28209987-fb55-4608-bc75-61c8f6b1d540">
    </UnitTestResult>
    <UnitTestResult executionId="8eb719cd-e77d-4837-b2b5-b063e44298cc" testId="db1faccf-a701-0d7d-e8da-06f4be234fc3" testName="GenerateCandidate_SingleElementsTest" computerName="OMAR-PC" duration="00:00:00.0005027" startTime="2012-11-21T17:23:03.2473520+02:00" endTime="2012-11-21T17:23:03.2523522+02:00" testType="13cdc9d9-ddb5-4fa4-a97d-d965ccfc6d4b" outcome="Passed" testListId="8c84fa94-04c1-424b-9868-57a2d4851a1d" relativeResultsDirectory="8eb719cd-e77d-4837-b2b5-b063e44298cc">
    </UnitTestResult>
    <UnitTestResult executionId="dd421ea7-e191-4083-a486-6ebc4a5faebf" testId="f7f977c7-b1c5-b0a6-f983-8fb2c58ca403" testName="GetSupportTest" computerName="OMAR-PC" duration="00:00:00.0011094" startTime="2012-11-21T17:23:03.2533523+02:00" endTime="2012-11-21T17:23:03.2593526+02:00" testType="13cdc9d9-ddb5-4fa4-a97d-d965ccfc6d4b" outcome="Passed" testListId="8c84fa94-04c1-424b-9868-57a2d4851a1d" relativeResultsDirectory="dd421ea7-e191-4083-a486-6ebc4a5faebf">
    </UnitTestResult>
  </Results>
</TestRun>