<?xml version="1.0" encoding="UTF-8"?>
<TestRun id="25215933-77a1-4b56-9729-4b9d8c231505" name="Omar@OMAR-PC 2012-11-21 21:53:26" runUser="Omar-PC\Omar" xmlns="http://microsoft.com/schemas/VisualStudio/TeamTest/2010">
  <TestSettings name="Local" id="eef0e273-97f3-4062-8c3f-615cccc566c4">
    <Description>These are default test settings for a local test run.</Description>
    <Deployment enabled="false" runDeploymentRoot="Omar_OMAR-PC 2012-11-21 21_53_26">
      <DeploymentItem filename="D:\Git\Apriori Source Code\WPFClient\bin\Debug\WPFClient.exe" />
      <DeploymentItem filename="D:\Git\Apriori Source Code\AprioriAlgorithm\bin\Debug\AprioriAlgorithm.dll" />
      <DeploymentItem filename="D:\Git\Apriori Source Code\References\Moq.dll" />
    </Deployment>
    <Execution>
      <TestTypeSpecific />
      <AgentRule name="Execution Agents">
      </AgentRule>
    </Execution>
  </TestSettings>
  <Times creation="2012-11-21T21:53:26.4882683+02:00" queuing="2012-11-21T21:53:26.8682900+02:00" start="2012-11-21T21:53:26.9222931+02:00" finish="2012-11-21T21:53:27.7073380+02:00" />
  <ResultSummary outcome="Failed">
    <Counters total="1" executed="1" error="0" failed="1" timeout="0" aborted="0" inconclusive="0" passedButRunAborted="0" notRunnable="0" notExecuted="0" disconnected="0" warning="0" passed="0" completed="0" inProgress="0" pending="0" />
  </ResultSummary>
  <TestDefinitions>
    <UnitTest name="RemoveItemInTransactionTest" storage="d:\git\apriori source code\unittests\bin\debug\unittests.dll" id="78da8912-693d-a93a-93ce-8018b63f2936">
      <Execution id="30ef5513-857f-4b1a-a8d1-0193203f14c8" />
      <TestMethod codeBase="D:/Git/Apriori Source Code/UnitTests/bin/Debug/UnitTests.DLL" adapterTypeName="Microsoft.VisualStudio.TestTools.TestTypes.Unit.UnitTestAdapter, Microsoft.VisualStudio.QualityTools.Tips.UnitTest.Adapter, Version=10.0.0.0, Culture=neutral, PublicKeyToken=b03f5f7f11d50a3a" className="UnitTests.MainViewModelTest, UnitTests, Version=1.0.0.0, Culture=neutral, PublicKeyToken=null" name="RemoveItemInTransactionTest" />
    </UnitTest>
  </TestDefinitions>
  <TestLists>
    <TestList name="Results Not in a List" id="8c84fa94-04c1-424b-9868-57a2d4851a1d" />
    <TestList name="All Loaded Results" id="19431567-8539-422a-85d7-44ee4e166bda" />
  </TestLists>
  <TestEntries>
    <TestEntry testId="78da8912-693d-a93a-93ce-8018b63f2936" executionId="30ef5513-857f-4b1a-a8d1-0193203f14c8" testListId="8c84fa94-04c1-424b-9868-57a2d4851a1d" />
  </TestEntries>
  <Results>
    <UnitTestResult executionId="30ef5513-857f-4b1a-a8d1-0193203f14c8" testId="78da8912-693d-a93a-93ce-8018b63f2936" testName="RemoveItemInTransactionTest" computerName="OMAR-PC" duration="00:00:00.2943663" startTime="2012-11-21T21:53:26.9342938+02:00" endTime="2012-11-21T21:53:27.6753362+02:00" testType="13cdc9d9-ddb5-4fa4-a97d-d965ccfc6d4b" outcome="Failed" testListId="8c84fa94-04c1-424b-9868-57a2d4851a1d" relativeResultsDirectory="30ef5513-857f-4b1a-a8d1-0193203f14c8">
      <Output>
        <ErrorInfo>
          <Message>Assert.AreEqual failed. Expected:&lt;1&gt;. Actual:&lt;0&gt;. </Message>
          <StackTrace>   at UnitTests.MainViewModelTest.RemoveItemInTransactionTest() in D:\Git\Apriori Source Code\UnitTests\MainViewModelTest.cs:line 68
</StackTrace>
        </ErrorInfo>
      </Output>
    </UnitTestResult>
  </Results>
</TestRun>