<?xml version="1.0" encoding="UTF-8"?>
<TestRun id="02f41bbb-34b8-420e-9713-b3648907d25f" name="Omar@OMAR-PC 2012-11-22 00:16:40" runUser="Omar-PC\Omar" xmlns="http://microsoft.com/schemas/VisualStudio/TeamTest/2010">
  <TestSettings name="Local" id="eef0e273-97f3-4062-8c3f-615cccc566c4">
    <Description>These are default test settings for a local test run.</Description>
    <Deployment enabled="false" runDeploymentRoot="Omar_OMAR-PC 2012-11-22 00_16_40">
      <DeploymentItem filename="D:\Git\Apriori Source Code\WPFClient\bin\Debug\WPFClient.exe" />
      <DeploymentItem filename="D:\Git\Apriori Source Code\AprioriAlgorithm\bin\Debug\AprioriAlgorithm.dll" />
      <DeploymentItem filename="D:\Git\Apriori Source Code\References\Moq.dll" />
    </Deployment>
    <Execution>
      <TestTypeSpecific />
      <AgentRule name="Execution Agents">
      </AgentRule>
    </Execution>
  </TestSettings>
  <Times creation="2012-11-22T00:16:40.8428372+02:00" queuing="2012-11-22T00:16:41.1038522+02:00" start="2012-11-22T00:16:41.1428544+02:00" finish="2012-11-22T00:16:42.1929144+02:00" />
  <ResultSummary outcome="Failed">
    <Counters total="24" executed="24" passed="21" error="0" failed="3" timeout="0" aborted="0" inconclusive="0" passedButRunAborted="0" notRunnable="0" notExecuted="0" disconnected="0" warning="0" completed="0" inProgress="0" pending="0" />
  </ResultSummary>
  <TestDefinitions>
    <UnitTest name="GenerateCandidate_SingleElementsTest" storage="d:\git\apriori source code\unittests\bin\debug\unittests.dll" id="db1faccf-a701-0d7d-e8da-06f4be234fc3">
      <Execution id="06e6369d-d58f-4a66-8871-6b5690d45a64" />
      <TestMethod codeBase="D:/Git/Apriori Source Code/UnitTests/bin/Debug/UnitTests.DLL" adapterTypeName="Microsoft.VisualStudio.TestTools.TestTypes.Unit.UnitTestAdapter, Microsoft.VisualStudio.QualityTools.Tips.UnitTest.Adapter, Version=10.0.0.0, Culture=neutral, PublicKeyToken=b03f5f7f11d50a3a" className="UnitTests.AprioriTest, UnitTests, Version=1.0.0.0, Culture=neutral, PublicKeyToken=null" name="GenerateCandidate_SingleElementsTest" />
    </UnitTest>
    <UnitTest name="CheckIsSubsetTest" storage="d:\git\apriori source code\unittests\bin\debug\unittests.dll" id="47355744-f9b3-7ddf-e694-1d993a4aff04">
      <Execution id="81907ded-d0e1-44e7-8d61-46b497456a99" />
      <TestMethod codeBase="D:/Git/Apriori Source Code/UnitTests/bin/Debug/UnitTests.DLL" adapterTypeName="Microsoft.VisualStudio.TestTools.TestTypes.Unit.UnitTestAdapter, Microsoft.VisualStudio.QualityTools.Tips.UnitTest.Adapter, Version=10.0.0.0, Culture=neutral, PublicKeyToken=b03f5f7f11d50a3a" className="UnitTests.AprioriTest, UnitTests, Version=1.0.0.0, Culture=neutral, PublicKeyToken=null" name="CheckIsSubsetTest" />
    </UnitTest>
    <UnitTest name="GenerateSubsetsTest" storage="d:\git\apriori source code\unittests\bin\debug\unittests.dll" id="0d9c70f7-77dc-7cc2-5ad5-e6c93da95a85">
      <Execution id="e0f25fec-fe12-44e6-abb1-c8c529b05cb1" />
      <TestMethod codeBase="D:/Git/Apriori Source Code/UnitTests/bin/Debug/UnitTests.DLL" adapterTypeName="Microsoft.VisualStudio.TestTools.TestTypes.Unit.UnitTestAdapter, Microsoft.VisualStudio.QualityTools.Tips.UnitTest.Adapter, Version=10.0.0.0, Culture=neutral, PublicKeyToken=b03f5f7f11d50a3a" className="UnitTests.AprioriTest, UnitTests, Version=1.0.0.0, Culture=neutral, PublicKeyToken=null" name="GenerateSubsetsTest" />
    </UnitTest>
    <UnitTest name="GetL1FrequentItemsTest" storage="d:\git\apriori source code\unittests\bin\debug\unittests.dll" id="d9452e47-f6d3-fd21-14d3-de11b83794de">
      <Execution id="dbe05bb3-a515-4807-af0f-6da53e6105ac" />
      <TestMethod codeBase="D:/Git/Apriori Source Code/UnitTests/bin/Debug/UnitTests.DLL" adapterTypeName="Microsoft.VisualStudio.TestTools.TestTypes.Unit.UnitTestAdapter, Microsoft.VisualStudio.QualityTools.Tips.UnitTest.Adapter, Version=10.0.0.0, Culture=neutral, PublicKeyToken=b03f5f7f11d50a3a" className="UnitTests.AprioriTest, UnitTests, Version=1.0.0.0, Culture=neutral, PublicKeyToken=null" name="GetL1FrequentItemsTest" />
    </UnitTest>
    <UnitTest name="GenerateCandidate_SameFirstElementTest" storage="d:\git\apriori source code\unittests\bin\debug\unittests.dll" id="7aa91dbc-bf30-d8dc-2e2c-67540148b539">
      <Execution id="73758549-7857-43af-866b-f4d598a6587c" />
      <TestMethod codeBase="D:/Git/Apriori Source Code/UnitTests/bin/Debug/UnitTests.DLL" adapterTypeName="Microsoft.VisualStudio.TestTools.TestTypes.Unit.UnitTestAdapter, Microsoft.VisualStudio.QualityTools.Tips.UnitTest.Adapter, Version=10.0.0.0, Culture=neutral, PublicKeyToken=b03f5f7f11d50a3a" className="UnitTests.AprioriTest, UnitTests, Version=1.0.0.0, Culture=neutral, PublicKeyToken=null" name="GenerateCandidate_SameFirstElementTest" />
    </UnitTest>
    <UnitTest name="DeleteTransactionTest" storage="d:\git\apriori source code\unittests\bin\debug\unittests.dll" id="0f6be0cd-d9b5-1c72-ee7c-4ab1f6302148">
      <Execution id="bf948149-fae6-4804-9365-48baa8376109" />
      <TestMethod codeBase="D:/Git/Apriori Source Code/UnitTests/bin/Debug/UnitTests.DLL" adapterTypeName="Microsoft.VisualStudio.TestTools.TestTypes.Unit.UnitTestAdapter, Microsoft.VisualStudio.QualityTools.Tips.UnitTest.Adapter, Version=10.0.0.0, Culture=neutral, PublicKeyToken=b03f5f7f11d50a3a" className="UnitTests.MainViewModelTest, UnitTests, Version=1.0.0.0, Culture=neutral, PublicKeyToken=null" name="DeleteTransactionTest" />
    </UnitTest>
    <UnitTest name="CanRemoveItemWhenSelectedItemIsNull" storage="d:\git\apriori source code\unittests\bin\debug\unittests.dll" id="7d0da9b9-0f04-1952-d8cf-da2e5c93727e">
      <Execution id="904e2b0f-8cfa-42c4-bcd3-f76343557392" />
      <TestMethod codeBase="D:/Git/Apriori Source Code/UnitTests/bin/Debug/UnitTests.DLL" adapterTypeName="Microsoft.VisualStudio.TestTools.TestTypes.Unit.UnitTestAdapter, Microsoft.VisualStudio.QualityTools.Tips.UnitTest.Adapter, Version=10.0.0.0, Culture=neutral, PublicKeyToken=b03f5f7f11d50a3a" className="UnitTests.MainViewModelTest, UnitTests, Version=1.0.0.0, Culture=neutral, PublicKeyToken=null" name="CanRemoveItemWhenSelectedItemIsNull" />
    </UnitTest>
    <UnitTest name="GenerateCandidate_DifferentFirstElementTest" storage="d:\git\apriori source code\unittests\bin\debug\unittests.dll" id="3db3f769-84d0-6e9f-d9cf-0f244a128d3e">
      <Execution id="ee0d4a99-03c3-48f1-afd8-573a106c2c53" />
      <TestMethod codeBase="D:/Git/Apriori Source Code/UnitTests/bin/Debug/UnitTests.DLL" adapterTypeName="Microsoft.VisualStudio.TestTools.TestTypes.Unit.UnitTestAdapter, Microsoft.VisualStudio.QualityTools.Tips.UnitTest.Adapter, Version=10.0.0.0, Culture=neutral, PublicKeyToken=b03f5f7f11d50a3a" className="UnitTests.AprioriTest, UnitTests, Version=1.0.0.0, Culture=neutral, PublicKeyToken=null" name="GenerateCandidate_DifferentFirstElementTest" />
    </UnitTest>
    <UnitTest name="GetFrequentItemsTest" storage="d:\git\apriori source code\unittests\bin\debug\unittests.dll" id="b00b8de3-a232-5c13-f763-f9655213c826">
      <Execution id="f81ea63b-74fd-40a8-b564-8f238e355ab4" />
      <TestMethod codeBase="D:/Git/Apriori Source Code/UnitTests/bin/Debug/UnitTests.DLL" adapterTypeName="Microsoft.VisualStudio.TestTools.TestTypes.Unit.UnitTestAdapter, Microsoft.VisualStudio.QualityTools.Tips.UnitTest.Adapter, Version=10.0.0.0, Culture=neutral, PublicKeyToken=b03f5f7f11d50a3a" className="UnitTests.AprioriTest, UnitTests, Version=1.0.0.0, Culture=neutral, PublicKeyToken=null" name="GetFrequentItemsTest" />
    </UnitTest>
    <UnitTest name="RemoveItemTest" storage="d:\git\apriori source code\unittests\bin\debug\unittests.dll" id="7be207c9-5a2c-bada-4c5d-443cebf103df">
      <Execution id="4da4e53f-25ba-41d9-b46d-dde508b09fef" />
      <TestMethod codeBase="D:/Git/Apriori Source Code/UnitTests/bin/Debug/UnitTests.DLL" adapterTypeName="Microsoft.VisualStudio.TestTools.TestTypes.Unit.UnitTestAdapter, Microsoft.VisualStudio.QualityTools.Tips.UnitTest.Adapter, Version=10.0.0.0, Culture=neutral, PublicKeyToken=b03f5f7f11d50a3a" className="UnitTests.MainViewModelTest, UnitTests, Version=1.0.0.0, Culture=neutral, PublicKeyToken=null" name="RemoveItemTest" />
    </UnitTest>
    <UnitTest name="ProcessTransactionsTest" storage="d:\git\apriori source code\unittests\bin\debug\unittests.dll" id="eeab1caf-cb80-c4b9-3fc0-c9d988400c4f">
      <Execution id="72ba250a-7c36-4447-b5ff-7c656ffdd189" />
      <TestMethod codeBase="D:/Git/Apriori Source Code/UnitTests/bin/Debug/UnitTests.DLL" adapterTypeName="Microsoft.VisualStudio.TestTools.TestTypes.Unit.UnitTestAdapter, Microsoft.VisualStudio.QualityTools.Tips.UnitTest.Adapter, Version=10.0.0.0, Culture=neutral, PublicKeyToken=b03f5f7f11d50a3a" className="UnitTests.MainViewModelTest, UnitTests, Version=1.0.0.0, Culture=neutral, PublicKeyToken=null" name="ProcessTransactionsTest" />
    </UnitTest>
    <UnitTest name="ClearAllTransactionsTest" storage="d:\git\apriori source code\unittests\bin\debug\unittests.dll" id="f8e6568f-420f-a5f2-94a0-b241c1aa07ee">
      <Execution id="4a01c15f-483a-49ee-8b3d-26eebe30f77c" />
      <TestMethod codeBase="D:/Git/Apriori Source Code/UnitTests/bin/Debug/UnitTests.DLL" adapterTypeName="Microsoft.VisualStudio.TestTools.TestTypes.Unit.UnitTestAdapter, Microsoft.VisualStudio.QualityTools.Tips.UnitTest.Adapter, Version=10.0.0.0, Culture=neutral, PublicKeyToken=b03f5f7f11d50a3a" className="UnitTests.MainViewModelTest, UnitTests, Version=1.0.0.0, Culture=neutral, PublicKeyToken=null" name="ClearAllTransactionsTest" />
    </UnitTest>
    <UnitTest name="AddItemTest" storage="d:\git\apriori source code\unittests\bin\debug\unittests.dll" id="3c75c560-2942-0354-6ed8-d83a610cc1b4">
      <Execution id="ae074e6e-2e11-4349-a9e8-842a0c47502f" />
      <TestMethod codeBase="D:/Git/Apriori Source Code/UnitTests/bin/Debug/UnitTests.DLL" adapterTypeName="Microsoft.VisualStudio.TestTools.TestTypes.Unit.UnitTestAdapter, Microsoft.VisualStudio.QualityTools.Tips.UnitTest.Adapter, Version=10.0.0.0, Culture=neutral, PublicKeyToken=b03f5f7f11d50a3a" className="UnitTests.MainViewModelTest, UnitTests, Version=1.0.0.0, Culture=neutral, PublicKeyToken=null" name="AddItemTest" />
    </UnitTest>
    <UnitTest name="AddTransactionTest" storage="d:\git\apriori source code\unittests\bin\debug\unittests.dll" id="71eed856-c94e-d277-7327-7d975d95ea1d">
      <Execution id="2ca94bcb-d1d2-410b-9a37-2370503fa671" />
      <TestMethod codeBase="D:/Git/Apriori Source Code/UnitTests/bin/Debug/UnitTests.DLL" adapterTypeName="Microsoft.VisualStudio.TestTools.TestTypes.Unit.UnitTestAdapter, Microsoft.VisualStudio.QualityTools.Tips.UnitTest.Adapter, Version=10.0.0.0, Culture=neutral, PublicKeyToken=b03f5f7f11d50a3a" className="UnitTests.MainViewModelTest, UnitTests, Version=1.0.0.0, Culture=neutral, PublicKeyToken=null" name="AddTransactionTest" />
    </UnitTest>
    <UnitTest name="CanAddTransactionTest" storage="d:\git\apriori source code\unittests\bin\debug\unittests.dll" id="e9ad4b8e-5f8a-b5e8-e730-e321bc439662">
      <Execution id="726b9a84-7819-464a-b478-107928455bdc" />
      <TestMethod codeBase="D:/Git/Apriori Source Code/UnitTests/bin/Debug/UnitTests.DLL" adapterTypeName="Microsoft.VisualStudio.TestTools.TestTypes.Unit.UnitTestAdapter, Microsoft.VisualStudio.QualityTools.Tips.UnitTest.Adapter, Version=10.0.0.0, Culture=neutral, PublicKeyToken=b03f5f7f11d50a3a" className="UnitTests.MainViewModelTest, UnitTests, Version=1.0.0.0, Culture=neutral, PublicKeyToken=null" name="CanAddTransactionTest" />
    </UnitTest>
    <UnitTest name="SortTest" storage="d:\git\apriori source code\unittests\bin\debug\unittests.dll" id="d691d167-395e-77cd-bd5c-db1e0eb70640">
      <Execution id="171abfc8-607e-4f60-bf3e-e2fc44a97b38" />
      <TestMethod codeBase="D:/Git/Apriori Source Code/UnitTests/bin/Debug/UnitTests.DLL" adapterTypeName="Microsoft.VisualStudio.TestTools.TestTypes.Unit.UnitTestAdapter, Microsoft.VisualStudio.QualityTools.Tips.UnitTest.Adapter, Version=10.0.0.0, Culture=neutral, PublicKeyToken=b03f5f7f11d50a3a" className="UnitTests.SorterTest, UnitTests, Version=1.0.0.0, Culture=neutral, PublicKeyToken=null" name="SortTest" />
    </UnitTest>
    <UnitTest name="ProcessTransactionTest" storage="d:\git\apriori source code\unittests\bin\debug\unittests.dll" id="b342f264-9df3-807c-ce99-6c6e897104ee">
      <Execution id="ce0c3413-c533-42f9-814e-a184312d2334" />
      <TestMethod codeBase="D:/Git/Apriori Source Code/UnitTests/bin/Debug/UnitTests.DLL" adapterTypeName="Microsoft.VisualStudio.TestTools.TestTypes.Unit.UnitTestAdapter, Microsoft.VisualStudio.QualityTools.Tips.UnitTest.Adapter, Version=10.0.0.0, Culture=neutral, PublicKeyToken=b03f5f7f11d50a3a" className="UnitTests.AprioriTest, UnitTests, Version=1.0.0.0, Culture=neutral, PublicKeyToken=null" name="ProcessTransactionTest" />
    </UnitTest>
    <UnitTest name="GenerateCandidatesTest" storage="d:\git\apriori source code\unittests\bin\debug\unittests.dll" id="806e8973-81b6-8790-7470-23437b085dfa">
      <Execution id="ac888a0b-9177-46f0-b890-71406b3db219" />
      <TestMethod codeBase="D:/Git/Apriori Source Code/UnitTests/bin/Debug/UnitTests.DLL" adapterTypeName="Microsoft.VisualStudio.TestTools.TestTypes.Unit.UnitTestAdapter, Microsoft.VisualStudio.QualityTools.Tips.UnitTest.Adapter, Version=10.0.0.0, Culture=neutral, PublicKeyToken=b03f5f7f11d50a3a" className="UnitTests.AprioriTest, UnitTests, Version=1.0.0.0, Culture=neutral, PublicKeyToken=null" name="GenerateCandidatesTest" />
    </UnitTest>
    <UnitTest name="GenerateSubsetsRecursiveTest" storage="d:\git\apriori source code\unittests\bin\debug\unittests.dll" id="11e29e37-ee22-7d4c-b79d-dcd1859ee1d8">
      <Execution id="43108ca3-f46f-44cc-9a0f-dcf2e61fb903" />
      <TestMethod codeBase="D:/Git/Apriori Source Code/UnitTests/bin/Debug/UnitTests.DLL" adapterTypeName="Microsoft.VisualStudio.TestTools.TestTypes.Unit.UnitTestAdapter, Microsoft.VisualStudio.QualityTools.Tips.UnitTest.Adapter, Version=10.0.0.0, Culture=neutral, PublicKeyToken=b03f5f7f11d50a3a" className="UnitTests.AprioriTest, UnitTests, Version=1.0.0.0, Culture=neutral, PublicKeyToken=null" name="GenerateSubsetsRecursiveTest" />
    </UnitTest>
    <UnitTest name="CanDeleteTransactionWhenSelectedTransactionIsNull" storage="d:\git\apriori source code\unittests\bin\debug\unittests.dll" id="8a6277c8-9673-2df9-304e-40d5a57ac204">
      <Execution id="7766cf6b-1c4a-4d26-8d58-a08adcaf0f7e" />
      <TestMethod codeBase="D:/Git/Apriori Source Code/UnitTests/bin/Debug/UnitTests.DLL" adapterTypeName="Microsoft.VisualStudio.TestTools.TestTypes.Unit.UnitTestAdapter, Microsoft.VisualStudio.QualityTools.Tips.UnitTest.Adapter, Version=10.0.0.0, Culture=neutral, PublicKeyToken=b03f5f7f11d50a3a" className="UnitTests.MainViewModelTest, UnitTests, Version=1.0.0.0, Culture=neutral, PublicKeyToken=null" name="CanDeleteTransactionWhenSelectedTransactionIsNull" />
    </UnitTest>
    <UnitTest name="InsertItemTest" storage="d:\git\apriori source code\unittests\bin\debug\unittests.dll" id="ce80328c-f6af-3623-2cba-3bf4c84f0d26">
      <Execution id="a08ad5bd-343f-40a6-9365-e1f58540eadb" />
      <TestMethod codeBase="D:/Git/Apriori Source Code/UnitTests/bin/Debug/UnitTests.DLL" adapterTypeName="Microsoft.VisualStudio.TestTools.TestTypes.Unit.UnitTestAdapter, Microsoft.VisualStudio.QualityTools.Tips.UnitTest.Adapter, Version=10.0.0.0, Culture=neutral, PublicKeyToken=b03f5f7f11d50a3a" className="UnitTests.ObservableSetTest, UnitTests, Version=1.0.0.0, Culture=neutral, PublicKeyToken=null" name="InsertItemTest" />
    </UnitTest>
    <UnitTest name="GetSupportTest" storage="d:\git\apriori source code\unittests\bin\debug\unittests.dll" id="f7f977c7-b1c5-b0a6-f983-8fb2c58ca403">
      <Execution id="34b2eda4-d935-4679-bdde-8481b161a1c0" />
      <TestMethod codeBase="D:/Git/Apriori Source Code/UnitTests/bin/Debug/UnitTests.DLL" adapterTypeName="Microsoft.VisualStudio.TestTools.TestTypes.Unit.UnitTestAdapter, Microsoft.VisualStudio.QualityTools.Tips.UnitTest.Adapter, Version=10.0.0.0, Culture=neutral, PublicKeyToken=b03f5f7f11d50a3a" className="UnitTests.AprioriTest, UnitTests, Version=1.0.0.0, Culture=neutral, PublicKeyToken=null" name="GetSupportTest" />
    </UnitTest>
    <UnitTest name="CanAddTransactionWhenNoItemsSelectedTest" storage="d:\git\apriori source code\unittests\bin\debug\unittests.dll" id="bd506b04-302a-9ac6-c456-9c60e08dd706">
      <Execution id="d9eb6b0e-8431-4f28-9fab-1d6847a2fc05" />
      <TestMethod codeBase="D:/Git/Apriori Source Code/UnitTests/bin/Debug/UnitTests.DLL" adapterTypeName="Microsoft.VisualStudio.TestTools.TestTypes.Unit.UnitTestAdapter, Microsoft.VisualStudio.QualityTools.Tips.UnitTest.Adapter, Version=10.0.0.0, Culture=neutral, PublicKeyToken=b03f5f7f11d50a3a" className="UnitTests.MainViewModelTest, UnitTests, Version=1.0.0.0, Culture=neutral, PublicKeyToken=null" name="CanAddTransactionWhenNoItemsSelectedTest" />
    </UnitTest>
    <UnitTest name="RemoveItemInTransactionTest" storage="d:\git\apriori source code\unittests\bin\debug\unittests.dll" id="78da8912-693d-a93a-93ce-8018b63f2936">
      <Execution id="b48f081a-aed5-4873-908e-d4cf98242ed0" />
      <TestMethod codeBase="D:/Git/Apriori Source Code/UnitTests/bin/Debug/UnitTests.DLL" adapterTypeName="Microsoft.VisualStudio.TestTools.TestTypes.Unit.UnitTestAdapter, Microsoft.VisualStudio.QualityTools.Tips.UnitTest.Adapter, Version=10.0.0.0, Culture=neutral, PublicKeyToken=b03f5f7f11d50a3a" className="UnitTests.MainViewModelTest, UnitTests, Version=1.0.0.0, Culture=neutral, PublicKeyToken=null" name="RemoveItemInTransactionTest" />
    </UnitTest>
  </TestDefinitions>
  <TestLists>
    <TestList name="Results Not in a List" id="8c84fa94-04c1-424b-9868-57a2d4851a1d" />
    <TestList name="All Loaded Results" id="19431567-8539-422a-85d7-44ee4e166bda" />
  </TestLists>
  <TestEntries>
    <TestEntry testId="0d9c70f7-77dc-7cc2-5ad5-e6c93da95a85" executionId="e0f25fec-fe12-44e6-abb1-c8c529b05cb1" testListId="8c84fa94-04c1-424b-9868-57a2d4851a1d" />
    <TestEntry testId="0f6be0cd-d9b5-1c72-ee7c-4ab1f6302148" executionId="bf948149-fae6-4804-9365-48baa8376109" testListId="8c84fa94-04c1-424b-9868-57a2d4851a1d" />
    <TestEntry testId="11e29e37-ee22-7d4c-b79d-dcd1859ee1d8" executionId="43108ca3-f46f-44cc-9a0f-dcf2e61fb903" testListId="8c84fa94-04c1-424b-9868-57a2d4851a1d" />
    <TestEntry testId="3c75c560-2942-0354-6ed8-d83a610cc1b4" executionId="ae074e6e-2e11-4349-a9e8-842a0c47502f" testListId="8c84fa94-04c1-424b-9868-57a2d4851a1d" />
    <TestEntry testId="3db3f769-84d0-6e9f-d9cf-0f244a128d3e" executionId="ee0d4a99-03c3-48f1-afd8-573a106c2c53" testListId="8c84fa94-04c1-424b-9868-57a2d4851a1d" />
    <TestEntry testId="47355744-f9b3-7ddf-e694-1d993a4aff04" executionId="81907ded-d0e1-44e7-8d61-46b497456a99" testListId="8c84fa94-04c1-424b-9868-57a2d4851a1d" />
    <TestEntry testId="71eed856-c94e-d277-7327-7d975d95ea1d" executionId="2ca94bcb-d1d2-410b-9a37-2370503fa671" testListId="8c84fa94-04c1-424b-9868-57a2d4851a1d" />
    <TestEntry testId="78da8912-693d-a93a-93ce-8018b63f2936" executionId="b48f081a-aed5-4873-908e-d4cf98242ed0" testListId="8c84fa94-04c1-424b-9868-57a2d4851a1d" />
    <TestEntry testId="7aa91dbc-bf30-d8dc-2e2c-67540148b539" executionId="73758549-7857-43af-866b-f4d598a6587c" testListId="8c84fa94-04c1-424b-9868-57a2d4851a1d" />
    <TestEntry testId="7be207c9-5a2c-bada-4c5d-443cebf103df" executionId="4da4e53f-25ba-41d9-b46d-dde508b09fef" testListId="8c84fa94-04c1-424b-9868-57a2d4851a1d" />
    <TestEntry testId="7d0da9b9-0f04-1952-d8cf-da2e5c93727e" executionId="904e2b0f-8cfa-42c4-bcd3-f76343557392" testListId="8c84fa94-04c1-424b-9868-57a2d4851a1d" />
    <TestEntry testId="806e8973-81b6-8790-7470-23437b085dfa" executionId="ac888a0b-9177-46f0-b890-71406b3db219" testListId="8c84fa94-04c1-424b-9868-57a2d4851a1d" />
    <TestEntry testId="8a6277c8-9673-2df9-304e-40d5a57ac204" executionId="7766cf6b-1c4a-4d26-8d58-a08adcaf0f7e" testListId="8c84fa94-04c1-424b-9868-57a2d4851a1d" />
    <TestEntry testId="b00b8de3-a232-5c13-f763-f9655213c826" executionId="f81ea63b-74fd-40a8-b564-8f238e355ab4" testListId="8c84fa94-04c1-424b-9868-57a2d4851a1d" />
    <TestEntry testId="b342f264-9df3-807c-ce99-6c6e897104ee" executionId="ce0c3413-c533-42f9-814e-a184312d2334" testListId="8c84fa94-04c1-424b-9868-57a2d4851a1d" />
    <TestEntry testId="bd506b04-302a-9ac6-c456-9c60e08dd706" executionId="d9eb6b0e-8431-4f28-9fab-1d6847a2fc05" testListId="8c84fa94-04c1-424b-9868-57a2d4851a1d" />
    <TestEntry testId="ce80328c-f6af-3623-2cba-3bf4c84f0d26" executionId="a08ad5bd-343f-40a6-9365-e1f58540eadb" testListId="8c84fa94-04c1-424b-9868-57a2d4851a1d" />
    <TestEntry testId="d691d167-395e-77cd-bd5c-db1e0eb70640" executionId="171abfc8-607e-4f60-bf3e-e2fc44a97b38" testListId="8c84fa94-04c1-424b-9868-57a2d4851a1d" />
    <TestEntry testId="d9452e47-f6d3-fd21-14d3-de11b83794de" executionId="dbe05bb3-a515-4807-af0f-6da53e6105ac" testListId="8c84fa94-04c1-424b-9868-57a2d4851a1d" />
    <TestEntry testId="db1faccf-a701-0d7d-e8da-06f4be234fc3" executionId="06e6369d-d58f-4a66-8871-6b5690d45a64" testListId="8c84fa94-04c1-424b-9868-57a2d4851a1d" />
    <TestEntry testId="e9ad4b8e-5f8a-b5e8-e730-e321bc439662" executionId="726b9a84-7819-464a-b478-107928455bdc" testListId="8c84fa94-04c1-424b-9868-57a2d4851a1d" />
    <TestEntry testId="eeab1caf-cb80-c4b9-3fc0-c9d988400c4f" executionId="72ba250a-7c36-4447-b5ff-7c656ffdd189" testListId="8c84fa94-04c1-424b-9868-57a2d4851a1d" />
    <TestEntry testId="f7f977c7-b1c5-b0a6-f983-8fb2c58ca403" executionId="34b2eda4-d935-4679-bdde-8481b161a1c0" testListId="8c84fa94-04c1-424b-9868-57a2d4851a1d" />
    <TestEntry testId="f8e6568f-420f-a5f2-94a0-b241c1aa07ee" executionId="4a01c15f-483a-49ee-8b3d-26eebe30f77c" testListId="8c84fa94-04c1-424b-9868-57a2d4851a1d" />
  </TestEntries>
  <Results>
    <UnitTestResult executionId="e0f25fec-fe12-44e6-abb1-c8c529b05cb1" testId="0d9c70f7-77dc-7cc2-5ad5-e6c93da95a85" testName="GenerateSubsetsTest" computerName="OMAR-PC" duration="00:00:00.0305638" startTime="2012-11-22T00:16:41.1598554+02:00" endTime="2012-11-22T00:16:41.4688730+02:00" testType="13cdc9d9-ddb5-4fa4-a97d-d965ccfc6d4b" outcome="Passed" testListId="8c84fa94-04c1-424b-9868-57a2d4851a1d" relativeResultsDirectory="e0f25fec-fe12-44e6-abb1-c8c529b05cb1">
    </UnitTestResult>
    <UnitTestResult executionId="bf948149-fae6-4804-9365-48baa8376109" testId="0f6be0cd-d9b5-1c72-ee7c-4ab1f6302148" testName="DeleteTransactionTest" computerName="OMAR-PC" duration="00:00:00.2170698" startTime="2012-11-22T00:16:41.4708732+02:00" endTime="2012-11-22T00:16:41.7008863+02:00" testType="13cdc9d9-ddb5-4fa4-a97d-d965ccfc6d4b" outcome="Passed" testListId="8c84fa94-04c1-424b-9868-57a2d4851a1d" relativeResultsDirectory="bf948149-fae6-4804-9365-48baa8376109">
    </UnitTestResult>
    <UnitTestResult executionId="43108ca3-f46f-44cc-9a0f-dcf2e61fb903" testId="11e29e37-ee22-7d4c-b79d-dcd1859ee1d8" testName="GenerateSubsetsRecursiveTest" computerName="OMAR-PC" duration="00:00:00.0016102" startTime="2012-11-22T00:16:41.7028864+02:00" endTime="2012-11-22T00:16:41.7088868+02:00" testType="13cdc9d9-ddb5-4fa4-a97d-d965ccfc6d4b" outcome="Passed" testListId="8c84fa94-04c1-424b-9868-57a2d4851a1d" relativeResultsDirectory="43108ca3-f46f-44cc-9a0f-dcf2e61fb903">
    </UnitTestResult>
    <UnitTestResult executionId="ae074e6e-2e11-4349-a9e8-842a0c47502f" testId="3c75c560-2942-0354-6ed8-d83a610cc1b4" testName="AddItemTest" computerName="OMAR-PC" duration="00:00:00.0036001" startTime="2012-11-22T00:16:41.7108869+02:00" endTime="2012-11-22T00:16:41.7188873+02:00" testType="13cdc9d9-ddb5-4fa4-a97d-d965ccfc6d4b" outcome="Passed" testListId="8c84fa94-04c1-424b-9868-57a2d4851a1d" relativeResultsDirectory="ae074e6e-2e11-4349-a9e8-842a0c47502f">
    </UnitTestResult>
    <UnitTestResult executionId="ee0d4a99-03c3-48f1-afd8-573a106c2c53" testId="3db3f769-84d0-6e9f-d9cf-0f244a128d3e" testName="GenerateCandidate_DifferentFirstElementTest" computerName="OMAR-PC" duration="00:00:00.0012961" startTime="2012-11-22T00:16:41.7208875+02:00" endTime="2012-11-22T00:16:41.7348883+02:00" testType="13cdc9d9-ddb5-4fa4-a97d-d965ccfc6d4b" outcome="Passed" testListId="8c84fa94-04c1-424b-9868-57a2d4851a1d" relativeResultsDirectory="ee0d4a99-03c3-48f1-afd8-573a106c2c53">
    </UnitTestResult>
    <UnitTestResult executionId="81907ded-d0e1-44e7-8d61-46b497456a99" testId="47355744-f9b3-7ddf-e694-1d993a4aff04" testName="CheckIsSubsetTest" computerName="OMAR-PC" duration="00:00:00.0015313" startTime="2012-11-22T00:16:41.7358883+02:00" endTime="2012-11-22T00:16:41.7438888+02:00" testType="13cdc9d9-ddb5-4fa4-a97d-d965ccfc6d4b" outcome="Passed" testListId="8c84fa94-04c1-424b-9868-57a2d4851a1d" relativeResultsDirectory="81907ded-d0e1-44e7-8d61-46b497456a99">
    </UnitTestResult>
    <UnitTestResult executionId="2ca94bcb-d1d2-410b-9a37-2370503fa671" testId="71eed856-c94e-d277-7327-7d975d95ea1d" testName="AddTransactionTest" computerName="OMAR-PC" duration="00:00:00.0032232" startTime="2012-11-22T00:16:41.7448888+02:00" endTime="2012-11-22T00:16:41.7528893+02:00" testType="13cdc9d9-ddb5-4fa4-a97d-d965ccfc6d4b" outcome="Passed" testListId="8c84fa94-04c1-424b-9868-57a2d4851a1d" relativeResultsDirectory="2ca94bcb-d1d2-410b-9a37-2370503fa671">
    </UnitTestResult>
    <UnitTestResult executionId="b48f081a-aed5-4873-908e-d4cf98242ed0" testId="78da8912-693d-a93a-93ce-8018b63f2936" testName="RemoveItemInTransactionTest" computerName="OMAR-PC" duration="00:00:00.0022408" startTime="2012-11-22T00:16:41.7538893+02:00" endTime="2012-11-22T00:16:41.7608897+02:00" testType="13cdc9d9-ddb5-4fa4-a97d-d965ccfc6d4b" outcome="Passed" testListId="8c84fa94-04c1-424b-9868-57a2d4851a1d" relativeResultsDirectory="b48f081a-aed5-4873-908e-d4cf98242ed0">
    </UnitTestResult>
    <UnitTestResult executionId="73758549-7857-43af-866b-f4d598a6587c" testId="7aa91dbc-bf30-d8dc-2e2c-67540148b539" testName="GenerateCandidate_SameFirstElementTest" computerName="OMAR-PC" duration="00:00:00.0006694" startTime="2012-11-22T00:16:41.7618898+02:00" endTime="2012-11-22T00:16:41.7668901+02:00" testType="13cdc9d9-ddb5-4fa4-a97d-d965ccfc6d4b" outcome="Passed" testListId="8c84fa94-04c1-424b-9868-57a2d4851a1d" relativeResultsDirectory="73758549-7857-43af-866b-f4d598a6587c">
    </UnitTestResult>
    <UnitTestResult executionId="4da4e53f-25ba-41d9-b46d-dde508b09fef" testId="7be207c9-5a2c-bada-4c5d-443cebf103df" testName="RemoveItemTest" computerName="OMAR-PC" duration="00:00:00.0017400" startTime="2012-11-22T00:16:41.7688902+02:00" endTime="2012-11-22T00:16:41.7738905+02:00" testType="13cdc9d9-ddb5-4fa4-a97d-d965ccfc6d4b" outcome="Passed" testListId="8c84fa94-04c1-424b-9868-57a2d4851a1d" relativeResultsDirectory="4da4e53f-25ba-41d9-b46d-dde508b09fef">
    </UnitTestResult>
    <UnitTestResult executionId="904e2b0f-8cfa-42c4-bcd3-f76343557392" testId="7d0da9b9-0f04-1952-d8cf-da2e5c93727e" testName="CanRemoveItemWhenSelectedItemIsNull" computerName="OMAR-PC" duration="00:00:00.0006886" startTime="2012-11-22T00:16:41.7768907+02:00" endTime="2012-11-22T00:16:41.7818909+02:00" testType="13cdc9d9-ddb5-4fa4-a97d-d965ccfc6d4b" outcome="Passed" testListId="8c84fa94-04c1-424b-9868-57a2d4851a1d" relativeResultsDirectory="904e2b0f-8cfa-42c4-bcd3-f76343557392">
    </UnitTestResult>
    <UnitTestResult executionId="ac888a0b-9177-46f0-b890-71406b3db219" testId="806e8973-81b6-8790-7470-23437b085dfa" testName="GenerateCandidatesTest" computerName="OMAR-PC" duration="00:00:00.0036625" startTime="2012-11-22T00:16:41.7838911+02:00" endTime="2012-11-22T00:16:41.7948917+02:00" testType="13cdc9d9-ddb5-4fa4-a97d-d965ccfc6d4b" outcome="Passed" testListId="8c84fa94-04c1-424b-9868-57a2d4851a1d" relativeResultsDirectory="ac888a0b-9177-46f0-b890-71406b3db219">
    </UnitTestResult>
    <UnitTestResult executionId="7766cf6b-1c4a-4d26-8d58-a08adcaf0f7e" testId="8a6277c8-9673-2df9-304e-40d5a57ac204" testName="CanDeleteTransactionWhenSelectedTransactionIsNull" computerName="OMAR-PC" duration="00:00:00.0005300" startTime="2012-11-22T00:16:41.7968918+02:00" endTime="2012-11-22T00:16:41.8048923+02:00" testType="13cdc9d9-ddb5-4fa4-a97d-d965ccfc6d4b" outcome="Passed" testListId="8c84fa94-04c1-424b-9868-57a2d4851a1d" relativeResultsDirectory="7766cf6b-1c4a-4d26-8d58-a08adcaf0f7e">
    </UnitTestResult>
    <UnitTestResult executionId="f81ea63b-74fd-40a8-b564-8f238e355ab4" testId="b00b8de3-a232-5c13-f763-f9655213c826" testName="GetFrequentItemsTest" computerName="OMAR-PC" duration="00:00:00.0039897" startTime="2012-11-22T00:16:41.8078924+02:00" endTime="2012-11-22T00:16:41.8188931+02:00" testType="13cdc9d9-ddb5-4fa4-a97d-d965ccfc6d4b" outcome="Passed" testListId="8c84fa94-04c1-424b-9868-57a2d4851a1d" relativeResultsDirectory="f81ea63b-74fd-40a8-b564-8f238e355ab4">
    </UnitTestResult>
    <UnitTestResult executionId="ce0c3413-c533-42f9-814e-a184312d2334" testId="b342f264-9df3-807c-ce99-6c6e897104ee" testName="ProcessTransactionTest" computerName="OMAR-PC" duration="00:00:00.1098378" startTime="2012-11-22T00:16:41.8198931+02:00" endTime="2012-11-22T00:16:41.9368998+02:00" testType="13cdc9d9-ddb5-4fa4-a97d-d965ccfc6d4b" outcome="Failed" testListId="8c84fa94-04c1-424b-9868-57a2d4851a1d" relativeResultsDirectory="ce0c3413-c533-42f9-814e-a184312d2334">
      <Output>
        <ErrorInfo>
          <Message>Test method UnitTests.AprioriTest.ProcessTransactionTest threw exception: 
System.InvalidOperationException: Failed to compare two elements in the array. ---&gt; System.ArgumentException: At least one object must implement IComparable.</Message>
          <StackTrace>    at System.Collections.Comparer.Compare(Object a, Object b)
   at System.Collections.Generic.ObjectComparer`1.Compare(T x, T y)
   at System.Collections.Generic.ArraySortHelper`1.SwapIfGreaterWithItems(T[] keys, IComparer`1 comparer, Int32 a, Int32 b)
   at System.Collections.Generic.ArraySortHelper`1.QuickSort(T[] keys, Int32 left, Int32 right, IComparer`1 comparer)
   at System.Collections.Generic.ArraySortHelper`1.Sort(T[] keys, Int32 index, Int32 length, IComparer`1 comparer)
 --- End of inner exception stack trace ---
    at System.Collections.Generic.ArraySortHelper`1.Sort(T[] keys, Int32 index, Int32 length, IComparer`1 comparer)
   at System.Array.Sort[T](T[] array, Int32 index, Int32 length, IComparer`1 comparer)
   at System.Collections.Generic.List`1.Sort(Int32 index, Int32 count, IComparer`1 comparer)
   at System.Collections.Generic.List`1.Sort()
   at AprioriAlgorithm.Apriori.GetL1FrequentItems(Double minSupport, IEnumerable`1 items, IEnumerable`1 transactions) in D:\Git\Apriori Source Code\AprioriAlgorithm\Implementation\Apriori.cs:line 81
   at AprioriAlgorithm.Apriori.AprioriAlgorithm.IApriori.ProcessTransaction(Double minSupport, Double minConfidence, IEnumerable`1 items, String[] transactions) in D:\Git\Apriori Source Code\AprioriAlgorithm\Implementation\Apriori.cs:line 37
   at UnitTests.AprioriTest.ProcessTransactionTest() in D:\Git\Apriori Source Code\UnitTests\AprioriAlgorithm Tests\AprioriTest.cs:line 44
</StackTrace>
        </ErrorInfo>
      </Output>
    </UnitTestResult>
    <UnitTestResult executionId="d9eb6b0e-8431-4f28-9fab-1d6847a2fc05" testId="bd506b04-302a-9ac6-c456-9c60e08dd706" testName="CanAddTransactionWhenNoItemsSelectedTest" computerName="OMAR-PC" duration="00:00:00.0015463" startTime="2012-11-22T00:16:41.9378999+02:00" endTime="2012-11-22T00:16:41.9449003+02:00" testType="13cdc9d9-ddb5-4fa4-a97d-d965ccfc6d4b" outcome="Passed" testListId="8c84fa94-04c1-424b-9868-57a2d4851a1d" relativeResultsDirectory="d9eb6b0e-8431-4f28-9fab-1d6847a2fc05">
    </UnitTestResult>
    <UnitTestResult executionId="a08ad5bd-343f-40a6-9365-e1f58540eadb" testId="ce80328c-f6af-3623-2cba-3bf4c84f0d26" testName="InsertItemTest" computerName="OMAR-PC" duration="00:00:00.0007876" startTime="2012-11-22T00:16:41.9469004+02:00" endTime="2012-11-22T00:16:41.9519007+02:00" testType="13cdc9d9-ddb5-4fa4-a97d-d965ccfc6d4b" outcome="Passed" testListId="8c84fa94-04c1-424b-9868-57a2d4851a1d" relativeResultsDirectory="a08ad5bd-343f-40a6-9365-e1f58540eadb">
    </UnitTestResult>
    <UnitTestResult executionId="171abfc8-607e-4f60-bf3e-e2fc44a97b38" testId="d691d167-395e-77cd-bd5c-db1e0eb70640" testName="SortTest" computerName="OMAR-PC" duration="00:00:00.0005277" startTime="2012-11-22T00:16:41.9529007+02:00" endTime="2012-11-22T00:16:41.9579010+02:00" testType="13cdc9d9-ddb5-4fa4-a97d-d965ccfc6d4b" outcome="Passed" testListId="8c84fa94-04c1-424b-9868-57a2d4851a1d" relativeResultsDirectory="171abfc8-607e-4f60-bf3e-e2fc44a97b38">
    </UnitTestResult>
    <UnitTestResult executionId="dbe05bb3-a515-4807-af0f-6da53e6105ac" testId="d9452e47-f6d3-fd21-14d3-de11b83794de" testName="GetL1FrequentItemsTest" computerName="OMAR-PC" duration="00:00:00.0187725" startTime="2012-11-22T00:16:41.9599011+02:00" endTime="2012-11-22T00:16:41.9829024+02:00" testType="13cdc9d9-ddb5-4fa4-a97d-d965ccfc6d4b" outcome="Failed" testListId="8c84fa94-04c1-424b-9868-57a2d4851a1d" relativeResultsDirectory="dbe05bb3-a515-4807-af0f-6da53e6105ac">
      <Output>
        <ErrorInfo>
          <Message>Test method UnitTests.AprioriTest.GetL1FrequentItemsTest threw exception: 
System.InvalidOperationException: Failed to compare two elements in the array. ---&gt; System.ArgumentException: At least one object must implement IComparable.</Message>
          <StackTrace>    at System.Collections.Comparer.Compare(Object a, Object b)
   at System.Collections.Generic.ObjectComparer`1.Compare(T x, T y)
   at System.Collections.Generic.ArraySortHelper`1.SwapIfGreaterWithItems(T[] keys, IComparer`1 comparer, Int32 a, Int32 b)
   at System.Collections.Generic.ArraySortHelper`1.QuickSort(T[] keys, Int32 left, Int32 right, IComparer`1 comparer)
   at System.Collections.Generic.ArraySortHelper`1.Sort(T[] keys, Int32 index, Int32 length, IComparer`1 comparer)
 --- End of inner exception stack trace ---
   at AprioriAlgorithm.Apriori_Accessor.GetL1FrequentItems(Double minSupport, IEnumerable`1 items, IEnumerable`1 transactions)
   at UnitTests.AprioriTest.GetL1FrequentItemsTest() in D:\Git\Apriori Source Code\UnitTests\AprioriAlgorithm Tests\AprioriTest.cs:line 75
</StackTrace>
        </ErrorInfo>
      </Output>
    </UnitTestResult>
    <UnitTestResult executionId="06e6369d-d58f-4a66-8871-6b5690d45a64" testId="db1faccf-a701-0d7d-e8da-06f4be234fc3" testName="GenerateCandidate_SingleElementsTest" computerName="OMAR-PC" duration="00:00:00.0006340" startTime="2012-11-22T00:16:41.9839025+02:00" endTime="2012-11-22T00:16:41.9899028+02:00" testType="13cdc9d9-ddb5-4fa4-a97d-d965ccfc6d4b" outcome="Passed" testListId="8c84fa94-04c1-424b-9868-57a2d4851a1d" relativeResultsDirectory="06e6369d-d58f-4a66-8871-6b5690d45a64">
    </UnitTestResult>
    <UnitTestResult executionId="726b9a84-7819-464a-b478-107928455bdc" testId="e9ad4b8e-5f8a-b5e8-e730-e321bc439662" testName="CanAddTransactionTest" computerName="OMAR-PC" duration="00:00:00.0008145" startTime="2012-11-22T00:16:41.9919030+02:00" endTime="2012-11-22T00:16:41.9989034+02:00" testType="13cdc9d9-ddb5-4fa4-a97d-d965ccfc6d4b" outcome="Passed" testListId="8c84fa94-04c1-424b-9868-57a2d4851a1d" relativeResultsDirectory="726b9a84-7819-464a-b478-107928455bdc">
    </UnitTestResult>
    <UnitTestResult executionId="72ba250a-7c36-4447-b5ff-7c656ffdd189" testId="eeab1caf-cb80-c4b9-3fc0-c9d988400c4f" testName="ProcessTransactionsTest" computerName="OMAR-PC" duration="00:00:00.1510119" startTime="2012-11-22T00:16:42.0009035+02:00" endTime="2012-11-22T00:16:42.1559123+02:00" testType="13cdc9d9-ddb5-4fa4-a97d-d965ccfc6d4b" outcome="Failed" testListId="8c84fa94-04c1-424b-9868-57a2d4851a1d" relativeResultsDirectory="72ba250a-7c36-4447-b5ff-7c656ffdd189">
      <Output>
        <ErrorInfo>
          <Message>Test method UnitTests.MainViewModelTest.ProcessTransactionsTest threw exception: 
Moq.MockException: 
Expected invocation on the mock once, but was 0 times: a =&gt; a.ProcessTransaction(.target.MinSupport, .target.MinConfidence, .items, .target.Transactions.ToArray&lt;String&gt;())
No setups configured.

Performed invocations:
IApriori.ProcessTransaction(0, 0, System.Linq.Enumerable+WhereSelectEnumerableIterator`2[WPFClient.Item,System.String], System.String[])</Message>
          <StackTrace>    at Moq.Mock.ThrowVerifyException(MethodCall expected, IEnumerable`1 setups, IEnumerable`1 actualCalls, Expression expression, Times times, Int32 callCount)
   at Moq.Mock.VerifyCalls(Interceptor targetInterceptor, MethodCall expected, Expression expression, Times times)
   at Moq.Mock.Verify[T,TResult](Mock mock, Expression`1 expression, Times times, String failMessage)
   at Moq.Mock`1.Verify[TResult](Expression`1 expression, Times times)
   at UnitTests.MainViewModelTest.ProcessTransactionsTest() in D:\Git\Apriori Source Code\UnitTests\UI Tests\MainViewModelTest.cs:line 165
</StackTrace>
        </ErrorInfo>
      </Output>
    </UnitTestResult>
    <UnitTestResult executionId="34b2eda4-d935-4679-bdde-8481b161a1c0" testId="f7f977c7-b1c5-b0a6-f983-8fb2c58ca403" testName="GetSupportTest" computerName="OMAR-PC" duration="00:00:00.0010305" startTime="2012-11-22T00:16:42.1569124+02:00" endTime="2012-11-22T00:16:42.1629127+02:00" testType="13cdc9d9-ddb5-4fa4-a97d-d965ccfc6d4b" outcome="Passed" testListId="8c84fa94-04c1-424b-9868-57a2d4851a1d" relativeResultsDirectory="34b2eda4-d935-4679-bdde-8481b161a1c0">
    </UnitTestResult>
    <UnitTestResult executionId="4a01c15f-483a-49ee-8b3d-26eebe30f77c" testId="f8e6568f-420f-a5f2-94a0-b241c1aa07ee" testName="ClearAllTransactionsTest" computerName="OMAR-PC" duration="00:00:00.0010459" startTime="2012-11-22T00:16:42.1639128+02:00" endTime="2012-11-22T00:16:42.1699131+02:00" testType="13cdc9d9-ddb5-4fa4-a97d-d965ccfc6d4b" outcome="Passed" testListId="8c84fa94-04c1-424b-9868-57a2d4851a1d" relativeResultsDirectory="4a01c15f-483a-49ee-8b3d-26eebe30f77c">
    </UnitTestResult>
  </Results>
</TestRun>