<?xml version="1.0" encoding="UTF-8"?>
<TestRun id="c4543697-5348-4f46-853b-a63646a9ecb6" name="Omar@OMAR-PC 2012-08-26 20:14:13" runUser="Omar-PC\Omar" xmlns="http://microsoft.com/schemas/VisualStudio/TeamTest/2010">
  <TestSettings name="Local" id="eef0e273-97f3-4062-8c3f-615cccc566c4">
    <Description>These are default test settings for a local test run.</Description>
    <Deployment userDeploymentRoot="C:\Users\Omar\Desktop\Git\Apriori Source Code\TestResults" useDefaultDeploymentRoot="false" enabled="false" runDeploymentRoot="Omar_OMAR-PC 2012-08-26 20_14_13">
      <DeploymentItem filename="C:\Users\Omar\Desktop\Git\Apriori Source Code\AprioriAlgorithm\bin\Debug\AprioriAlgorithm.dll" />
    </Deployment>
    <Execution>
      <TestTypeSpecific />
      <AgentRule name="Execution Agents">
      </AgentRule>
    </Execution>
  </TestSettings>
  <Times creation="2012-08-26T20:14:13.0890261+02:00" queuing="2012-08-26T20:14:15.0401377+02:00" start="2012-08-26T20:14:15.3551557+02:00" finish="2012-08-26T20:15:06.2030641+02:00" />
  <ResultSummary outcome="Error">
    <Counters total="1" executed="1" error="0" failed="0" timeout="0" aborted="1" inconclusive="0" passedButRunAborted="0" notRunnable="0" notExecuted="0" disconnected="0" warning="0" passed="0" completed="0" inProgress="0" pending="0" />
    <RunInfos>
      <RunInfo computerName="OMAR-PC" outcome="Error" timestamp="2012-08-26T20:15:06.1940635+02:00">
        <Text>Test host process exited unexpectedly.</Text>
      </RunInfo>
    </RunInfos>
  </ResultSummary>
  <TestDefinitions>
    <UnitTest name="SolveTest" storage="c:\users\omar\desktop\git\apriori source code\unittests\bin\debug\unittests.dll" id="9df1575e-a82a-a791-2d6a-6724eae7cc43">
      <Execution id="45c31622-502d-4e0d-8ca6-3e7123f6743a" />
      <TestMethod codeBase="C:/Users/Omar/Desktop/Git/Apriori Source Code/UnitTests/bin/Debug/UnitTests.DLL" adapterTypeName="Microsoft.VisualStudio.TestTools.TestTypes.Unit.UnitTestAdapter, Microsoft.VisualStudio.QualityTools.Tips.UnitTest.Adapter, Version=10.0.0.0, Culture=neutral, PublicKeyToken=b03f5f7f11d50a3a" className="UnitTests.AprioriTest, UnitTests, Version=1.0.0.0, Culture=neutral, PublicKeyToken=null" name="SolveTest" />
    </UnitTest>
  </TestDefinitions>
  <TestLists>
    <TestList name="Results Not in a List" id="8c84fa94-04c1-424b-9868-57a2d4851a1d" />
    <TestList name="All Loaded Results" id="19431567-8539-422a-85d7-44ee4e166bda" />
  </TestLists>
  <TestEntries>
    <TestEntry testId="9df1575e-a82a-a791-2d6a-6724eae7cc43" executionId="45c31622-502d-4e0d-8ca6-3e7123f6743a" testListId="8c84fa94-04c1-424b-9868-57a2d4851a1d" />
  </TestEntries>
  <Results>
    <UnitTestResult executionId="45c31622-502d-4e0d-8ca6-3e7123f6743a" testId="9df1575e-a82a-a791-2d6a-6724eae7cc43" testName="SolveTest" computerName="OMAR-PC" duration="00:00:50.5898936" startTime="2012-08-26T20:14:15.6131705+02:00" endTime="2012-08-26T20:15:06.2030641+02:00" testType="13cdc9d9-ddb5-4fa4-a97d-d965ccfc6d4b" outcome="Aborted" testListId="8c84fa94-04c1-424b-9868-57a2d4851a1d" relativeResultsDirectory="45c31622-502d-4e0d-8ca6-3e7123f6743a">
    </UnitTestResult>
  </Results>
</TestRun>