<?xml version="1.0" encoding="UTF-8"?>
<TestRun id="776818f0-6465-44fc-b289-cd2dc33cf164" name="Omar@OMAR-PC 2012-11-21 17:08:40" runUser="Omar-PC\Omar" xmlns="http://microsoft.com/schemas/VisualStudio/TeamTest/2010">
  <TestSettings name="Local" id="eef0e273-97f3-4062-8c3f-615cccc566c4">
    <Description>These are default test settings for a local test run.</Description>
    <Deployment enabled="false" runDeploymentRoot="Omar_OMAR-PC 2012-11-21 17_08_40">
      <DeploymentItem filename="D:\Git\Apriori Source Code\AprioriAlgorithm\bin\Debug\AprioriAlgorithm.dll" />
    </Deployment>
    <Execution>
      <TestTypeSpecific />
      <AgentRule name="Execution Agents">
      </AgentRule>
    </Execution>
  </TestSettings>
  <Times creation="2012-11-21T17:08:40.5380078+02:00" queuing="2012-11-21T17:08:40.6690153+02:00" start="2012-11-21T17:08:40.7080175+02:00" finish="2012-11-21T17:08:41.4080576+02:00" />
  <ResultSummary outcome="Completed">
    <Counters total="12" executed="12" passed="12" error="0" failed="0" timeout="0" aborted="0" inconclusive="0" passedButRunAborted="0" notRunnable="0" notExecuted="0" disconnected="0" warning="0" completed="0" inProgress="0" pending="0" />
  </ResultSummary>
  <TestDefinitions>
    <UnitTest name="GetSupportTest" storage="d:\git\apriori source code\unittests\bin\debug\unittests.dll" id="f7f977c7-b1c5-b0a6-f983-8fb2c58ca403">
      <Execution id="d62de357-18f3-4532-8a60-699924e202c7" />
      <TestMethod codeBase="D:/Git/Apriori Source Code/UnitTests/bin/Debug/UnitTests.DLL" adapterTypeName="Microsoft.VisualStudio.TestTools.TestTypes.Unit.UnitTestAdapter, Microsoft.VisualStudio.QualityTools.Tips.UnitTest.Adapter, Version=10.0.0.0, Culture=neutral, PublicKeyToken=b03f5f7f11d50a3a" className="UnitTests.AprioriTest, UnitTests, Version=1.0.0.0, Culture=neutral, PublicKeyToken=null" name="GetSupportTest" />
    </UnitTest>
    <UnitTest name="GenerateCandidate_SameFirstElementTest" storage="d:\git\apriori source code\unittests\bin\debug\unittests.dll" id="7aa91dbc-bf30-d8dc-2e2c-67540148b539">
      <Execution id="6e3a0ed7-1b49-4371-920b-946c2b3ba5de" />
      <TestMethod codeBase="D:/Git/Apriori Source Code/UnitTests/bin/Debug/UnitTests.DLL" adapterTypeName="Microsoft.VisualStudio.TestTools.TestTypes.Unit.UnitTestAdapter, Microsoft.VisualStudio.QualityTools.Tips.UnitTest.Adapter, Version=10.0.0.0, Culture=neutral, PublicKeyToken=b03f5f7f11d50a3a" className="UnitTests.AprioriTest, UnitTests, Version=1.0.0.0, Culture=neutral, PublicKeyToken=null" name="GenerateCandidate_SameFirstElementTest" />
    </UnitTest>
    <UnitTest name="GenerateCandidate_DifferentFirstElementTest" storage="d:\git\apriori source code\unittests\bin\debug\unittests.dll" id="3db3f769-84d0-6e9f-d9cf-0f244a128d3e">
      <Execution id="da4f8bbc-12b5-43a4-b168-86861517c03a" />
      <TestMethod codeBase="D:/Git/Apriori Source Code/UnitTests/bin/Debug/UnitTests.DLL" adapterTypeName="Microsoft.VisualStudio.TestTools.TestTypes.Unit.UnitTestAdapter, Microsoft.VisualStudio.QualityTools.Tips.UnitTest.Adapter, Version=10.0.0.0, Culture=neutral, PublicKeyToken=b03f5f7f11d50a3a" className="UnitTests.AprioriTest, UnitTests, Version=1.0.0.0, Culture=neutral, PublicKeyToken=null" name="GenerateCandidate_DifferentFirstElementTest" />
    </UnitTest>
    <UnitTest name="GetL1FrequentItemsTest" storage="d:\git\apriori source code\unittests\bin\debug\unittests.dll" id="d9452e47-f6d3-fd21-14d3-de11b83794de">
      <Execution id="30355c43-4a39-41f3-871f-c7e1a1fa96f7" />
      <TestMethod codeBase="D:/Git/Apriori Source Code/UnitTests/bin/Debug/UnitTests.DLL" adapterTypeName="Microsoft.VisualStudio.TestTools.TestTypes.Unit.UnitTestAdapter, Microsoft.VisualStudio.QualityTools.Tips.UnitTest.Adapter, Version=10.0.0.0, Culture=neutral, PublicKeyToken=b03f5f7f11d50a3a" className="UnitTests.AprioriTest, UnitTests, Version=1.0.0.0, Culture=neutral, PublicKeyToken=null" name="GetL1FrequentItemsTest" />
    </UnitTest>
    <UnitTest name="GenerateCandidate_SingleElementsTest" storage="d:\git\apriori source code\unittests\bin\debug\unittests.dll" id="db1faccf-a701-0d7d-e8da-06f4be234fc3">
      <Execution id="2d9ff9ee-72db-4c5b-810c-37e5e6030133" />
      <TestMethod codeBase="D:/Git/Apriori Source Code/UnitTests/bin/Debug/UnitTests.DLL" adapterTypeName="Microsoft.VisualStudio.TestTools.TestTypes.Unit.UnitTestAdapter, Microsoft.VisualStudio.QualityTools.Tips.UnitTest.Adapter, Version=10.0.0.0, Culture=neutral, PublicKeyToken=b03f5f7f11d50a3a" className="UnitTests.AprioriTest, UnitTests, Version=1.0.0.0, Culture=neutral, PublicKeyToken=null" name="GenerateCandidate_SingleElementsTest" />
    </UnitTest>
    <UnitTest name="GetFrequentItemsTest" storage="d:\git\apriori source code\unittests\bin\debug\unittests.dll" id="b00b8de3-a232-5c13-f763-f9655213c826">
      <Execution id="e988707f-bade-45a9-bbad-76248ed0ba1d" />
      <TestMethod codeBase="D:/Git/Apriori Source Code/UnitTests/bin/Debug/UnitTests.DLL" adapterTypeName="Microsoft.VisualStudio.TestTools.TestTypes.Unit.UnitTestAdapter, Microsoft.VisualStudio.QualityTools.Tips.UnitTest.Adapter, Version=10.0.0.0, Culture=neutral, PublicKeyToken=b03f5f7f11d50a3a" className="UnitTests.AprioriTest, UnitTests, Version=1.0.0.0, Culture=neutral, PublicKeyToken=null" name="GetFrequentItemsTest" />
    </UnitTest>
    <UnitTest name="GenerateSubsetsTest" storage="d:\git\apriori source code\unittests\bin\debug\unittests.dll" id="0d9c70f7-77dc-7cc2-5ad5-e6c93da95a85">
      <Execution id="765f104b-0263-4467-b05f-30afc723f38f" />
      <TestMethod codeBase="D:/Git/Apriori Source Code/UnitTests/bin/Debug/UnitTests.DLL" adapterTypeName="Microsoft.VisualStudio.TestTools.TestTypes.Unit.UnitTestAdapter, Microsoft.VisualStudio.QualityTools.Tips.UnitTest.Adapter, Version=10.0.0.0, Culture=neutral, PublicKeyToken=b03f5f7f11d50a3a" className="UnitTests.AprioriTest, UnitTests, Version=1.0.0.0, Culture=neutral, PublicKeyToken=null" name="GenerateSubsetsTest" />
    </UnitTest>
    <UnitTest name="SortTest" storage="d:\git\apriori source code\unittests\bin\debug\unittests.dll" id="d691d167-395e-77cd-bd5c-db1e0eb70640">
      <Execution id="deac7703-bc3a-404b-86c3-00655be9f561" />
      <TestMethod codeBase="D:/Git/Apriori Source Code/UnitTests/bin/Debug/UnitTests.DLL" adapterTypeName="Microsoft.VisualStudio.TestTools.TestTypes.Unit.UnitTestAdapter, Microsoft.VisualStudio.QualityTools.Tips.UnitTest.Adapter, Version=10.0.0.0, Culture=neutral, PublicKeyToken=b03f5f7f11d50a3a" className="UnitTests.SorterTest, UnitTests, Version=1.0.0.0, Culture=neutral, PublicKeyToken=null" name="SortTest" />
    </UnitTest>
    <UnitTest name="GenerateSubsetsRecursiveTest" storage="d:\git\apriori source code\unittests\bin\debug\unittests.dll" id="11e29e37-ee22-7d4c-b79d-dcd1859ee1d8">
      <Execution id="f1a7627a-bcbf-4205-911c-c5d1335d4e5d" />
      <TestMethod codeBase="D:/Git/Apriori Source Code/UnitTests/bin/Debug/UnitTests.DLL" adapterTypeName="Microsoft.VisualStudio.TestTools.TestTypes.Unit.UnitTestAdapter, Microsoft.VisualStudio.QualityTools.Tips.UnitTest.Adapter, Version=10.0.0.0, Culture=neutral, PublicKeyToken=b03f5f7f11d50a3a" className="UnitTests.AprioriTest, UnitTests, Version=1.0.0.0, Culture=neutral, PublicKeyToken=null" name="GenerateSubsetsRecursiveTest" />
    </UnitTest>
    <UnitTest name="CheckIsSubsetTest" storage="d:\git\apriori source code\unittests\bin\debug\unittests.dll" id="47355744-f9b3-7ddf-e694-1d993a4aff04">
      <Execution id="21f7c99c-eea2-46d6-b03b-357e42ca7dc4" />
      <TestMethod codeBase="D:/Git/Apriori Source Code/UnitTests/bin/Debug/UnitTests.DLL" adapterTypeName="Microsoft.VisualStudio.TestTools.TestTypes.Unit.UnitTestAdapter, Microsoft.VisualStudio.QualityTools.Tips.UnitTest.Adapter, Version=10.0.0.0, Culture=neutral, PublicKeyToken=b03f5f7f11d50a3a" className="UnitTests.AprioriTest, UnitTests, Version=1.0.0.0, Culture=neutral, PublicKeyToken=null" name="CheckIsSubsetTest" />
    </UnitTest>
    <UnitTest name="SolveTest" storage="d:\git\apriori source code\unittests\bin\debug\unittests.dll" id="9df1575e-a82a-a791-2d6a-6724eae7cc43">
      <Execution id="f1221422-35a2-42ee-a2da-882d7fdcf4bc" />
      <TestMethod codeBase="D:/Git/Apriori Source Code/UnitTests/bin/Debug/UnitTests.DLL" adapterTypeName="Microsoft.VisualStudio.TestTools.TestTypes.Unit.UnitTestAdapter, Microsoft.VisualStudio.QualityTools.Tips.UnitTest.Adapter, Version=10.0.0.0, Culture=neutral, PublicKeyToken=b03f5f7f11d50a3a" className="UnitTests.AprioriTest, UnitTests, Version=1.0.0.0, Culture=neutral, PublicKeyToken=null" name="SolveTest" />
    </UnitTest>
    <UnitTest name="GenerateCandidatesTest" storage="d:\git\apriori source code\unittests\bin\debug\unittests.dll" id="806e8973-81b6-8790-7470-23437b085dfa">
      <Execution id="75b0930f-88f9-4bad-b808-2d8f46745b3a" />
      <TestMethod codeBase="D:/Git/Apriori Source Code/UnitTests/bin/Debug/UnitTests.DLL" adapterTypeName="Microsoft.VisualStudio.TestTools.TestTypes.Unit.UnitTestAdapter, Microsoft.VisualStudio.QualityTools.Tips.UnitTest.Adapter, Version=10.0.0.0, Culture=neutral, PublicKeyToken=b03f5f7f11d50a3a" className="UnitTests.AprioriTest, UnitTests, Version=1.0.0.0, Culture=neutral, PublicKeyToken=null" name="GenerateCandidatesTest" />
    </UnitTest>
  </TestDefinitions>
  <TestLists>
    <TestList name="Results Not in a List" id="8c84fa94-04c1-424b-9868-57a2d4851a1d" />
    <TestList name="All Loaded Results" id="19431567-8539-422a-85d7-44ee4e166bda" />
  </TestLists>
  <TestEntries>
    <TestEntry testId="0d9c70f7-77dc-7cc2-5ad5-e6c93da95a85" executionId="765f104b-0263-4467-b05f-30afc723f38f" testListId="8c84fa94-04c1-424b-9868-57a2d4851a1d" />
    <TestEntry testId="11e29e37-ee22-7d4c-b79d-dcd1859ee1d8" executionId="f1a7627a-bcbf-4205-911c-c5d1335d4e5d" testListId="8c84fa94-04c1-424b-9868-57a2d4851a1d" />
    <TestEntry testId="3db3f769-84d0-6e9f-d9cf-0f244a128d3e" executionId="da4f8bbc-12b5-43a4-b168-86861517c03a" testListId="8c84fa94-04c1-424b-9868-57a2d4851a1d" />
    <TestEntry testId="47355744-f9b3-7ddf-e694-1d993a4aff04" executionId="21f7c99c-eea2-46d6-b03b-357e42ca7dc4" testListId="8c84fa94-04c1-424b-9868-57a2d4851a1d" />
    <TestEntry testId="7aa91dbc-bf30-d8dc-2e2c-67540148b539" executionId="6e3a0ed7-1b49-4371-920b-946c2b3ba5de" testListId="8c84fa94-04c1-424b-9868-57a2d4851a1d" />
    <TestEntry testId="806e8973-81b6-8790-7470-23437b085dfa" executionId="75b0930f-88f9-4bad-b808-2d8f46745b3a" testListId="8c84fa94-04c1-424b-9868-57a2d4851a1d" />
    <TestEntry testId="9df1575e-a82a-a791-2d6a-6724eae7cc43" executionId="f1221422-35a2-42ee-a2da-882d7fdcf4bc" testListId="8c84fa94-04c1-424b-9868-57a2d4851a1d" />
    <TestEntry testId="b00b8de3-a232-5c13-f763-f9655213c826" executionId="e988707f-bade-45a9-bbad-76248ed0ba1d" testListId="8c84fa94-04c1-424b-9868-57a2d4851a1d" />
    <TestEntry testId="d691d167-395e-77cd-bd5c-db1e0eb70640" executionId="deac7703-bc3a-404b-86c3-00655be9f561" testListId="8c84fa94-04c1-424b-9868-57a2d4851a1d" />
    <TestEntry testId="d9452e47-f6d3-fd21-14d3-de11b83794de" executionId="30355c43-4a39-41f3-871f-c7e1a1fa96f7" testListId="8c84fa94-04c1-424b-9868-57a2d4851a1d" />
    <TestEntry testId="db1faccf-a701-0d7d-e8da-06f4be234fc3" executionId="2d9ff9ee-72db-4c5b-810c-37e5e6030133" testListId="8c84fa94-04c1-424b-9868-57a2d4851a1d" />
    <TestEntry testId="f7f977c7-b1c5-b0a6-f983-8fb2c58ca403" executionId="d62de357-18f3-4532-8a60-699924e202c7" testListId="8c84fa94-04c1-424b-9868-57a2d4851a1d" />
  </TestEntries>
  <Results>
    <UnitTestResult executionId="765f104b-0263-4467-b05f-30afc723f38f" testId="0d9c70f7-77dc-7cc2-5ad5-e6c93da95a85" testName="GenerateSubsetsTest" computerName="OMAR-PC" duration="00:00:00.2446483" startTime="2012-11-21T17:08:40.7110177+02:00" endTime="2012-11-21T17:08:41.2550488+02:00" testType="13cdc9d9-ddb5-4fa4-a97d-d965ccfc6d4b" outcome="Passed" testListId="8c84fa94-04c1-424b-9868-57a2d4851a1d" relativeResultsDirectory="765f104b-0263-4467-b05f-30afc723f38f">
    </UnitTestResult>
    <UnitTestResult executionId="f1a7627a-bcbf-4205-911c-c5d1335d4e5d" testId="11e29e37-ee22-7d4c-b79d-dcd1859ee1d8" testName="GenerateSubsetsRecursiveTest" computerName="OMAR-PC" duration="00:00:00.0014412" startTime="2012-11-21T17:08:41.2600491+02:00" endTime="2012-11-21T17:08:41.2680496+02:00" testType="13cdc9d9-ddb5-4fa4-a97d-d965ccfc6d4b" outcome="Passed" testListId="8c84fa94-04c1-424b-9868-57a2d4851a1d" relativeResultsDirectory="f1a7627a-bcbf-4205-911c-c5d1335d4e5d">
    </UnitTestResult>
    <UnitTestResult executionId="da4f8bbc-12b5-43a4-b168-86861517c03a" testId="3db3f769-84d0-6e9f-d9cf-0f244a128d3e" testName="GenerateCandidate_DifferentFirstElementTest" computerName="OMAR-PC" duration="00:00:00.0018485" startTime="2012-11-21T17:08:41.2700497+02:00" endTime="2012-11-21T17:08:41.2780501+02:00" testType="13cdc9d9-ddb5-4fa4-a97d-d965ccfc6d4b" outcome="Passed" testListId="8c84fa94-04c1-424b-9868-57a2d4851a1d" relativeResultsDirectory="da4f8bbc-12b5-43a4-b168-86861517c03a">
    </UnitTestResult>
    <UnitTestResult executionId="21f7c99c-eea2-46d6-b03b-357e42ca7dc4" testId="47355744-f9b3-7ddf-e694-1d993a4aff04" testName="CheckIsSubsetTest" computerName="OMAR-PC" duration="00:00:00.0018158" startTime="2012-11-21T17:08:41.2830504+02:00" endTime="2012-11-21T17:08:41.2880507+02:00" testType="13cdc9d9-ddb5-4fa4-a97d-d965ccfc6d4b" outcome="Passed" testListId="8c84fa94-04c1-424b-9868-57a2d4851a1d" relativeResultsDirectory="21f7c99c-eea2-46d6-b03b-357e42ca7dc4">
    </UnitTestResult>
    <UnitTestResult executionId="6e3a0ed7-1b49-4371-920b-946c2b3ba5de" testId="7aa91dbc-bf30-d8dc-2e2c-67540148b539" testName="GenerateCandidate_SameFirstElementTest" computerName="OMAR-PC" duration="00:00:00.0004881" startTime="2012-11-21T17:08:41.2910509+02:00" endTime="2012-11-21T17:08:41.2960512+02:00" testType="13cdc9d9-ddb5-4fa4-a97d-d965ccfc6d4b" outcome="Passed" testListId="8c84fa94-04c1-424b-9868-57a2d4851a1d" relativeResultsDirectory="6e3a0ed7-1b49-4371-920b-946c2b3ba5de">
    </UnitTestResult>
    <UnitTestResult executionId="75b0930f-88f9-4bad-b808-2d8f46745b3a" testId="806e8973-81b6-8790-7470-23437b085dfa" testName="GenerateCandidatesTest" computerName="OMAR-PC" duration="00:00:00.0034095" startTime="2012-11-21T17:08:41.3000514+02:00" endTime="2012-11-21T17:08:41.3070518+02:00" testType="13cdc9d9-ddb5-4fa4-a97d-d965ccfc6d4b" outcome="Passed" testListId="8c84fa94-04c1-424b-9868-57a2d4851a1d" relativeResultsDirectory="75b0930f-88f9-4bad-b808-2d8f46745b3a">
    </UnitTestResult>
    <UnitTestResult executionId="f1221422-35a2-42ee-a2da-882d7fdcf4bc" testId="9df1575e-a82a-a791-2d6a-6724eae7cc43" testName="SolveTest" computerName="OMAR-PC" duration="00:00:00.0148271" startTime="2012-11-21T17:08:41.3090519+02:00" endTime="2012-11-21T17:08:41.3280530+02:00" testType="13cdc9d9-ddb5-4fa4-a97d-d965ccfc6d4b" outcome="Passed" testListId="8c84fa94-04c1-424b-9868-57a2d4851a1d" relativeResultsDirectory="f1221422-35a2-42ee-a2da-882d7fdcf4bc">
    </UnitTestResult>
    <UnitTestResult executionId="e988707f-bade-45a9-bbad-76248ed0ba1d" testId="b00b8de3-a232-5c13-f763-f9655213c826" testName="GetFrequentItemsTest" computerName="OMAR-PC" duration="00:00:00.0020568" startTime="2012-11-21T17:08:41.3330533+02:00" endTime="2012-11-21T17:08:41.3390536+02:00" testType="13cdc9d9-ddb5-4fa4-a97d-d965ccfc6d4b" outcome="Passed" testListId="8c84fa94-04c1-424b-9868-57a2d4851a1d" relativeResultsDirectory="e988707f-bade-45a9-bbad-76248ed0ba1d">
    </UnitTestResult>
    <UnitTestResult executionId="deac7703-bc3a-404b-86c3-00655be9f561" testId="d691d167-395e-77cd-bd5c-db1e0eb70640" testName="SortTest" computerName="OMAR-PC" duration="00:00:00.0004611" startTime="2012-11-21T17:08:41.3440539+02:00" endTime="2012-11-21T17:08:41.3470541+02:00" testType="13cdc9d9-ddb5-4fa4-a97d-d965ccfc6d4b" outcome="Passed" testListId="8c84fa94-04c1-424b-9868-57a2d4851a1d" relativeResultsDirectory="deac7703-bc3a-404b-86c3-00655be9f561">
    </UnitTestResult>
    <UnitTestResult executionId="30355c43-4a39-41f3-871f-c7e1a1fa96f7" testId="d9452e47-f6d3-fd21-14d3-de11b83794de" testName="GetL1FrequentItemsTest" computerName="OMAR-PC" duration="00:00:00.0012915" startTime="2012-11-21T17:08:41.3510543+02:00" endTime="2012-11-21T17:08:41.3560546+02:00" testType="13cdc9d9-ddb5-4fa4-a97d-d965ccfc6d4b" outcome="Passed" testListId="8c84fa94-04c1-424b-9868-57a2d4851a1d" relativeResultsDirectory="30355c43-4a39-41f3-871f-c7e1a1fa96f7">
    </UnitTestResult>
    <UnitTestResult executionId="2d9ff9ee-72db-4c5b-810c-37e5e6030133" testId="db1faccf-a701-0d7d-e8da-06f4be234fc3" testName="GenerateCandidate_SingleElementsTest" computerName="OMAR-PC" duration="00:00:00.0004384" startTime="2012-11-21T17:08:41.3600548+02:00" endTime="2012-11-21T17:08:41.3630550+02:00" testType="13cdc9d9-ddb5-4fa4-a97d-d965ccfc6d4b" outcome="Passed" testListId="8c84fa94-04c1-424b-9868-57a2d4851a1d" relativeResultsDirectory="2d9ff9ee-72db-4c5b-810c-37e5e6030133">
    </UnitTestResult>
    <UnitTestResult executionId="d62de357-18f3-4532-8a60-699924e202c7" testId="f7f977c7-b1c5-b0a6-f983-8fb2c58ca403" testName="GetSupportTest" computerName="OMAR-PC" duration="00:00:00.0008657" startTime="2012-11-21T17:08:41.3680553+02:00" endTime="2012-11-21T17:08:41.3720555+02:00" testType="13cdc9d9-ddb5-4fa4-a97d-d965ccfc6d4b" outcome="Passed" testListId="8c84fa94-04c1-424b-9868-57a2d4851a1d" relativeResultsDirectory="d62de357-18f3-4532-8a60-699924e202c7">
    </UnitTestResult>
  </Results>
</TestRun>